[0.225s] DEBUG:colcon:Command line arguments: ['/usr/bin/colcon', 'build', '--symlink-install']
[0.225s] DEBUG:colcon:Parsed command line arguments: Namespace(ament_cmake_args=None, base_paths=['.'], build_base='build', catkin_cmake_args=None, catkin_skip_building_tests=False, cmake_args=None, cmake_clean_cache=False, cmake_clean_first=False, cmake_force_configure=False, cmake_target=None, cmake_target_skip_unavailable=False, continue_on_error=False, event_handlers=None, executor='parallel', ignore_user_meta=False, install_base='install', log_base=None, log_level=None, main=<bound method BuildVerb.main of <colcon_core.verb.build.BuildVerb object at 0x7f32dbf44898>>, merge_install=False, metas=['./colcon.meta'], packages_above=None, packages_above_and_dependencies=None, packages_above_depth=None, packages_end=None, packages_ignore=None, packages_ignore_regex=None, packages_select=None, packages_select_build_failed=False, packages_select_by_dep=None, packages_select_regex=None, packages_select_test_failures=False, packages_skip=None, packages_skip_build_finished=False, packages_skip_by_dep=None, packages_skip_regex=None, packages_skip_test_passed=False, packages_skip_up_to=None, packages_start=None, packages_up_to=None, packages_up_to_regex=None, parallel_workers=8, paths=None, symlink_install=True, test_result_base=None, verb_extension=<colcon_core.verb.build.BuildVerb object at 0x7f32dbf44898>, verb_name='build', verb_parser=<colcon_defaults.argument_parser.defaults.DefaultArgumentsDecorator object at 0x7f32dbf44be0>)
[0.257s] Level 1:colcon.colcon_core.package_discovery:discover_packages(colcon_meta) check parameters
[0.257s] Level 1:colcon.colcon_core.package_discovery:discover_packages(recursive) check parameters
[0.257s] Level 1:colcon.colcon_core.package_discovery:discover_packages(ignore) check parameters
[0.258s] Level 1:colcon.colcon_core.package_discovery:discover_packages(path) check parameters
[0.258s] Level 1:colcon.colcon_core.package_discovery:discover_packages(colcon_meta) discover
[0.258s] Level 1:colcon.colcon_core.package_discovery:discover_packages(recursive) discover
[0.258s] INFO:colcon.colcon_core.package_discovery:Crawling recursively for packages in '/home/koki/ros2_studies_ws'
[0.258s] Level 1:colcon.colcon_core.package_identification:_identify(.) by extensions ['ignore', 'ignore_ament_install']
[0.258s] Level 1:colcon.colcon_core.package_identification:_identify(.) by extension 'ignore'
[0.258s] Level 1:colcon.colcon_core.package_identification:_identify(.) by extension 'ignore_ament_install'
[0.258s] Level 1:colcon.colcon_core.package_identification:_identify(.) by extensions ['colcon_pkg']
[0.258s] Level 1:colcon.colcon_core.package_identification:_identify(.) by extension 'colcon_pkg'
[0.258s] Level 1:colcon.colcon_core.package_identification:_identify(.) by extensions ['colcon_meta']
[0.258s] Level 1:colcon.colcon_core.package_identification:_identify(.) by extension 'colcon_meta'
[0.258s] Level 1:colcon.colcon_core.package_identification:_identify(.) by extensions ['ros']
[0.258s] Level 1:colcon.colcon_core.package_identification:_identify(.) by extension 'ros'
[0.269s] Level 1:colcon.colcon_core.package_identification:_identify(.) by extensions ['cmake', 'python']
[0.269s] Level 1:colcon.colcon_core.package_identification:_identify(.) by extension 'cmake'
[0.269s] Level 1:colcon.colcon_core.package_identification:_identify(.) by extension 'python'
[0.269s] Level 1:colcon.colcon_core.package_identification:_identify(.) by extensions ['python_setup_py']
[0.269s] Level 1:colcon.colcon_core.package_identification:_identify(.) by extension 'python_setup_py'
[0.269s] Level 1:colcon.colcon_core.package_identification:_identify(build) by extensions ['ignore', 'ignore_ament_install']
[0.269s] Level 1:colcon.colcon_core.package_identification:_identify(build) by extension 'ignore'
[0.269s] Level 1:colcon.colcon_core.package_identification:_identify(build) ignored
[0.270s] Level 1:colcon.colcon_core.package_identification:_identify(install) by extensions ['ignore', 'ignore_ament_install']
[0.270s] Level 1:colcon.colcon_core.package_identification:_identify(install) by extension 'ignore'
[0.270s] Level 1:colcon.colcon_core.package_identification:_identify(install) ignored
[0.270s] Level 1:colcon.colcon_core.package_identification:_identify(log) by extensions ['ignore', 'ignore_ament_install']
[0.270s] Level 1:colcon.colcon_core.package_identification:_identify(log) by extension 'ignore'
[0.270s] Level 1:colcon.colcon_core.package_identification:_identify(log) ignored
[0.270s] Level 1:colcon.colcon_core.package_identification:_identify(minimal_class_node) by extensions ['ignore', 'ignore_ament_install']
[0.270s] Level 1:colcon.colcon_core.package_identification:_identify(minimal_class_node) by extension 'ignore'
[0.270s] Level 1:colcon.colcon_core.package_identification:_identify(minimal_class_node) by extension 'ignore_ament_install'
[0.270s] Level 1:colcon.colcon_core.package_identification:_identify(minimal_class_node) by extensions ['colcon_pkg']
[0.270s] Level 1:colcon.colcon_core.package_identification:_identify(minimal_class_node) by extension 'colcon_pkg'
[0.270s] Level 1:colcon.colcon_core.package_identification:_identify(minimal_class_node) by extensions ['colcon_meta']
[0.270s] Level 1:colcon.colcon_core.package_identification:_identify(minimal_class_node) by extension 'colcon_meta'
[0.270s] Level 1:colcon.colcon_core.package_identification:_identify(minimal_class_node) by extensions ['ros']
[0.270s] Level 1:colcon.colcon_core.package_identification:_identify(minimal_class_node) by extension 'ros'
[0.272s] DEBUG:colcon.colcon_core.package_identification:Package 'minimal_class_node' with type 'ros.ament_cmake' and name 'minimal_class_node'
[0.272s] Level 1:colcon.colcon_core.package_identification:_identify(ros2_demo_py) by extensions ['ignore', 'ignore_ament_install']
[0.272s] Level 1:colcon.colcon_core.package_identification:_identify(ros2_demo_py) by extension 'ignore'
[0.272s] Level 1:colcon.colcon_core.package_identification:_identify(ros2_demo_py) by extension 'ignore_ament_install'
[0.272s] Level 1:colcon.colcon_core.package_identification:_identify(ros2_demo_py) by extensions ['colcon_pkg']
[0.272s] Level 1:colcon.colcon_core.package_identification:_identify(ros2_demo_py) by extension 'colcon_pkg'
[0.272s] Level 1:colcon.colcon_core.package_identification:_identify(ros2_demo_py) by extensions ['colcon_meta']
[0.273s] Level 1:colcon.colcon_core.package_identification:_identify(ros2_demo_py) by extension 'colcon_meta'
[0.273s] Level 1:colcon.colcon_core.package_identification:_identify(ros2_demo_py) by extensions ['ros']
[0.273s] Level 1:colcon.colcon_core.package_identification:_identify(ros2_demo_py) by extension 'ros'
[0.273s] DEBUG:colcon.colcon_core.package_identification:Package 'ros2_demo_py' with type 'ros.ament_python' and name 'ros2_demo_py'
[0.273s] Level 1:colcon.colcon_core.package_identification:_identify(ros2_test) by extensions ['ignore', 'ignore_ament_install']
[0.273s] Level 1:colcon.colcon_core.package_identification:_identify(ros2_test) by extension 'ignore'
[0.273s] Level 1:colcon.colcon_core.package_identification:_identify(ros2_test) by extension 'ignore_ament_install'
[0.273s] Level 1:colcon.colcon_core.package_identification:_identify(ros2_test) by extensions ['colcon_pkg']
[0.274s] Level 1:colcon.colcon_core.package_identification:_identify(ros2_test) by extension 'colcon_pkg'
[0.274s] Level 1:colcon.colcon_core.package_identification:_identify(ros2_test) by extensions ['colcon_meta']
[0.274s] Level 1:colcon.colcon_core.package_identification:_identify(ros2_test) by extension 'colcon_meta'
[0.274s] Level 1:colcon.colcon_core.package_identification:_identify(ros2_test) by extensions ['ros']
[0.274s] Level 1:colcon.colcon_core.package_identification:_identify(ros2_test) by extension 'ros'
[0.274s] DEBUG:colcon.colcon_core.package_identification:Package 'ros2_test' with type 'ros.ament_cmake' and name 'ros2_test'
[0.274s] Level 1:colcon.colcon_core.package_discovery:discover_packages(recursive) using defaults
[0.274s] Level 1:colcon.colcon_core.package_discovery:discover_packages(ignore) discover
[0.274s] Level 1:colcon.colcon_core.package_discovery:discover_packages(ignore) using defaults
[0.274s] Level 1:colcon.colcon_core.package_discovery:discover_packages(path) discover
[0.274s] Level 1:colcon.colcon_core.package_discovery:discover_packages(path) using defaults
[0.282s] Level 5:colcon.colcon_core.verb:set package 'minimal_class_node' build argument 'cmake_args' from command line to 'None'
[0.282s] Level 5:colcon.colcon_core.verb:set package 'minimal_class_node' build argument 'cmake_target' from command line to 'None'
[0.282s] Level 5:colcon.colcon_core.verb:set package 'minimal_class_node' build argument 'cmake_target_skip_unavailable' from command line to 'False'
[0.282s] Level 5:colcon.colcon_core.verb:set package 'minimal_class_node' build argument 'cmake_clean_cache' from command line to 'False'
[0.282s] Level 5:colcon.colcon_core.verb:set package 'minimal_class_node' build argument 'cmake_clean_first' from command line to 'False'
[0.282s] Level 5:colcon.colcon_core.verb:set package 'minimal_class_node' build argument 'cmake_force_configure' from command line to 'False'
[0.282s] Level 5:colcon.colcon_core.verb:set package 'minimal_class_node' build argument 'ament_cmake_args' from command line to 'None'
[0.282s] Level 5:colcon.colcon_core.verb:set package 'minimal_class_node' build argument 'catkin_cmake_args' from command line to 'None'
[0.282s] Level 5:colcon.colcon_core.verb:set package 'minimal_class_node' build argument 'catkin_skip_building_tests' from command line to 'False'
[0.282s] DEBUG:colcon.colcon_core.verb:Building package 'minimal_class_node' with the following arguments: {'ament_cmake_args': None, 'build_base': '/home/koki/ros2_studies_ws/build/minimal_class_node', 'catkin_cmake_args': None, 'catkin_skip_building_tests': False, 'cmake_args': None, 'cmake_clean_cache': False, 'cmake_clean_first': False, 'cmake_force_configure': False, 'cmake_target': None, 'cmake_target_skip_unavailable': False, 'install_base': '/home/koki/ros2_studies_ws/install/minimal_class_node', 'merge_install': False, 'path': '/home/koki/ros2_studies_ws/minimal_class_node', 'symlink_install': True, 'test_result_base': None}
[0.286s] Level 5:colcon.colcon_core.verb:set package 'ros2_demo_py' build argument 'cmake_args' from command line to 'None'
[0.287s] Level 5:colcon.colcon_core.verb:set package 'ros2_demo_py' build argument 'cmake_target' from command line to 'None'
[0.287s] Level 5:colcon.colcon_core.verb:set package 'ros2_demo_py' build argument 'cmake_target_skip_unavailable' from command line to 'False'
[0.287s] Level 5:colcon.colcon_core.verb:set package 'ros2_demo_py' build argument 'cmake_clean_cache' from command line to 'False'
[0.287s] Level 5:colcon.colcon_core.verb:set package 'ros2_demo_py' build argument 'cmake_clean_first' from command line to 'False'
[0.287s] Level 5:colcon.colcon_core.verb:set package 'ros2_demo_py' build argument 'cmake_force_configure' from command line to 'False'
[0.287s] Level 5:colcon.colcon_core.verb:set package 'ros2_demo_py' build argument 'ament_cmake_args' from command line to 'None'
[0.287s] Level 5:colcon.colcon_core.verb:set package 'ros2_demo_py' build argument 'catkin_cmake_args' from command line to 'None'
[0.287s] Level 5:colcon.colcon_core.verb:set package 'ros2_demo_py' build argument 'catkin_skip_building_tests' from command line to 'False'
[0.287s] DEBUG:colcon.colcon_core.verb:Building package 'ros2_demo_py' with the following arguments: {'ament_cmake_args': None, 'build_base': '/home/koki/ros2_studies_ws/build/ros2_demo_py', 'catkin_cmake_args': None, 'catkin_skip_building_tests': False, 'cmake_args': None, 'cmake_clean_cache': False, 'cmake_clean_first': False, 'cmake_force_configure': False, 'cmake_target': None, 'cmake_target_skip_unavailable': False, 'install_base': '/home/koki/ros2_studies_ws/install/ros2_demo_py', 'merge_install': False, 'path': '/home/koki/ros2_studies_ws/ros2_demo_py', 'symlink_install': True, 'test_result_base': None}
[0.291s] Level 5:colcon.colcon_core.verb:set package 'ros2_test' build argument 'cmake_args' from command line to 'None'
[0.291s] Level 5:colcon.colcon_core.verb:set package 'ros2_test' build argument 'cmake_target' from command line to 'None'
[0.291s] Level 5:colcon.colcon_core.verb:set package 'ros2_test' build argument 'cmake_target_skip_unavailable' from command line to 'False'
[0.291s] Level 5:colcon.colcon_core.verb:set package 'ros2_test' build argument 'cmake_clean_cache' from command line to 'False'
[0.291s] Level 5:colcon.colcon_core.verb:set package 'ros2_test' build argument 'cmake_clean_first' from command line to 'False'
[0.291s] Level 5:colcon.colcon_core.verb:set package 'ros2_test' build argument 'cmake_force_configure' from command line to 'False'
[0.291s] Level 5:colcon.colcon_core.verb:set package 'ros2_test' build argument 'ament_cmake_args' from command line to 'None'
[0.291s] Level 5:colcon.colcon_core.verb:set package 'ros2_test' build argument 'catkin_cmake_args' from command line to 'None'
[0.291s] Level 5:colcon.colcon_core.verb:set package 'ros2_test' build argument 'catkin_skip_building_tests' from command line to 'False'
[0.291s] DEBUG:colcon.colcon_core.verb:Building package 'ros2_test' with the following arguments: {'ament_cmake_args': None, 'build_base': '/home/koki/ros2_studies_ws/build/ros2_test', 'catkin_cmake_args': None, 'catkin_skip_building_tests': False, 'cmake_args': None, 'cmake_clean_cache': False, 'cmake_clean_first': False, 'cmake_force_configure': False, 'cmake_target': None, 'cmake_target_skip_unavailable': False, 'install_base': '/home/koki/ros2_studies_ws/install/ros2_test', 'merge_install': False, 'path': '/home/koki/ros2_studies_ws/ros2_test', 'symlink_install': True, 'test_result_base': None}
[0.291s] INFO:colcon.colcon_core.executor:Executing jobs using 'parallel' executor
[0.294s] DEBUG:colcon.colcon_parallel_executor.executor.parallel:run_until_complete
[0.301s] INFO:colcon.colcon_ros.task.ament_cmake.build:Building ROS package in '/home/koki/ros2_studies_ws/minimal_class_node' with build type 'ament_cmake'
[0.307s] INFO:colcon.colcon_core.plugin_system:Skipping extension 'colcon_core.shell.bat': Not used on non-Windows systems
[0.307s] INFO:colcon.colcon_cmake.task.cmake.build:Building CMake package in '/home/koki/ros2_studies_ws/minimal_class_node'
[0.308s] INFO:colcon.colcon_core.shell:Skip shell extension 'powershell' for command environment: Not usable outside of PowerShell
[0.309s] DEBUG:colcon.colcon_core.shell:Skip shell extension 'dsv' for command environment
[0.330s] INFO:colcon.colcon_ros.task.ament_python.build:Building ROS package in '/home/koki/ros2_studies_ws/ros2_demo_py' with build type 'ament_python'
[0.330s] Level 1:colcon.colcon_core.shell:create_environment_hook('ros2_demo_py', 'ament_prefix_path')
[0.331s] INFO:colcon.colcon_core.shell:Creating environment hook '/home/koki/ros2_studies_ws/install/ros2_demo_py/share/ros2_demo_py/hook/ament_prefix_path.ps1'
[0.332s] INFO:colcon.colcon_core.shell:Creating environment descriptor '/home/koki/ros2_studies_ws/install/ros2_demo_py/share/ros2_demo_py/hook/ament_prefix_path.dsv'
[0.333s] INFO:colcon.colcon_core.shell:Creating environment hook '/home/koki/ros2_studies_ws/install/ros2_demo_py/share/ros2_demo_py/hook/ament_prefix_path.sh'
[0.334s] INFO:colcon.colcon_core.shell:Skip shell extension 'powershell' for command environment: Not usable outside of PowerShell
[0.334s] DEBUG:colcon.colcon_core.shell:Skip shell extension 'dsv' for command environment
[0.354s] INFO:colcon.colcon_ros.task.ament_cmake.build:Building ROS package in '/home/koki/ros2_studies_ws/ros2_test' with build type 'ament_cmake'
[0.355s] INFO:colcon.colcon_cmake.task.cmake.build:Building CMake package in '/home/koki/ros2_studies_ws/ros2_test'
[0.356s] INFO:colcon.colcon_core.shell:Skip shell extension 'powershell' for command environment: Not usable outside of PowerShell
[0.356s] DEBUG:colcon.colcon_core.shell:Skip shell extension 'dsv' for command environment
[0.382s] DEBUG:colcon.colcon_core.event_handler.log_command:Invoking command in '/home/koki/ros2_studies_ws/build/minimal_class_node': CMAKE_PREFIX_PATH=${CMAKE_PREFIX_PATH}:/home/koki/ros2_dashing/install/ros2bag:/home/koki/ros2_dashing/install/topic_monitor:/home/koki/ros2_dashing/install/sros2:/home/koki/ros2_dashing/install/rqt_topic:/home/koki/ros2_dashing/install/rqt_action:/home/koki/ros2_dashing/install/rqt:/home/koki/ros2_dashing/install/rqt_graph:/home/koki/ros2_dashing/install/rqt_gui_py:/home/koki/ros2_dashing/install/rqt_gui:/home/koki/ros2_dashing/install/ros2topic:/home/koki/ros2_dashing/install/ros2test:/home/koki/ros2_dashing/install/ros2component:/home/koki/ros2_dashing/install/ros2param:/home/koki/ros2_dashing/install/ros2lifecycle:/home/koki/ros2_dashing/install/ros2service:/home/koki/ros2_dashing/install/ros2srv:/home/koki/ros2_dashing/install/ros2run:/home/koki/ros2_dashing/install/ros2launch:/home/koki/ros2_dashing/install/ros2pkg:/home/koki/ros2_dashing/install/ros2node:/home/koki/ros2_dashing/install/ros2multicast:/home/koki/ros2_dashing/install/ros2msg:/home/koki/ros2_dashing/install/ros2action:/home/koki/ros2_dashing/install/ros2cli:/home/koki/ros2_dashing/install/quality_of_service_demo_py:/home/koki/ros2_dashing/install/launch_testing_ros:/home/koki/ros2_dashing/install/launch_ros:/home/koki/ros2_dashing/install/examples_rclpy_minimal_subscriber:/home/koki/ros2_dashing/install/examples_rclpy_minimal_service:/home/koki/ros2_dashing/install/examples_rclpy_minimal_publisher:/home/koki/ros2_dashing/install/examples_rclpy_minimal_client:/home/koki/ros2_dashing/install/examples_rclpy_minimal_action_server:/home/koki/ros2_dashing/install/examples_rclpy_minimal_action_client:/home/koki/ros2_dashing/install/examples_rclpy_executors:/home/koki/ros2_dashing/install/demo_nodes_py:/home/koki/ros2_dashing/install/ament_uncrustify:/home/koki/ros2_dashing/install/test_launch_ros:/home/koki/ros2_dashing/install/rosidl_runtime_py:/home/koki/ros2_dashing/install/launch_testing:/home/koki/ros2_dashing/install/launch:/home/koki/ros2_dashing/install/osrf_pycommon:/home/koki/ros2_dashing/install/ament_xmllint:/home/koki/ros2_dashing/install/ament_pyflakes:/home/koki/ros2_dashing/install/ament_pep8:/home/koki/ros2_dashing/install/ament_pep257:/home/koki/ros2_dashing/install/ament_pclint:/home/koki/ros2_dashing/install/ament_package:/home/koki/ros2_dashing/install/ament_lint_cmake:/home/koki/ros2_dashing/install/ament_flake8:/home/koki/ros2_dashing/install/ament_copyright:/home/koki/ros2_dashing/install/ament_lint:/home/koki/ros2_dashing/install/ament_index_python:/home/koki/ros2_dashing/install/ament_cpplint:/home/koki/ros2_dashing/install/ament_cppcheck:/home/koki/ros2_dashing/install/ament_clang_tidy:/home/koki/ros2_dashing/install/ament_clang_format /usr/bin/cmake --build /home/koki/ros2_studies_ws/build/minimal_class_node -- -j8 -l8
[0.741s] WARNING:colcon.colcon_ros.task.ament_python.build:Package 'ros2_demo_py' doesn't explicitly install a marker in the package index (colcon-ros currently does it implicitly but that fallback will be removed in the future)
[0.741s] WARNING:colcon.colcon_ros.task.ament_python.build:Package 'ros2_demo_py' doesn't explicitly install the 'package.xml' file (colcon-ros currently does it implicitly but that fallback will be removed in the future)
[0.741s] INFO:colcon.colcon_core.task.python.build:Building Python package in '/home/koki/ros2_studies_ws/ros2_demo_py'
[0.743s] INFO:colcon.colcon_core.shell:Skip shell extension 'powershell' for command environment: Not usable outside of PowerShell
[0.743s] DEBUG:colcon.colcon_core.shell:Skip shell extension 'dsv' for command environment
[0.769s] DEBUG:colcon.colcon_core.event_handler.log_command:Invoking command in '/home/koki/ros2_studies_ws/build/ros2_test': CMAKE_PREFIX_PATH=${CMAKE_PREFIX_PATH}:/home/koki/ros2_dashing/install/ros2bag:/home/koki/ros2_dashing/install/topic_monitor:/home/koki/ros2_dashing/install/sros2:/home/koki/ros2_dashing/install/rqt_topic:/home/koki/ros2_dashing/install/rqt_action:/home/koki/ros2_dashing/install/rqt:/home/koki/ros2_dashing/install/rqt_graph:/home/koki/ros2_dashing/install/rqt_gui_py:/home/koki/ros2_dashing/install/rqt_gui:/home/koki/ros2_dashing/install/ros2topic:/home/koki/ros2_dashing/install/ros2test:/home/koki/ros2_dashing/install/ros2component:/home/koki/ros2_dashing/install/ros2param:/home/koki/ros2_dashing/install/ros2lifecycle:/home/koki/ros2_dashing/install/ros2service:/home/koki/ros2_dashing/install/ros2srv:/home/koki/ros2_dashing/install/ros2run:/home/koki/ros2_dashing/install/ros2launch:/home/koki/ros2_dashing/install/ros2pkg:/home/koki/ros2_dashing/install/ros2node:/home/koki/ros2_dashing/install/ros2multicast:/home/koki/ros2_dashing/install/ros2msg:/home/koki/ros2_dashing/install/ros2action:/home/koki/ros2_dashing/install/ros2cli:/home/koki/ros2_dashing/install/quality_of_service_demo_py:/home/koki/ros2_dashing/install/launch_testing_ros:/home/koki/ros2_dashing/install/launch_ros:/home/koki/ros2_dashing/install/examples_rclpy_minimal_subscriber:/home/koki/ros2_dashing/install/examples_rclpy_minimal_service:/home/koki/ros2_dashing/install/examples_rclpy_minimal_publisher:/home/koki/ros2_dashing/install/examples_rclpy_minimal_client:/home/koki/ros2_dashing/install/examples_rclpy_minimal_action_server:/home/koki/ros2_dashing/install/examples_rclpy_minimal_action_client:/home/koki/ros2_dashing/install/examples_rclpy_executors:/home/koki/ros2_dashing/install/demo_nodes_py:/home/koki/ros2_dashing/install/ament_uncrustify:/home/koki/ros2_dashing/install/test_launch_ros:/home/koki/ros2_dashing/install/rosidl_runtime_py:/home/koki/ros2_dashing/install/launch_testing:/home/koki/ros2_dashing/install/launch:/home/koki/ros2_dashing/install/osrf_pycommon:/home/koki/ros2_dashing/install/ament_xmllint:/home/koki/ros2_dashing/install/ament_pyflakes:/home/koki/ros2_dashing/install/ament_pep8:/home/koki/ros2_dashing/install/ament_pep257:/home/koki/ros2_dashing/install/ament_pclint:/home/koki/ros2_dashing/install/ament_package:/home/koki/ros2_dashing/install/ament_lint_cmake:/home/koki/ros2_dashing/install/ament_flake8:/home/koki/ros2_dashing/install/ament_copyright:/home/koki/ros2_dashing/install/ament_lint:/home/koki/ros2_dashing/install/ament_index_python:/home/koki/ros2_dashing/install/ament_cpplint:/home/koki/ros2_dashing/install/ament_cppcheck:/home/koki/ros2_dashing/install/ament_clang_tidy:/home/koki/ros2_dashing/install/ament_clang_format /usr/bin/cmake --build /home/koki/ros2_studies_ws/build/ros2_test -- -j8 -l8
[0.770s] DEBUG:colcon.colcon_core.event_handler.log_command:Invoked command in '/home/koki/ros2_studies_ws/build/minimal_class_node' returned '0': CMAKE_PREFIX_PATH=${CMAKE_PREFIX_PATH}:/home/koki/ros2_dashing/install/ros2bag:/home/koki/ros2_dashing/install/topic_monitor:/home/koki/ros2_dashing/install/sros2:/home/koki/ros2_dashing/install/rqt_topic:/home/koki/ros2_dashing/install/rqt_action:/home/koki/ros2_dashing/install/rqt:/home/koki/ros2_dashing/install/rqt_graph:/home/koki/ros2_dashing/install/rqt_gui_py:/home/koki/ros2_dashing/install/rqt_gui:/home/koki/ros2_dashing/install/ros2topic:/home/koki/ros2_dashing/install/ros2test:/home/koki/ros2_dashing/install/ros2component:/home/koki/ros2_dashing/install/ros2param:/home/koki/ros2_dashing/install/ros2lifecycle:/home/koki/ros2_dashing/install/ros2service:/home/koki/ros2_dashing/install/ros2srv:/home/koki/ros2_dashing/install/ros2run:/home/koki/ros2_dashing/install/ros2launch:/home/koki/ros2_dashing/install/ros2pkg:/home/koki/ros2_dashing/install/ros2node:/home/koki/ros2_dashing/install/ros2multicast:/home/koki/ros2_dashing/install/ros2msg:/home/koki/ros2_dashing/install/ros2action:/home/koki/ros2_dashing/install/ros2cli:/home/koki/ros2_dashing/install/quality_of_service_demo_py:/home/koki/ros2_dashing/install/launch_testing_ros:/home/koki/ros2_dashing/install/launch_ros:/home/koki/ros2_dashing/install/examples_rclpy_minimal_subscriber:/home/koki/ros2_dashing/install/examples_rclpy_minimal_service:/home/koki/ros2_dashing/install/examples_rclpy_minimal_publisher:/home/koki/ros2_dashing/install/examples_rclpy_minimal_client:/home/koki/ros2_dashing/install/examples_rclpy_minimal_action_server:/home/koki/ros2_dashing/install/examples_rclpy_minimal_action_client:/home/koki/ros2_dashing/install/examples_rclpy_executors:/home/koki/ros2_dashing/install/demo_nodes_py:/home/koki/ros2_dashing/install/ament_uncrustify:/home/koki/ros2_dashing/install/test_launch_ros:/home/koki/ros2_dashing/install/rosidl_runtime_py:/home/koki/ros2_dashing/install/launch_testing:/home/koki/ros2_dashing/install/launch:/home/koki/ros2_dashing/install/osrf_pycommon:/home/koki/ros2_dashing/install/ament_xmllint:/home/koki/ros2_dashing/install/ament_pyflakes:/home/koki/ros2_dashing/install/ament_pep8:/home/koki/ros2_dashing/install/ament_pep257:/home/koki/ros2_dashing/install/ament_pclint:/home/koki/ros2_dashing/install/ament_package:/home/koki/ros2_dashing/install/ament_lint_cmake:/home/koki/ros2_dashing/install/ament_flake8:/home/koki/ros2_dashing/install/ament_copyright:/home/koki/ros2_dashing/install/ament_lint:/home/koki/ros2_dashing/install/ament_index_python:/home/koki/ros2_dashing/install/ament_cpplint:/home/koki/ros2_dashing/install/ament_cppcheck:/home/koki/ros2_dashing/install/ament_clang_tidy:/home/koki/ros2_dashing/install/ament_clang_format /usr/bin/cmake --build /home/koki/ros2_studies_ws/build/minimal_class_node -- -j8 -l8
[0.896s] DEBUG:colcon.colcon_parallel_executor.executor.parallel:closing loop
[0.897s] DEBUG:colcon.colcon_parallel_executor.executor.parallel:loop closed
[0.897s] DEBUG:colcon.colcon_parallel_executor.executor.parallel:run_until_complete finished with 'Provided py_modules 'demo.py' does not exist'
[0.897s] DEBUG:colcon.colcon_core.event_reactor:joining thread
[0.909s] INFO:colcon.colcon_core.plugin_system:Skipping extension 'colcon_notification.desktop_notification.terminal_notifier': Not used on non-Darwin systems
[0.909s] INFO:colcon.colcon_core.plugin_system:Skipping extension 'colcon_notification.desktop_notification.win32': Not used on non-Windows systems
[0.910s] INFO:colcon.colcon_notification.desktop_notification:Sending desktop notification using 'notify2'
[0.912s] DEBUG:colcon.colcon_core.event_reactor:joined thread
[0.914s] INFO:colcon.colcon_core.shell:Creating prefix script '/home/koki/ros2_studies_ws/install/local_setup.ps1'
[0.916s] INFO:colcon.colcon_core.shell:Creating prefix util module '/home/koki/ros2_studies_ws/install/_local_setup_util_ps1.py'
[0.917s] INFO:colcon.colcon_core.shell:Creating prefix chain script '/home/koki/ros2_studies_ws/install/setup.ps1'
[0.931s] INFO:colcon.colcon_core.shell:Creating prefix script '/home/koki/ros2_studies_ws/install/local_setup.sh'
[0.932s] INFO:colcon.colcon_core.shell:Creating prefix util module '/home/koki/ros2_studies_ws/install/_local_setup_util_sh.py'
[0.932s] INFO:colcon.colcon_core.shell:Creating prefix chain script '/home/koki/ros2_studies_ws/install/setup.sh'
[0.944s] INFO:colcon.colcon_core.shell:Creating prefix script '/home/koki/ros2_studies_ws/install/local_setup.bash'
[0.945s] INFO:colcon.colcon_core.shell:Creating prefix chain script '/home/koki/ros2_studies_ws/install/setup.bash'
[0.956s] INFO:colcon.colcon_core.shell:Creating prefix script '/home/koki/ros2_studies_ws/install/local_setup.zsh'
[0.956s] INFO:colcon.colcon_core.shell:Creating prefix chain script '/home/koki/ros2_studies_ws/install/setup.zsh'
