[0.085s] Invoking command in '/home/koki/ros2_studies_ws/build/example_interfaces': CMAKE_PREFIX_PATH=${CMAKE_PREFIX_PATH}:/home/koki/ros2_studies_ws/install/ros2_demo_py:/opt/ros/dashing:/home/koki/ros2_dashing/install/ros2bag:/home/koki/ros2_dashing/install/topic_monitor:/home/koki/ros2_dashing/install/sros2:/home/koki/ros2_dashing/install/rqt_topic:/home/koki/ros2_dashing/install/rqt_action:/home/koki/ros2_dashing/install/rqt:/home/koki/ros2_dashing/install/rqt_graph:/home/koki/ros2_dashing/install/rqt_gui_py:/home/koki/ros2_dashing/install/rqt_gui:/home/koki/ros2_dashing/install/ros2topic:/home/koki/ros2_dashing/install/ros2test:/home/koki/ros2_dashing/install/ros2component:/home/koki/ros2_dashing/install/ros2param:/home/koki/ros2_dashing/install/ros2lifecycle:/home/koki/ros2_dashing/install/ros2service:/home/koki/ros2_dashing/install/ros2srv:/home/koki/ros2_dashing/install/ros2run:/home/koki/ros2_dashing/install/ros2launch:/home/koki/ros2_dashing/install/ros2pkg:/home/koki/ros2_dashing/install/ros2node:/home/koki/ros2_dashing/install/ros2multicast:/home/koki/ros2_dashing/install/ros2msg:/home/koki/ros2_dashing/install/ros2action:/home/koki/ros2_dashing/install/ros2cli:/home/koki/ros2_dashing/install/quality_of_service_demo_py:/home/koki/ros2_dashing/install/launch_testing_ros:/home/koki/ros2_dashing/install/launch_ros:/home/koki/ros2_dashing/install/examples_rclpy_minimal_subscriber:/home/koki/ros2_dashing/install/examples_rclpy_minimal_service:/home/koki/ros2_dashing/install/examples_rclpy_minimal_publisher:/home/koki/ros2_dashing/install/examples_rclpy_minimal_client:/home/koki/ros2_dashing/install/examples_rclpy_minimal_action_server:/home/koki/ros2_dashing/install/examples_rclpy_minimal_action_client:/home/koki/ros2_dashing/install/examples_rclpy_executors:/home/koki/ros2_dashing/install/demo_nodes_py:/home/koki/ros2_dashing/install/ament_uncrustify:/home/koki/ros2_dashing/install/test_launch_ros:/home/koki/ros2_dashing/install/rosidl_runtime_py:/home/koki/ros2_dashing/install/launch_testing:/home/koki/ros2_dashing/install/launch:/home/koki/ros2_dashing/install/osrf_pycommon:/home/koki/ros2_dashing/install/ament_xmllint:/home/koki/ros2_dashing/install/ament_pyflakes:/home/koki/ros2_dashing/install/ament_pep8:/home/koki/ros2_dashing/install/ament_pep257:/home/koki/ros2_dashing/install/ament_pclint:/home/koki/ros2_dashing/install/ament_package:/home/koki/ros2_dashing/install/ament_lint_cmake:/home/koki/ros2_dashing/install/ament_flake8:/home/koki/ros2_dashing/install/ament_copyright:/home/koki/ros2_dashing/install/ament_lint:/home/koki/ros2_dashing/install/ament_index_python:/home/koki/ros2_dashing/install/ament_cpplint:/home/koki/ros2_dashing/install/ament_cppcheck:/home/koki/ros2_dashing/install/ament_clang_tidy:/home/koki/ros2_dashing/install/ament_clang_format /usr/bin/cmake /home/koki/ros2_studies_ws/example_interfaces -DCMAKE_INSTALL_PREFIX=/home/koki/ros2_studies_ws/install/example_interfaces
[0.118s] -- Found ament_cmake: 0.7.5 (/home/koki/ros2_dashing/install/ament_cmake/share/ament_cmake/cmake)
[0.227s] -- Found PythonInterp: /usr/bin/python3 (found suitable version "3.6.9", minimum required is "3") 
[0.227s] -- Using PYTHON_EXECUTABLE: /usr/bin/python3
[0.553s] -- Override CMake install command with custom implementation using symlinks instead of copying resources
[0.559s] -- Found rosidl_default_generators: 0.7.0 (/home/koki/ros2_dashing/install/rosidl_default_generators/share/rosidl_default_generators/cmake)
[0.710s] -- Found rosidl_adapter: 0.7.9 (/home/koki/ros2_dashing/install/rosidl_adapter/share/rosidl_adapter/cmake)
[0.887s] -- Found PythonInterp: /usr/bin/python3 (found version "3.6.9") 
[1.476s] -- Using all available rosidl_typesupport_c: rosidl_typesupport_fastrtps_c;rosidl_typesupport_introspection_c
[1.789s] -- Using all available rosidl_typesupport_cpp: rosidl_typesupport_fastrtps_cpp;rosidl_typesupport_introspection_cpp
[3.841s] -- Found rmw_implementation_cmake: 0.7.2 (/home/koki/ros2_dashing/install/rmw_implementation_cmake/share/rmw_implementation_cmake/cmake)
[3.901s] -- Found PythonInterp: /usr/bin/python3 (found suitable version "3.6.9", minimum required is "3.5") 
[3.901s] -- Found python_cmake_module: 0.7.10 (/home/koki/ros2_dashing/install/python_cmake_module/share/python_cmake_module/cmake)
[3.976s] -- Using PYTHON_EXECUTABLE: /usr/bin/python3
[3.976s] -- Using PYTHON_INCLUDE_DIRS: /usr/include/python3.6m
[3.976s] -- Using PYTHON_LIBRARIES: /usr/lib/x86_64-linux-gnu/libpython3.6m.so
[5.213s] -- Configuring done
[5.416s] -- Generating done
[5.420s] -- Build files have been written to: /home/koki/ros2_studies_ws/build/example_interfaces
[5.425s] Invoked command in '/home/koki/ros2_studies_ws/build/example_interfaces' returned '0': CMAKE_PREFIX_PATH=${CMAKE_PREFIX_PATH}:/home/koki/ros2_studies_ws/install/ros2_demo_py:/opt/ros/dashing:/home/koki/ros2_dashing/install/ros2bag:/home/koki/ros2_dashing/install/topic_monitor:/home/koki/ros2_dashing/install/sros2:/home/koki/ros2_dashing/install/rqt_topic:/home/koki/ros2_dashing/install/rqt_action:/home/koki/ros2_dashing/install/rqt:/home/koki/ros2_dashing/install/rqt_graph:/home/koki/ros2_dashing/install/rqt_gui_py:/home/koki/ros2_dashing/install/rqt_gui:/home/koki/ros2_dashing/install/ros2topic:/home/koki/ros2_dashing/install/ros2test:/home/koki/ros2_dashing/install/ros2component:/home/koki/ros2_dashing/install/ros2param:/home/koki/ros2_dashing/install/ros2lifecycle:/home/koki/ros2_dashing/install/ros2service:/home/koki/ros2_dashing/install/ros2srv:/home/koki/ros2_dashing/install/ros2run:/home/koki/ros2_dashing/install/ros2launch:/home/koki/ros2_dashing/install/ros2pkg:/home/koki/ros2_dashing/install/ros2node:/home/koki/ros2_dashing/install/ros2multicast:/home/koki/ros2_dashing/install/ros2msg:/home/koki/ros2_dashing/install/ros2action:/home/koki/ros2_dashing/install/ros2cli:/home/koki/ros2_dashing/install/quality_of_service_demo_py:/home/koki/ros2_dashing/install/launch_testing_ros:/home/koki/ros2_dashing/install/launch_ros:/home/koki/ros2_dashing/install/examples_rclpy_minimal_subscriber:/home/koki/ros2_dashing/install/examples_rclpy_minimal_service:/home/koki/ros2_dashing/install/examples_rclpy_minimal_publisher:/home/koki/ros2_dashing/install/examples_rclpy_minimal_client:/home/koki/ros2_dashing/install/examples_rclpy_minimal_action_server:/home/koki/ros2_dashing/install/examples_rclpy_minimal_action_client:/home/koki/ros2_dashing/install/examples_rclpy_executors:/home/koki/ros2_dashing/install/demo_nodes_py:/home/koki/ros2_dashing/install/ament_uncrustify:/home/koki/ros2_dashing/install/test_launch_ros:/home/koki/ros2_dashing/install/rosidl_runtime_py:/home/koki/ros2_dashing/install/launch_testing:/home/koki/ros2_dashing/install/launch:/home/koki/ros2_dashing/install/osrf_pycommon:/home/koki/ros2_dashing/install/ament_xmllint:/home/koki/ros2_dashing/install/ament_pyflakes:/home/koki/ros2_dashing/install/ament_pep8:/home/koki/ros2_dashing/install/ament_pep257:/home/koki/ros2_dashing/install/ament_pclint:/home/koki/ros2_dashing/install/ament_package:/home/koki/ros2_dashing/install/ament_lint_cmake:/home/koki/ros2_dashing/install/ament_flake8:/home/koki/ros2_dashing/install/ament_copyright:/home/koki/ros2_dashing/install/ament_lint:/home/koki/ros2_dashing/install/ament_index_python:/home/koki/ros2_dashing/install/ament_cpplint:/home/koki/ros2_dashing/install/ament_cppcheck:/home/koki/ros2_dashing/install/ament_clang_tidy:/home/koki/ros2_dashing/install/ament_clang_format /usr/bin/cmake /home/koki/ros2_studies_ws/example_interfaces -DCMAKE_INSTALL_PREFIX=/home/koki/ros2_studies_ws/install/example_interfaces
[5.427s] Invoking command in '/home/koki/ros2_studies_ws/build/example_interfaces': CMAKE_PREFIX_PATH=${CMAKE_PREFIX_PATH}:/home/koki/ros2_studies_ws/install/ros2_demo_py:/opt/ros/dashing:/home/koki/ros2_dashing/install/ros2bag:/home/koki/ros2_dashing/install/topic_monitor:/home/koki/ros2_dashing/install/sros2:/home/koki/ros2_dashing/install/rqt_topic:/home/koki/ros2_dashing/install/rqt_action:/home/koki/ros2_dashing/install/rqt:/home/koki/ros2_dashing/install/rqt_graph:/home/koki/ros2_dashing/install/rqt_gui_py:/home/koki/ros2_dashing/install/rqt_gui:/home/koki/ros2_dashing/install/ros2topic:/home/koki/ros2_dashing/install/ros2test:/home/koki/ros2_dashing/install/ros2component:/home/koki/ros2_dashing/install/ros2param:/home/koki/ros2_dashing/install/ros2lifecycle:/home/koki/ros2_dashing/install/ros2service:/home/koki/ros2_dashing/install/ros2srv:/home/koki/ros2_dashing/install/ros2run:/home/koki/ros2_dashing/install/ros2launch:/home/koki/ros2_dashing/install/ros2pkg:/home/koki/ros2_dashing/install/ros2node:/home/koki/ros2_dashing/install/ros2multicast:/home/koki/ros2_dashing/install/ros2msg:/home/koki/ros2_dashing/install/ros2action:/home/koki/ros2_dashing/install/ros2cli:/home/koki/ros2_dashing/install/quality_of_service_demo_py:/home/koki/ros2_dashing/install/launch_testing_ros:/home/koki/ros2_dashing/install/launch_ros:/home/koki/ros2_dashing/install/examples_rclpy_minimal_subscriber:/home/koki/ros2_dashing/install/examples_rclpy_minimal_service:/home/koki/ros2_dashing/install/examples_rclpy_minimal_publisher:/home/koki/ros2_dashing/install/examples_rclpy_minimal_client:/home/koki/ros2_dashing/install/examples_rclpy_minimal_action_server:/home/koki/ros2_dashing/install/examples_rclpy_minimal_action_client:/home/koki/ros2_dashing/install/examples_rclpy_executors:/home/koki/ros2_dashing/install/demo_nodes_py:/home/koki/ros2_dashing/install/ament_uncrustify:/home/koki/ros2_dashing/install/test_launch_ros:/home/koki/ros2_dashing/install/rosidl_runtime_py:/home/koki/ros2_dashing/install/launch_testing:/home/koki/ros2_dashing/install/launch:/home/koki/ros2_dashing/install/osrf_pycommon:/home/koki/ros2_dashing/install/ament_xmllint:/home/koki/ros2_dashing/install/ament_pyflakes:/home/koki/ros2_dashing/install/ament_pep8:/home/koki/ros2_dashing/install/ament_pep257:/home/koki/ros2_dashing/install/ament_pclint:/home/koki/ros2_dashing/install/ament_package:/home/koki/ros2_dashing/install/ament_lint_cmake:/home/koki/ros2_dashing/install/ament_flake8:/home/koki/ros2_dashing/install/ament_copyright:/home/koki/ros2_dashing/install/ament_lint:/home/koki/ros2_dashing/install/ament_index_python:/home/koki/ros2_dashing/install/ament_cpplint:/home/koki/ros2_dashing/install/ament_cppcheck:/home/koki/ros2_dashing/install/ament_clang_tidy:/home/koki/ros2_dashing/install/ament_clang_format /usr/bin/cmake --build /home/koki/ros2_studies_ws/build/example_interfaces -- -j8 -l8
[5.532s] [  0%] Built target example_interfaces__cpp
[5.541s] [ 12%] Built target example_interfaces__rosidl_generator_c
[5.587s] [ 25%] Built target example_interfaces__rosidl_typesupport_introspection_cpp
[5.589s] [ 37%] Built target example_interfaces__rosidl_typesupport_cpp
[5.595s] [ 50%] Built target example_interfaces__rosidl_typesupport_introspection_c
[5.600s] [ 62%] Built target example_interfaces__rosidl_typesupport_fastrtps_cpp
[5.603s] [ 74%] Built target example_interfaces__rosidl_typesupport_c
[5.655s] [ 87%] Built target example_interfaces__rosidl_typesupport_fastrtps_c
[5.685s] [ 87%] Built target example_interfaces
[5.719s] [ 87%] Built target example_interfaces__py
[5.787s] [ 99%] Built target example_interfaces__python
[5.824s] [100%] Built target example_interfaces__rosidl_typesupport_c__pyext
[5.834s] [100%] Built target example_interfaces__rosidl_typesupport_introspection_c__pyext
[5.834s] [100%] Built target example_interfaces__rosidl_typesupport_fastrtps_c__pyext
[5.849s] Invoked command in '/home/koki/ros2_studies_ws/build/example_interfaces' returned '0': CMAKE_PREFIX_PATH=${CMAKE_PREFIX_PATH}:/home/koki/ros2_studies_ws/install/ros2_demo_py:/opt/ros/dashing:/home/koki/ros2_dashing/install/ros2bag:/home/koki/ros2_dashing/install/topic_monitor:/home/koki/ros2_dashing/install/sros2:/home/koki/ros2_dashing/install/rqt_topic:/home/koki/ros2_dashing/install/rqt_action:/home/koki/ros2_dashing/install/rqt:/home/koki/ros2_dashing/install/rqt_graph:/home/koki/ros2_dashing/install/rqt_gui_py:/home/koki/ros2_dashing/install/rqt_gui:/home/koki/ros2_dashing/install/ros2topic:/home/koki/ros2_dashing/install/ros2test:/home/koki/ros2_dashing/install/ros2component:/home/koki/ros2_dashing/install/ros2param:/home/koki/ros2_dashing/install/ros2lifecycle:/home/koki/ros2_dashing/install/ros2service:/home/koki/ros2_dashing/install/ros2srv:/home/koki/ros2_dashing/install/ros2run:/home/koki/ros2_dashing/install/ros2launch:/home/koki/ros2_dashing/install/ros2pkg:/home/koki/ros2_dashing/install/ros2node:/home/koki/ros2_dashing/install/ros2multicast:/home/koki/ros2_dashing/install/ros2msg:/home/koki/ros2_dashing/install/ros2action:/home/koki/ros2_dashing/install/ros2cli:/home/koki/ros2_dashing/install/quality_of_service_demo_py:/home/koki/ros2_dashing/install/launch_testing_ros:/home/koki/ros2_dashing/install/launch_ros:/home/koki/ros2_dashing/install/examples_rclpy_minimal_subscriber:/home/koki/ros2_dashing/install/examples_rclpy_minimal_service:/home/koki/ros2_dashing/install/examples_rclpy_minimal_publisher:/home/koki/ros2_dashing/install/examples_rclpy_minimal_client:/home/koki/ros2_dashing/install/examples_rclpy_minimal_action_server:/home/koki/ros2_dashing/install/examples_rclpy_minimal_action_client:/home/koki/ros2_dashing/install/examples_rclpy_executors:/home/koki/ros2_dashing/install/demo_nodes_py:/home/koki/ros2_dashing/install/ament_uncrustify:/home/koki/ros2_dashing/install/test_launch_ros:/home/koki/ros2_dashing/install/rosidl_runtime_py:/home/koki/ros2_dashing/install/launch_testing:/home/koki/ros2_dashing/install/launch:/home/koki/ros2_dashing/install/osrf_pycommon:/home/koki/ros2_dashing/install/ament_xmllint:/home/koki/ros2_dashing/install/ament_pyflakes:/home/koki/ros2_dashing/install/ament_pep8:/home/koki/ros2_dashing/install/ament_pep257:/home/koki/ros2_dashing/install/ament_pclint:/home/koki/ros2_dashing/install/ament_package:/home/koki/ros2_dashing/install/ament_lint_cmake:/home/koki/ros2_dashing/install/ament_flake8:/home/koki/ros2_dashing/install/ament_copyright:/home/koki/ros2_dashing/install/ament_lint:/home/koki/ros2_dashing/install/ament_index_python:/home/koki/ros2_dashing/install/ament_cpplint:/home/koki/ros2_dashing/install/ament_cppcheck:/home/koki/ros2_dashing/install/ament_clang_tidy:/home/koki/ros2_dashing/install/ament_clang_format /usr/bin/cmake --build /home/koki/ros2_studies_ws/build/example_interfaces -- -j8 -l8
[6.953s] Invoking command in '/home/koki/ros2_studies_ws/build/example_interfaces': CMAKE_PREFIX_PATH=${CMAKE_PREFIX_PATH}:/home/koki/ros2_studies_ws/install/ros2_demo_py:/opt/ros/dashing:/home/koki/ros2_dashing/install/ros2bag:/home/koki/ros2_dashing/install/topic_monitor:/home/koki/ros2_dashing/install/sros2:/home/koki/ros2_dashing/install/rqt_topic:/home/koki/ros2_dashing/install/rqt_action:/home/koki/ros2_dashing/install/rqt:/home/koki/ros2_dashing/install/rqt_graph:/home/koki/ros2_dashing/install/rqt_gui_py:/home/koki/ros2_dashing/install/rqt_gui:/home/koki/ros2_dashing/install/ros2topic:/home/koki/ros2_dashing/install/ros2test:/home/koki/ros2_dashing/install/ros2component:/home/koki/ros2_dashing/install/ros2param:/home/koki/ros2_dashing/install/ros2lifecycle:/home/koki/ros2_dashing/install/ros2service:/home/koki/ros2_dashing/install/ros2srv:/home/koki/ros2_dashing/install/ros2run:/home/koki/ros2_dashing/install/ros2launch:/home/koki/ros2_dashing/install/ros2pkg:/home/koki/ros2_dashing/install/ros2node:/home/koki/ros2_dashing/install/ros2multicast:/home/koki/ros2_dashing/install/ros2msg:/home/koki/ros2_dashing/install/ros2action:/home/koki/ros2_dashing/install/ros2cli:/home/koki/ros2_dashing/install/quality_of_service_demo_py:/home/koki/ros2_dashing/install/launch_testing_ros:/home/koki/ros2_dashing/install/launch_ros:/home/koki/ros2_dashing/install/examples_rclpy_minimal_subscriber:/home/koki/ros2_dashing/install/examples_rclpy_minimal_service:/home/koki/ros2_dashing/install/examples_rclpy_minimal_publisher:/home/koki/ros2_dashing/install/examples_rclpy_minimal_client:/home/koki/ros2_dashing/install/examples_rclpy_minimal_action_server:/home/koki/ros2_dashing/install/examples_rclpy_minimal_action_client:/home/koki/ros2_dashing/install/examples_rclpy_executors:/home/koki/ros2_dashing/install/demo_nodes_py:/home/koki/ros2_dashing/install/ament_uncrustify:/home/koki/ros2_dashing/install/test_launch_ros:/home/koki/ros2_dashing/install/rosidl_runtime_py:/home/koki/ros2_dashing/install/launch_testing:/home/koki/ros2_dashing/install/launch:/home/koki/ros2_dashing/install/osrf_pycommon:/home/koki/ros2_dashing/install/ament_xmllint:/home/koki/ros2_dashing/install/ament_pyflakes:/home/koki/ros2_dashing/install/ament_pep8:/home/koki/ros2_dashing/install/ament_pep257:/home/koki/ros2_dashing/install/ament_pclint:/home/koki/ros2_dashing/install/ament_package:/home/koki/ros2_dashing/install/ament_lint_cmake:/home/koki/ros2_dashing/install/ament_flake8:/home/koki/ros2_dashing/install/ament_copyright:/home/koki/ros2_dashing/install/ament_lint:/home/koki/ros2_dashing/install/ament_index_python:/home/koki/ros2_dashing/install/ament_cpplint:/home/koki/ros2_dashing/install/ament_cppcheck:/home/koki/ros2_dashing/install/ament_clang_tidy:/home/koki/ros2_dashing/install/ament_clang_format /usr/bin/cmake --build /home/koki/ros2_studies_ws/build/example_interfaces --target install -- -j8 -l8
[7.040s] [  0%] Built target example_interfaces__cpp
[7.046s] [ 12%] Built target example_interfaces__rosidl_generator_c
[7.084s] [ 24%] Built target example_interfaces__rosidl_typesupport_cpp
[7.092s] [ 36%] Built target example_interfaces__rosidl_typesupport_c
[7.094s] [ 49%] Built target example_interfaces__rosidl_typesupport_introspection_c
[7.097s] [ 62%] Built target example_interfaces__rosidl_typesupport_introspection_cpp
[7.100s] [ 74%] Built target example_interfaces__rosidl_typesupport_fastrtps_cpp
[7.149s] [ 87%] Built target example_interfaces__rosidl_typesupport_fastrtps_c
[7.179s] [ 87%] Built target example_interfaces
[7.212s] [ 87%] Built target example_interfaces__py
[7.270s] [ 99%] Built target example_interfaces__python
[7.306s] [ 99%] Built target example_interfaces__rosidl_typesupport_introspection_c__pyext
[7.315s] [100%] Built target example_interfaces__rosidl_typesupport_c__pyext
[7.316s] [100%] Built target example_interfaces__rosidl_typesupport_fastrtps_c__pyext
[7.344s] [36mInstall the project...[0m
[7.356s] -- Install configuration: ""
[7.357s] -- Execute custom install script
[7.357s] -- Up-to-date symlink: /home/koki/ros2_studies_ws/install/example_interfaces/share/ament_index/resource_index/rosidl_interfaces/example_interfaces
[7.357s] -- Up-to-date symlink: /home/koki/ros2_studies_ws/install/example_interfaces/lib/libexample_interfaces__rosidl_typesupport_c.so
[7.358s] -- Up-to-date symlink: /home/koki/ros2_studies_ws/install/example_interfaces/share/example_interfaces/environment/library_path.sh
[7.358s] -- Up-to-date symlink: /home/koki/ros2_studies_ws/install/example_interfaces/lib/libexample_interfaces__rosidl_typesupport_cpp.so
[7.359s] -- Up-to-date symlink: /home/koki/ros2_studies_ws/install/example_interfaces/include/example_interfaces/action/fibonacci__rosidl_typesupport_fastrtps_c.h
[7.359s] -- Up-to-date symlink: /home/koki/ros2_studies_ws/install/example_interfaces/include/example_interfaces/msg/bool__rosidl_typesupport_fastrtps_c.h
[7.359s] -- Up-to-date symlink: /home/koki/ros2_studies_ws/install/example_interfaces/include/example_interfaces/msg/byte__rosidl_typesupport_fastrtps_c.h
[7.359s] -- Up-to-date symlink: /home/koki/ros2_studies_ws/install/example_interfaces/include/example_interfaces/msg/byte_multi_array__rosidl_typesupport_fastrtps_c.h
[7.359s] -- Up-to-date symlink: /home/koki/ros2_studies_ws/install/example_interfaces/include/example_interfaces/msg/char__rosidl_typesupport_fastrtps_c.h
[7.360s] -- Up-to-date symlink: /home/koki/ros2_studies_ws/install/example_interfaces/include/example_interfaces/msg/empty__rosidl_typesupport_fastrtps_c.h
[7.360s] -- Up-to-date symlink: /home/koki/ros2_studies_ws/install/example_interfaces/include/example_interfaces/msg/float32__rosidl_typesupport_fastrtps_c.h
[7.360s] -- Up-to-date symlink: /home/koki/ros2_studies_ws/install/example_interfaces/include/example_interfaces/msg/float32_multi_array__rosidl_typesupport_fastrtps_c.h
[7.360s] -- Up-to-date symlink: /home/koki/ros2_studies_ws/install/example_interfaces/include/example_interfaces/msg/float64__rosidl_typesupport_fastrtps_c.h
[7.360s] -- Up-to-date symlink: /home/koki/ros2_studies_ws/install/example_interfaces/include/example_interfaces/msg/float64_multi_array__rosidl_typesupport_fastrtps_c.h
[7.360s] -- Up-to-date symlink: /home/koki/ros2_studies_ws/install/example_interfaces/include/example_interfaces/msg/int16__rosidl_typesupport_fastrtps_c.h
[7.360s] -- Up-to-date symlink: /home/koki/ros2_studies_ws/install/example_interfaces/include/example_interfaces/msg/int16_multi_array__rosidl_typesupport_fastrtps_c.h
[7.360s] -- Up-to-date symlink: /home/koki/ros2_studies_ws/install/example_interfaces/include/example_interfaces/msg/int32__rosidl_typesupport_fastrtps_c.h
[7.360s] -- Up-to-date symlink: /home/koki/ros2_studies_ws/install/example_interfaces/include/example_interfaces/msg/int32_multi_array__rosidl_typesupport_fastrtps_c.h
[7.361s] -- Up-to-date symlink: /home/koki/ros2_studies_ws/install/example_interfaces/include/example_interfaces/msg/int64__rosidl_typesupport_fastrtps_c.h
[7.361s] -- Up-to-date symlink: /home/koki/ros2_studies_ws/install/example_interfaces/include/example_interfaces/msg/int64_multi_array__rosidl_typesupport_fastrtps_c.h
[7.361s] -- Up-to-date symlink: /home/koki/ros2_studies_ws/install/example_interfaces/include/example_interfaces/msg/int8__rosidl_typesupport_fastrtps_c.h
[7.361s] -- Up-to-date symlink: /home/koki/ros2_studies_ws/install/example_interfaces/include/example_interfaces/msg/int8_multi_array__rosidl_typesupport_fastrtps_c.h
[7.361s] -- Up-to-date symlink: /home/koki/ros2_studies_ws/install/example_interfaces/include/example_interfaces/msg/multi_array_dimension__rosidl_typesupport_fastrtps_c.h
[7.361s] -- Up-to-date symlink: /home/koki/ros2_studies_ws/install/example_interfaces/include/example_interfaces/msg/multi_array_layout__rosidl_typesupport_fastrtps_c.h
[7.361s] -- Up-to-date symlink: /home/koki/ros2_studies_ws/install/example_interfaces/include/example_interfaces/msg/rosidl_typesupport_fastrtps_c__visibility_control.h
[7.361s] -- Up-to-date symlink: /home/koki/ros2_studies_ws/install/example_interfaces/include/example_interfaces/msg/string__rosidl_typesupport_fastrtps_c.h
[7.361s] -- Up-to-date symlink: /home/koki/ros2_studies_ws/install/example_interfaces/include/example_interfaces/msg/u_int16__rosidl_typesupport_fastrtps_c.h
[7.362s] -- Up-to-date symlink: /home/koki/ros2_studies_ws/install/example_interfaces/include/example_interfaces/msg/u_int16_multi_array__rosidl_typesupport_fastrtps_c.h
[7.362s] -- Up-to-date symlink: /home/koki/ros2_studies_ws/install/example_interfaces/include/example_interfaces/msg/u_int32__rosidl_typesupport_fastrtps_c.h
[7.362s] -- Up-to-date symlink: /home/koki/ros2_studies_ws/install/example_interfaces/include/example_interfaces/msg/u_int32_multi_array__rosidl_typesupport_fastrtps_c.h
[7.362s] -- Up-to-date symlink: /home/koki/ros2_studies_ws/install/example_interfaces/include/example_interfaces/msg/u_int64__rosidl_typesupport_fastrtps_c.h
[7.362s] -- Up-to-date symlink: /home/koki/ros2_studies_ws/install/example_interfaces/include/example_interfaces/msg/u_int64_multi_array__rosidl_typesupport_fastrtps_c.h
[7.362s] -- Up-to-date symlink: /home/koki/ros2_studies_ws/install/example_interfaces/include/example_interfaces/msg/u_int8__rosidl_typesupport_fastrtps_c.h
[7.362s] -- Up-to-date symlink: /home/koki/ros2_studies_ws/install/example_interfaces/include/example_interfaces/msg/u_int8_multi_array__rosidl_typesupport_fastrtps_c.h
[7.362s] -- Up-to-date symlink: /home/koki/ros2_studies_ws/install/example_interfaces/include/example_interfaces/msg/w_string__rosidl_typesupport_fastrtps_c.h
[7.362s] -- Up-to-date symlink: /home/koki/ros2_studies_ws/install/example_interfaces/include/example_interfaces/srv/add_two_ints__rosidl_typesupport_fastrtps_c.h
[7.363s] -- Up-to-date symlink: /home/koki/ros2_studies_ws/install/example_interfaces/include/example_interfaces/srv/set_bool__rosidl_typesupport_fastrtps_c.h
[7.363s] -- Up-to-date symlink: /home/koki/ros2_studies_ws/install/example_interfaces/include/example_interfaces/srv/trigger__rosidl_typesupport_fastrtps_c.h
[7.363s] -- Up-to-date symlink: /home/koki/ros2_studies_ws/install/example_interfaces/lib/libexample_interfaces__rosidl_typesupport_fastrtps_c.so
[7.364s] -- Up-to-date symlink: /home/koki/ros2_studies_ws/install/example_interfaces/include/example_interfaces/action/fibonacci.h
[7.364s] -- Up-to-date symlink: /home/koki/ros2_studies_ws/install/example_interfaces/include/example_interfaces/action/fibonacci__functions.h
[7.364s] -- Up-to-date symlink: /home/koki/ros2_studies_ws/install/example_interfaces/include/example_interfaces/action/fibonacci__struct.h
[7.365s] -- Up-to-date symlink: /home/koki/ros2_studies_ws/install/example_interfaces/include/example_interfaces/action/fibonacci__type_support.h
[7.365s] -- Up-to-date symlink: /home/koki/ros2_studies_ws/install/example_interfaces/include/example_interfaces/msg/bool.h
[7.365s] -- Up-to-date symlink: /home/koki/ros2_studies_ws/install/example_interfaces/include/example_interfaces/msg/bool__functions.h
[7.365s] -- Up-to-date symlink: /home/koki/ros2_studies_ws/install/example_interfaces/include/example_interfaces/msg/bool__struct.h
[7.365s] -- Up-to-date symlink: /home/koki/ros2_studies_ws/install/example_interfaces/include/example_interfaces/msg/bool__type_support.h
[7.365s] -- Up-to-date symlink: /home/koki/ros2_studies_ws/install/example_interfaces/include/example_interfaces/msg/byte.h
[7.365s] -- Up-to-date symlink: /home/koki/ros2_studies_ws/install/example_interfaces/include/example_interfaces/msg/byte__functions.h
[7.365s] -- Up-to-date symlink: /home/koki/ros2_studies_ws/install/example_interfaces/include/example_interfaces/msg/byte__struct.h
[7.365s] -- Up-to-date symlink: /home/koki/ros2_studies_ws/install/example_interfaces/include/example_interfaces/msg/byte__type_support.h
[7.366s] -- Up-to-date symlink: /home/koki/ros2_studies_ws/install/example_interfaces/include/example_interfaces/msg/byte_multi_array.h
[7.366s] -- Up-to-date symlink: /home/koki/ros2_studies_ws/install/example_interfaces/include/example_interfaces/msg/byte_multi_array__functions.h
[7.366s] -- Up-to-date symlink: /home/koki/ros2_studies_ws/install/example_interfaces/include/example_interfaces/msg/byte_multi_array__struct.h
[7.366s] -- Up-to-date symlink: /home/koki/ros2_studies_ws/install/example_interfaces/include/example_interfaces/msg/byte_multi_array__type_support.h
[7.366s] -- Up-to-date symlink: /home/koki/ros2_studies_ws/install/example_interfaces/include/example_interfaces/msg/char.h
[7.366s] -- Up-to-date symlink: /home/koki/ros2_studies_ws/install/example_interfaces/include/example_interfaces/msg/char__functions.h
[7.366s] -- Up-to-date symlink: /home/koki/ros2_studies_ws/install/example_interfaces/include/example_interfaces/msg/char__struct.h
[7.366s] -- Up-to-date symlink: /home/koki/ros2_studies_ws/install/example_interfaces/include/example_interfaces/msg/char__type_support.h
[7.367s] -- Up-to-date symlink: /home/koki/ros2_studies_ws/install/example_interfaces/include/example_interfaces/msg/empty.h
[7.367s] -- Up-to-date symlink: /home/koki/ros2_studies_ws/install/example_interfaces/include/example_interfaces/msg/empty__functions.h
[7.367s] -- Up-to-date symlink: /home/koki/ros2_studies_ws/install/example_interfaces/include/example_interfaces/msg/empty__struct.h
[7.367s] -- Up-to-date symlink: /home/koki/ros2_studies_ws/install/example_interfaces/include/example_interfaces/msg/empty__type_support.h
[7.367s] -- Up-to-date symlink: /home/koki/ros2_studies_ws/install/example_interfaces/include/example_interfaces/msg/float32.h
[7.367s] -- Up-to-date symlink: /home/koki/ros2_studies_ws/install/example_interfaces/include/example_interfaces/msg/float32__functions.h
[7.367s] -- Up-to-date symlink: /home/koki/ros2_studies_ws/install/example_interfaces/include/example_interfaces/msg/float32__struct.h
[7.367s] -- Up-to-date symlink: /home/koki/ros2_studies_ws/install/example_interfaces/include/example_interfaces/msg/float32__type_support.h
[7.367s] -- Up-to-date symlink: /home/koki/ros2_studies_ws/install/example_interfaces/include/example_interfaces/msg/float32_multi_array.h
[7.368s] -- Up-to-date symlink: /home/koki/ros2_studies_ws/install/example_interfaces/include/example_interfaces/msg/float32_multi_array__functions.h
[7.368s] -- Up-to-date symlink: /home/koki/ros2_studies_ws/install/example_interfaces/include/example_interfaces/msg/float32_multi_array__struct.h
[7.368s] -- Up-to-date symlink: /home/koki/ros2_studies_ws/install/example_interfaces/include/example_interfaces/msg/float32_multi_array__type_support.h
[7.368s] -- Up-to-date symlink: /home/koki/ros2_studies_ws/install/example_interfaces/include/example_interfaces/msg/float64.h
[7.368s] -- Up-to-date symlink: /home/koki/ros2_studies_ws/install/example_interfaces/include/example_interfaces/msg/float64__functions.h
[7.368s] -- Up-to-date symlink: /home/koki/ros2_studies_ws/install/example_interfaces/include/example_interfaces/msg/float64__struct.h
[7.368s] -- Up-to-date symlink: /home/koki/ros2_studies_ws/install/example_interfaces/include/example_interfaces/msg/float64__type_support.h
[7.368s] -- Up-to-date symlink: /home/koki/ros2_studies_ws/install/example_interfaces/include/example_interfaces/msg/float64_multi_array.h
[7.368s] -- Up-to-date symlink: /home/koki/ros2_studies_ws/install/example_interfaces/include/example_interfaces/msg/float64_multi_array__functions.h
[7.369s] -- Up-to-date symlink: /home/koki/ros2_studies_ws/install/example_interfaces/include/example_interfaces/msg/float64_multi_array__struct.h
[7.369s] -- Up-to-date symlink: /home/koki/ros2_studies_ws/install/example_interfaces/include/example_interfaces/msg/float64_multi_array__type_support.h
[7.369s] -- Up-to-date symlink: /home/koki/ros2_studies_ws/install/example_interfaces/include/example_interfaces/msg/int16.h
[7.369s] -- Up-to-date symlink: /home/koki/ros2_studies_ws/install/example_interfaces/include/example_interfaces/msg/int16__functions.h
[7.369s] -- Up-to-date symlink: /home/koki/ros2_studies_ws/install/example_interfaces/include/example_interfaces/msg/int16__struct.h
[7.369s] -- Up-to-date symlink: /home/koki/ros2_studies_ws/install/example_interfaces/include/example_interfaces/msg/int16__type_support.h
[7.369s] -- Up-to-date symlink: /home/koki/ros2_studies_ws/install/example_interfaces/include/example_interfaces/msg/int16_multi_array.h
[7.369s] -- Up-to-date symlink: /home/koki/ros2_studies_ws/install/example_interfaces/include/example_interfaces/msg/int16_multi_array__functions.h
[7.369s] -- Up-to-date symlink: /home/koki/ros2_studies_ws/install/example_interfaces/include/example_interfaces/msg/int16_multi_array__struct.h
[7.370s] -- Up-to-date symlink: /home/koki/ros2_studies_ws/install/example_interfaces/include/example_interfaces/msg/int16_multi_array__type_support.h
[7.370s] -- Up-to-date symlink: /home/koki/ros2_studies_ws/install/example_interfaces/include/example_interfaces/msg/int32.h
[7.370s] -- Up-to-date symlink: /home/koki/ros2_studies_ws/install/example_interfaces/include/example_interfaces/msg/int32__functions.h
[7.370s] -- Up-to-date symlink: /home/koki/ros2_studies_ws/install/example_interfaces/include/example_interfaces/msg/int32__struct.h
[7.370s] -- Up-to-date symlink: /home/koki/ros2_studies_ws/install/example_interfaces/include/example_interfaces/msg/int32__type_support.h
[7.370s] -- Up-to-date symlink: /home/koki/ros2_studies_ws/install/example_interfaces/include/example_interfaces/msg/int32_multi_array.h
[7.370s] -- Up-to-date symlink: /home/koki/ros2_studies_ws/install/example_interfaces/include/example_interfaces/msg/int32_multi_array__functions.h
[7.370s] -- Up-to-date symlink: /home/koki/ros2_studies_ws/install/example_interfaces/include/example_interfaces/msg/int32_multi_array__struct.h
[7.370s] -- Up-to-date symlink: /home/koki/ros2_studies_ws/install/example_interfaces/include/example_interfaces/msg/int32_multi_array__type_support.h
[7.371s] -- Up-to-date symlink: /home/koki/ros2_studies_ws/install/example_interfaces/include/example_interfaces/msg/int64.h
[7.371s] -- Up-to-date symlink: /home/koki/ros2_studies_ws/install/example_interfaces/include/example_interfaces/msg/int64__functions.h
[7.371s] -- Up-to-date symlink: /home/koki/ros2_studies_ws/install/example_interfaces/include/example_interfaces/msg/int64__struct.h
[7.371s] -- Up-to-date symlink: /home/koki/ros2_studies_ws/install/example_interfaces/include/example_interfaces/msg/int64__type_support.h
[7.371s] -- Up-to-date symlink: /home/koki/ros2_studies_ws/install/example_interfaces/include/example_interfaces/msg/int64_multi_array.h
[7.371s] -- Up-to-date symlink: /home/koki/ros2_studies_ws/install/example_interfaces/include/example_interfaces/msg/int64_multi_array__functions.h
[7.371s] -- Up-to-date symlink: /home/koki/ros2_studies_ws/install/example_interfaces/include/example_interfaces/msg/int64_multi_array__struct.h
[7.372s] -- Up-to-date symlink: /home/koki/ros2_studies_ws/install/example_interfaces/include/example_interfaces/msg/int64_multi_array__type_support.h
[7.372s] -- Up-to-date symlink: /home/koki/ros2_studies_ws/install/example_interfaces/include/example_interfaces/msg/int8.h
[7.372s] -- Up-to-date symlink: /home/koki/ros2_studies_ws/install/example_interfaces/include/example_interfaces/msg/int8__functions.h
[7.372s] -- Up-to-date symlink: /home/koki/ros2_studies_ws/install/example_interfaces/include/example_interfaces/msg/int8__struct.h
[7.372s] -- Up-to-date symlink: /home/koki/ros2_studies_ws/install/example_interfaces/include/example_interfaces/msg/int8__type_support.h
[7.372s] -- Up-to-date symlink: /home/koki/ros2_studies_ws/install/example_interfaces/include/example_interfaces/msg/int8_multi_array.h
[7.372s] -- Up-to-date symlink: /home/koki/ros2_studies_ws/install/example_interfaces/include/example_interfaces/msg/int8_multi_array__functions.h
[7.372s] -- Up-to-date symlink: /home/koki/ros2_studies_ws/install/example_interfaces/include/example_interfaces/msg/int8_multi_array__struct.h
[7.373s] -- Up-to-date symlink: /home/koki/ros2_studies_ws/install/example_interfaces/include/example_interfaces/msg/int8_multi_array__type_support.h
[7.373s] -- Up-to-date symlink: /home/koki/ros2_studies_ws/install/example_interfaces/include/example_interfaces/msg/multi_array_dimension.h
[7.373s] -- Up-to-date symlink: /home/koki/ros2_studies_ws/install/example_interfaces/include/example_interfaces/msg/multi_array_dimension__functions.h
[7.373s] -- Up-to-date symlink: /home/koki/ros2_studies_ws/install/example_interfaces/include/example_interfaces/msg/multi_array_dimension__struct.h
[7.373s] -- Up-to-date symlink: /home/koki/ros2_studies_ws/install/example_interfaces/include/example_interfaces/msg/multi_array_dimension__type_support.h
[7.373s] -- Up-to-date symlink: /home/koki/ros2_studies_ws/install/example_interfaces/include/example_interfaces/msg/multi_array_layout.h
[7.373s] -- Up-to-date symlink: /home/koki/ros2_studies_ws/install/example_interfaces/include/example_interfaces/msg/multi_array_layout__functions.h
[7.373s] -- Up-to-date symlink: /home/koki/ros2_studies_ws/install/example_interfaces/include/example_interfaces/msg/multi_array_layout__struct.h
[7.374s] -- Up-to-date symlink: /home/koki/ros2_studies_ws/install/example_interfaces/include/example_interfaces/msg/multi_array_layout__type_support.h
[7.374s] -- Up-to-date symlink: /home/koki/ros2_studies_ws/install/example_interfaces/include/example_interfaces/msg/rosidl_generator_c__visibility_control.h
[7.374s] -- Up-to-date symlink: /home/koki/ros2_studies_ws/install/example_interfaces/include/example_interfaces/msg/string.h
[7.374s] -- Up-to-date symlink: /home/koki/ros2_studies_ws/install/example_interfaces/include/example_interfaces/msg/string__functions.h
[7.374s] -- Up-to-date symlink: /home/koki/ros2_studies_ws/install/example_interfaces/include/example_interfaces/msg/string__struct.h
[7.374s] -- Up-to-date symlink: /home/koki/ros2_studies_ws/install/example_interfaces/include/example_interfaces/msg/string__type_support.h
[7.374s] -- Up-to-date symlink: /home/koki/ros2_studies_ws/install/example_interfaces/include/example_interfaces/msg/u_int16.h
[7.374s] -- Up-to-date symlink: /home/koki/ros2_studies_ws/install/example_interfaces/include/example_interfaces/msg/u_int16__functions.h
[7.374s] -- Up-to-date symlink: /home/koki/ros2_studies_ws/install/example_interfaces/include/example_interfaces/msg/u_int16__struct.h
[7.375s] -- Up-to-date symlink: /home/koki/ros2_studies_ws/install/example_interfaces/include/example_interfaces/msg/u_int16__type_support.h
[7.375s] -- Up-to-date symlink: /home/koki/ros2_studies_ws/install/example_interfaces/include/example_interfaces/msg/u_int16_multi_array.h
[7.375s] -- Up-to-date symlink: /home/koki/ros2_studies_ws/install/example_interfaces/include/example_interfaces/msg/u_int16_multi_array__functions.h
[7.375s] -- Up-to-date symlink: /home/koki/ros2_studies_ws/install/example_interfaces/include/example_interfaces/msg/u_int16_multi_array__struct.h
[7.375s] -- Up-to-date symlink: /home/koki/ros2_studies_ws/install/example_interfaces/include/example_interfaces/msg/u_int16_multi_array__type_support.h
[7.375s] -- Up-to-date symlink: /home/koki/ros2_studies_ws/install/example_interfaces/include/example_interfaces/msg/u_int32.h
[7.375s] -- Up-to-date symlink: /home/koki/ros2_studies_ws/install/example_interfaces/include/example_interfaces/msg/u_int32__functions.h
[7.375s] -- Up-to-date symlink: /home/koki/ros2_studies_ws/install/example_interfaces/include/example_interfaces/msg/u_int32__struct.h
[7.376s] -- Up-to-date symlink: /home/koki/ros2_studies_ws/install/example_interfaces/include/example_interfaces/msg/u_int32__type_support.h
[7.376s] -- Up-to-date symlink: /home/koki/ros2_studies_ws/install/example_interfaces/include/example_interfaces/msg/u_int32_multi_array.h
[7.376s] -- Up-to-date symlink: /home/koki/ros2_studies_ws/install/example_interfaces/include/example_interfaces/msg/u_int32_multi_array__functions.h
[7.376s] -- Up-to-date symlink: /home/koki/ros2_studies_ws/install/example_interfaces/include/example_interfaces/msg/u_int32_multi_array__struct.h
[7.376s] -- Up-to-date symlink: /home/koki/ros2_studies_ws/install/example_interfaces/include/example_interfaces/msg/u_int32_multi_array__type_support.h
[7.376s] -- Up-to-date symlink: /home/koki/ros2_studies_ws/install/example_interfaces/include/example_interfaces/msg/u_int64.h
[7.376s] -- Up-to-date symlink: /home/koki/ros2_studies_ws/install/example_interfaces/include/example_interfaces/msg/u_int64__functions.h
[7.376s] -- Up-to-date symlink: /home/koki/ros2_studies_ws/install/example_interfaces/include/example_interfaces/msg/u_int64__struct.h
[7.376s] -- Up-to-date symlink: /home/koki/ros2_studies_ws/install/example_interfaces/include/example_interfaces/msg/u_int64__type_support.h
[7.377s] -- Up-to-date symlink: /home/koki/ros2_studies_ws/install/example_interfaces/include/example_interfaces/msg/u_int64_multi_array.h
[7.377s] -- Up-to-date symlink: /home/koki/ros2_studies_ws/install/example_interfaces/include/example_interfaces/msg/u_int64_multi_array__functions.h
[7.377s] -- Up-to-date symlink: /home/koki/ros2_studies_ws/install/example_interfaces/include/example_interfaces/msg/u_int64_multi_array__struct.h
[7.377s] -- Up-to-date symlink: /home/koki/ros2_studies_ws/install/example_interfaces/include/example_interfaces/msg/u_int64_multi_array__type_support.h
[7.377s] -- Up-to-date symlink: /home/koki/ros2_studies_ws/install/example_interfaces/include/example_interfaces/msg/u_int8.h
[7.377s] -- Up-to-date symlink: /home/koki/ros2_studies_ws/install/example_interfaces/include/example_interfaces/msg/u_int8__functions.h
[7.377s] -- Up-to-date symlink: /home/koki/ros2_studies_ws/install/example_interfaces/include/example_interfaces/msg/u_int8__struct.h
[7.377s] -- Up-to-date symlink: /home/koki/ros2_studies_ws/install/example_interfaces/include/example_interfaces/msg/u_int8__type_support.h
[7.377s] -- Up-to-date symlink: /home/koki/ros2_studies_ws/install/example_interfaces/include/example_interfaces/msg/u_int8_multi_array.h
[7.378s] -- Up-to-date symlink: /home/koki/ros2_studies_ws/install/example_interfaces/include/example_interfaces/msg/u_int8_multi_array__functions.h
[7.378s] -- Up-to-date symlink: /home/koki/ros2_studies_ws/install/example_interfaces/include/example_interfaces/msg/u_int8_multi_array__struct.h
[7.378s] -- Up-to-date symlink: /home/koki/ros2_studies_ws/install/example_interfaces/include/example_interfaces/msg/u_int8_multi_array__type_support.h
[7.378s] -- Up-to-date symlink: /home/koki/ros2_studies_ws/install/example_interfaces/include/example_interfaces/msg/w_string.h
[7.378s] -- Up-to-date symlink: /home/koki/ros2_studies_ws/install/example_interfaces/include/example_interfaces/msg/w_string__functions.h
[7.378s] -- Up-to-date symlink: /home/koki/ros2_studies_ws/install/example_interfaces/include/example_interfaces/msg/w_string__struct.h
[7.378s] -- Up-to-date symlink: /home/koki/ros2_studies_ws/install/example_interfaces/include/example_interfaces/msg/w_string__type_support.h
[7.378s] -- Up-to-date symlink: /home/koki/ros2_studies_ws/install/example_interfaces/include/example_interfaces/srv/add_two_ints.h
[7.378s] -- Up-to-date symlink: /home/koki/ros2_studies_ws/install/example_interfaces/include/example_interfaces/srv/add_two_ints__functions.h
[7.379s] -- Up-to-date symlink: /home/koki/ros2_studies_ws/install/example_interfaces/include/example_interfaces/srv/add_two_ints__struct.h
[7.379s] -- Up-to-date symlink: /home/koki/ros2_studies_ws/install/example_interfaces/include/example_interfaces/srv/add_two_ints__type_support.h
[7.379s] -- Up-to-date symlink: /home/koki/ros2_studies_ws/install/example_interfaces/include/example_interfaces/srv/set_bool.h
[7.379s] -- Up-to-date symlink: /home/koki/ros2_studies_ws/install/example_interfaces/include/example_interfaces/srv/set_bool__functions.h
[7.379s] -- Up-to-date symlink: /home/koki/ros2_studies_ws/install/example_interfaces/include/example_interfaces/srv/set_bool__struct.h
[7.379s] -- Up-to-date symlink: /home/koki/ros2_studies_ws/install/example_interfaces/include/example_interfaces/srv/set_bool__type_support.h
[7.379s] -- Up-to-date symlink: /home/koki/ros2_studies_ws/install/example_interfaces/include/example_interfaces/srv/trigger.h
[7.380s] -- Up-to-date symlink: /home/koki/ros2_studies_ws/install/example_interfaces/include/example_interfaces/srv/trigger__functions.h
[7.380s] -- Up-to-date symlink: /home/koki/ros2_studies_ws/install/example_interfaces/include/example_interfaces/srv/trigger__struct.h
[7.380s] -- Up-to-date symlink: /home/koki/ros2_studies_ws/install/example_interfaces/include/example_interfaces/srv/trigger__type_support.h
[7.380s] -- Up-to-date symlink: /home/koki/ros2_studies_ws/install/example_interfaces/lib/libexample_interfaces__rosidl_generator_c.so
[7.381s] -- Up-to-date symlink: /home/koki/ros2_studies_ws/install/example_interfaces/include/example_interfaces/action/fibonacci__rosidl_typesupport_fastrtps_cpp.hpp
[7.382s] -- Up-to-date symlink: /home/koki/ros2_studies_ws/install/example_interfaces/include/example_interfaces/msg/bool__rosidl_typesupport_fastrtps_cpp.hpp
[7.382s] -- Up-to-date symlink: /home/koki/ros2_studies_ws/install/example_interfaces/include/example_interfaces/msg/byte__rosidl_typesupport_fastrtps_cpp.hpp
[7.382s] -- Up-to-date symlink: /home/koki/ros2_studies_ws/install/example_interfaces/include/example_interfaces/msg/byte_multi_array__rosidl_typesupport_fastrtps_cpp.hpp
[7.382s] -- Up-to-date symlink: /home/koki/ros2_studies_ws/install/example_interfaces/include/example_interfaces/msg/char__rosidl_typesupport_fastrtps_cpp.hpp
[7.382s] -- Up-to-date symlink: /home/koki/ros2_studies_ws/install/example_interfaces/include/example_interfaces/msg/empty__rosidl_typesupport_fastrtps_cpp.hpp
[7.382s] -- Up-to-date symlink: /home/koki/ros2_studies_ws/install/example_interfaces/include/example_interfaces/msg/float32__rosidl_typesupport_fastrtps_cpp.hpp
[7.382s] -- Up-to-date symlink: /home/koki/ros2_studies_ws/install/example_interfaces/include/example_interfaces/msg/float32_multi_array__rosidl_typesupport_fastrtps_cpp.hpp
[7.382s] -- Up-to-date symlink: /home/koki/ros2_studies_ws/install/example_interfaces/include/example_interfaces/msg/float64__rosidl_typesupport_fastrtps_cpp.hpp
[7.383s] -- Up-to-date symlink: /home/koki/ros2_studies_ws/install/example_interfaces/include/example_interfaces/msg/float64_multi_array__rosidl_typesupport_fastrtps_cpp.hpp
[7.383s] -- Up-to-date symlink: /home/koki/ros2_studies_ws/install/example_interfaces/include/example_interfaces/msg/int16__rosidl_typesupport_fastrtps_cpp.hpp
[7.383s] -- Up-to-date symlink: /home/koki/ros2_studies_ws/install/example_interfaces/include/example_interfaces/msg/int16_multi_array__rosidl_typesupport_fastrtps_cpp.hpp
[7.383s] -- Up-to-date symlink: /home/koki/ros2_studies_ws/install/example_interfaces/include/example_interfaces/msg/int32__rosidl_typesupport_fastrtps_cpp.hpp
[7.383s] -- Up-to-date symlink: /home/koki/ros2_studies_ws/install/example_interfaces/include/example_interfaces/msg/int32_multi_array__rosidl_typesupport_fastrtps_cpp.hpp
[7.383s] -- Up-to-date symlink: /home/koki/ros2_studies_ws/install/example_interfaces/include/example_interfaces/msg/int64__rosidl_typesupport_fastrtps_cpp.hpp
[7.383s] -- Up-to-date symlink: /home/koki/ros2_studies_ws/install/example_interfaces/include/example_interfaces/msg/int64_multi_array__rosidl_typesupport_fastrtps_cpp.hpp
[7.383s] -- Up-to-date symlink: /home/koki/ros2_studies_ws/install/example_interfaces/include/example_interfaces/msg/int8__rosidl_typesupport_fastrtps_cpp.hpp
[7.384s] -- Up-to-date symlink: /home/koki/ros2_studies_ws/install/example_interfaces/include/example_interfaces/msg/int8_multi_array__rosidl_typesupport_fastrtps_cpp.hpp
[7.384s] -- Up-to-date symlink: /home/koki/ros2_studies_ws/install/example_interfaces/include/example_interfaces/msg/multi_array_dimension__rosidl_typesupport_fastrtps_cpp.hpp
[7.384s] -- Up-to-date symlink: /home/koki/ros2_studies_ws/install/example_interfaces/include/example_interfaces/msg/multi_array_layout__rosidl_typesupport_fastrtps_cpp.hpp
[7.384s] -- Up-to-date symlink: /home/koki/ros2_studies_ws/install/example_interfaces/include/example_interfaces/msg/rosidl_typesupport_fastrtps_cpp__visibility_control.h
[7.384s] -- Up-to-date symlink: /home/koki/ros2_studies_ws/install/example_interfaces/include/example_interfaces/msg/string__rosidl_typesupport_fastrtps_cpp.hpp
[7.384s] -- Up-to-date symlink: /home/koki/ros2_studies_ws/install/example_interfaces/include/example_interfaces/msg/u_int16__rosidl_typesupport_fastrtps_cpp.hpp
[7.384s] -- Up-to-date symlink: /home/koki/ros2_studies_ws/install/example_interfaces/include/example_interfaces/msg/u_int16_multi_array__rosidl_typesupport_fastrtps_cpp.hpp
[7.384s] -- Up-to-date symlink: /home/koki/ros2_studies_ws/install/example_interfaces/include/example_interfaces/msg/u_int32__rosidl_typesupport_fastrtps_cpp.hpp
[7.384s] -- Up-to-date symlink: /home/koki/ros2_studies_ws/install/example_interfaces/include/example_interfaces/msg/u_int32_multi_array__rosidl_typesupport_fastrtps_cpp.hpp
[7.385s] -- Up-to-date symlink: /home/koki/ros2_studies_ws/install/example_interfaces/include/example_interfaces/msg/u_int64__rosidl_typesupport_fastrtps_cpp.hpp
[7.385s] -- Up-to-date symlink: /home/koki/ros2_studies_ws/install/example_interfaces/include/example_interfaces/msg/u_int64_multi_array__rosidl_typesupport_fastrtps_cpp.hpp
[7.385s] -- Up-to-date symlink: /home/koki/ros2_studies_ws/install/example_interfaces/include/example_interfaces/msg/u_int8__rosidl_typesupport_fastrtps_cpp.hpp
[7.385s] -- Up-to-date symlink: /home/koki/ros2_studies_ws/install/example_interfaces/include/example_interfaces/msg/u_int8_multi_array__rosidl_typesupport_fastrtps_cpp.hpp
[7.385s] -- Up-to-date symlink: /home/koki/ros2_studies_ws/install/example_interfaces/include/example_interfaces/msg/w_string__rosidl_typesupport_fastrtps_cpp.hpp
[7.385s] -- Up-to-date symlink: /home/koki/ros2_studies_ws/install/example_interfaces/include/example_interfaces/srv/add_two_ints__rosidl_typesupport_fastrtps_cpp.hpp
[7.385s] -- Up-to-date symlink: /home/koki/ros2_studies_ws/install/example_interfaces/include/example_interfaces/srv/set_bool__rosidl_typesupport_fastrtps_cpp.hpp
[7.385s] -- Up-to-date symlink: /home/koki/ros2_studies_ws/install/example_interfaces/include/example_interfaces/srv/trigger__rosidl_typesupport_fastrtps_cpp.hpp
[7.386s] -- Up-to-date symlink: /home/koki/ros2_studies_ws/install/example_interfaces/lib/libexample_interfaces__rosidl_typesupport_fastrtps_cpp.so
[7.387s] -- Up-to-date symlink: /home/koki/ros2_studies_ws/install/example_interfaces/include/example_interfaces/action/fibonacci.hpp
[7.387s] -- Up-to-date symlink: /home/koki/ros2_studies_ws/install/example_interfaces/include/example_interfaces/action/fibonacci__struct.hpp
[7.387s] -- Up-to-date symlink: /home/koki/ros2_studies_ws/install/example_interfaces/include/example_interfaces/action/fibonacci__traits.hpp
[7.387s] -- Up-to-date symlink: /home/koki/ros2_studies_ws/install/example_interfaces/include/example_interfaces/msg/bool.hpp
[7.387s] -- Up-to-date symlink: /home/koki/ros2_studies_ws/install/example_interfaces/include/example_interfaces/msg/bool__struct.hpp
[7.387s] -- Up-to-date symlink: /home/koki/ros2_studies_ws/install/example_interfaces/include/example_interfaces/msg/bool__traits.hpp
[7.387s] -- Up-to-date symlink: /home/koki/ros2_studies_ws/install/example_interfaces/include/example_interfaces/msg/byte.hpp
[7.387s] -- Up-to-date symlink: /home/koki/ros2_studies_ws/install/example_interfaces/include/example_interfaces/msg/byte__struct.hpp
[7.388s] -- Up-to-date symlink: /home/koki/ros2_studies_ws/install/example_interfaces/include/example_interfaces/msg/byte__traits.hpp
[7.388s] -- Up-to-date symlink: /home/koki/ros2_studies_ws/install/example_interfaces/include/example_interfaces/msg/byte_multi_array.hpp
[7.388s] -- Up-to-date symlink: /home/koki/ros2_studies_ws/install/example_interfaces/include/example_interfaces/msg/byte_multi_array__struct.hpp
[7.388s] -- Up-to-date symlink: /home/koki/ros2_studies_ws/install/example_interfaces/include/example_interfaces/msg/byte_multi_array__traits.hpp
[7.388s] -- Up-to-date symlink: /home/koki/ros2_studies_ws/install/example_interfaces/include/example_interfaces/msg/char.hpp
[7.388s] -- Up-to-date symlink: /home/koki/ros2_studies_ws/install/example_interfaces/include/example_interfaces/msg/char__struct.hpp
[7.388s] -- Up-to-date symlink: /home/koki/ros2_studies_ws/install/example_interfaces/include/example_interfaces/msg/char__traits.hpp
[7.389s] -- Up-to-date symlink: /home/koki/ros2_studies_ws/install/example_interfaces/include/example_interfaces/msg/empty.hpp
[7.389s] -- Up-to-date symlink: /home/koki/ros2_studies_ws/install/example_interfaces/include/example_interfaces/msg/empty__struct.hpp
[7.389s] -- Up-to-date symlink: /home/koki/ros2_studies_ws/install/example_interfaces/include/example_interfaces/msg/empty__traits.hpp
[7.389s] -- Up-to-date symlink: /home/koki/ros2_studies_ws/install/example_interfaces/include/example_interfaces/msg/float32.hpp
[7.389s] -- Up-to-date symlink: /home/koki/ros2_studies_ws/install/example_interfaces/include/example_interfaces/msg/float32__struct.hpp
[7.389s] -- Up-to-date symlink: /home/koki/ros2_studies_ws/install/example_interfaces/include/example_interfaces/msg/float32__traits.hpp
[7.389s] -- Up-to-date symlink: /home/koki/ros2_studies_ws/install/example_interfaces/include/example_interfaces/msg/float32_multi_array.hpp
[7.390s] -- Up-to-date symlink: /home/koki/ros2_studies_ws/install/example_interfaces/include/example_interfaces/msg/float32_multi_array__struct.hpp
[7.390s] -- Up-to-date symlink: /home/koki/ros2_studies_ws/install/example_interfaces/include/example_interfaces/msg/float32_multi_array__traits.hpp
[7.390s] -- Up-to-date symlink: /home/koki/ros2_studies_ws/install/example_interfaces/include/example_interfaces/msg/float64.hpp
[7.390s] -- Up-to-date symlink: /home/koki/ros2_studies_ws/install/example_interfaces/include/example_interfaces/msg/float64__struct.hpp
[7.390s] -- Up-to-date symlink: /home/koki/ros2_studies_ws/install/example_interfaces/include/example_interfaces/msg/float64__traits.hpp
[7.390s] -- Up-to-date symlink: /home/koki/ros2_studies_ws/install/example_interfaces/include/example_interfaces/msg/float64_multi_array.hpp
[7.390s] -- Up-to-date symlink: /home/koki/ros2_studies_ws/install/example_interfaces/include/example_interfaces/msg/float64_multi_array__struct.hpp
[7.390s] -- Up-to-date symlink: /home/koki/ros2_studies_ws/install/example_interfaces/include/example_interfaces/msg/float64_multi_array__traits.hpp
[7.390s] -- Up-to-date symlink: /home/koki/ros2_studies_ws/install/example_interfaces/include/example_interfaces/msg/int16.hpp
[7.391s] -- Up-to-date symlink: /home/koki/ros2_studies_ws/install/example_interfaces/include/example_interfaces/msg/int16__struct.hpp
[7.391s] -- Up-to-date symlink: /home/koki/ros2_studies_ws/install/example_interfaces/include/example_interfaces/msg/int16__traits.hpp
[7.391s] -- Up-to-date symlink: /home/koki/ros2_studies_ws/install/example_interfaces/include/example_interfaces/msg/int16_multi_array.hpp
[7.391s] -- Up-to-date symlink: /home/koki/ros2_studies_ws/install/example_interfaces/include/example_interfaces/msg/int16_multi_array__struct.hpp
[7.391s] -- Up-to-date symlink: /home/koki/ros2_studies_ws/install/example_interfaces/include/example_interfaces/msg/int16_multi_array__traits.hpp
[7.391s] -- Up-to-date symlink: /home/koki/ros2_studies_ws/install/example_interfaces/include/example_interfaces/msg/int32.hpp
[7.391s] -- Up-to-date symlink: /home/koki/ros2_studies_ws/install/example_interfaces/include/example_interfaces/msg/int32__struct.hpp
[7.391s] -- Up-to-date symlink: /home/koki/ros2_studies_ws/install/example_interfaces/include/example_interfaces/msg/int32__traits.hpp
[7.391s] -- Up-to-date symlink: /home/koki/ros2_studies_ws/install/example_interfaces/include/example_interfaces/msg/int32_multi_array.hpp
[7.392s] -- Up-to-date symlink: /home/koki/ros2_studies_ws/install/example_interfaces/include/example_interfaces/msg/int32_multi_array__struct.hpp
[7.392s] -- Up-to-date symlink: /home/koki/ros2_studies_ws/install/example_interfaces/include/example_interfaces/msg/int32_multi_array__traits.hpp
[7.392s] -- Up-to-date symlink: /home/koki/ros2_studies_ws/install/example_interfaces/include/example_interfaces/msg/int64.hpp
[7.392s] -- Up-to-date symlink: /home/koki/ros2_studies_ws/install/example_interfaces/include/example_interfaces/msg/int64__struct.hpp
[7.392s] -- Up-to-date symlink: /home/koki/ros2_studies_ws/install/example_interfaces/include/example_interfaces/msg/int64__traits.hpp
[7.392s] -- Up-to-date symlink: /home/koki/ros2_studies_ws/install/example_interfaces/include/example_interfaces/msg/int64_multi_array.hpp
[7.392s] -- Up-to-date symlink: /home/koki/ros2_studies_ws/install/example_interfaces/include/example_interfaces/msg/int64_multi_array__struct.hpp
[7.392s] -- Up-to-date symlink: /home/koki/ros2_studies_ws/install/example_interfaces/include/example_interfaces/msg/int64_multi_array__traits.hpp
[7.393s] -- Up-to-date symlink: /home/koki/ros2_studies_ws/install/example_interfaces/include/example_interfaces/msg/int8.hpp
[7.393s] -- Up-to-date symlink: /home/koki/ros2_studies_ws/install/example_interfaces/include/example_interfaces/msg/int8__struct.hpp
[7.393s] -- Up-to-date symlink: /home/koki/ros2_studies_ws/install/example_interfaces/include/example_interfaces/msg/int8__traits.hpp
[7.393s] -- Up-to-date symlink: /home/koki/ros2_studies_ws/install/example_interfaces/include/example_interfaces/msg/int8_multi_array.hpp
[7.393s] -- Up-to-date symlink: /home/koki/ros2_studies_ws/install/example_interfaces/include/example_interfaces/msg/int8_multi_array__struct.hpp
[7.393s] -- Up-to-date symlink: /home/koki/ros2_studies_ws/install/example_interfaces/include/example_interfaces/msg/int8_multi_array__traits.hpp
[7.393s] -- Up-to-date symlink: /home/koki/ros2_studies_ws/install/example_interfaces/include/example_interfaces/msg/multi_array_dimension.hpp
[7.393s] -- Up-to-date symlink: /home/koki/ros2_studies_ws/install/example_interfaces/include/example_interfaces/msg/multi_array_dimension__struct.hpp
[7.393s] -- Up-to-date symlink: /home/koki/ros2_studies_ws/install/example_interfaces/include/example_interfaces/msg/multi_array_dimension__traits.hpp
[7.394s] -- Up-to-date symlink: /home/koki/ros2_studies_ws/install/example_interfaces/include/example_interfaces/msg/multi_array_layout.hpp
[7.394s] -- Up-to-date symlink: /home/koki/ros2_studies_ws/install/example_interfaces/include/example_interfaces/msg/multi_array_layout__struct.hpp
[7.394s] -- Up-to-date symlink: /home/koki/ros2_studies_ws/install/example_interfaces/include/example_interfaces/msg/multi_array_layout__traits.hpp
[7.394s] -- Up-to-date symlink: /home/koki/ros2_studies_ws/install/example_interfaces/include/example_interfaces/msg/string.hpp
[7.394s] -- Up-to-date symlink: /home/koki/ros2_studies_ws/install/example_interfaces/include/example_interfaces/msg/string__struct.hpp
[7.394s] -- Up-to-date symlink: /home/koki/ros2_studies_ws/install/example_interfaces/include/example_interfaces/msg/string__traits.hpp
[7.394s] -- Up-to-date symlink: /home/koki/ros2_studies_ws/install/example_interfaces/include/example_interfaces/msg/u_int16.hpp
[7.394s] -- Up-to-date symlink: /home/koki/ros2_studies_ws/install/example_interfaces/include/example_interfaces/msg/u_int16__struct.hpp
[7.394s] -- Up-to-date symlink: /home/koki/ros2_studies_ws/install/example_interfaces/include/example_interfaces/msg/u_int16__traits.hpp
[7.395s] -- Up-to-date symlink: /home/koki/ros2_studies_ws/install/example_interfaces/include/example_interfaces/msg/u_int16_multi_array.hpp
[7.395s] -- Up-to-date symlink: /home/koki/ros2_studies_ws/install/example_interfaces/include/example_interfaces/msg/u_int16_multi_array__struct.hpp
[7.395s] -- Up-to-date symlink: /home/koki/ros2_studies_ws/install/example_interfaces/include/example_interfaces/msg/u_int16_multi_array__traits.hpp
[7.395s] -- Up-to-date symlink: /home/koki/ros2_studies_ws/install/example_interfaces/include/example_interfaces/msg/u_int32.hpp
[7.395s] -- Up-to-date symlink: /home/koki/ros2_studies_ws/install/example_interfaces/include/example_interfaces/msg/u_int32__struct.hpp
[7.395s] -- Up-to-date symlink: /home/koki/ros2_studies_ws/install/example_interfaces/include/example_interfaces/msg/u_int32__traits.hpp
[7.395s] -- Up-to-date symlink: /home/koki/ros2_studies_ws/install/example_interfaces/include/example_interfaces/msg/u_int32_multi_array.hpp
[7.395s] -- Up-to-date symlink: /home/koki/ros2_studies_ws/install/example_interfaces/include/example_interfaces/msg/u_int32_multi_array__struct.hpp
[7.395s] -- Up-to-date symlink: /home/koki/ros2_studies_ws/install/example_interfaces/include/example_interfaces/msg/u_int32_multi_array__traits.hpp
[7.396s] -- Up-to-date symlink: /home/koki/ros2_studies_ws/install/example_interfaces/include/example_interfaces/msg/u_int64.hpp
[7.396s] -- Up-to-date symlink: /home/koki/ros2_studies_ws/install/example_interfaces/include/example_interfaces/msg/u_int64__struct.hpp
[7.396s] -- Up-to-date symlink: /home/koki/ros2_studies_ws/install/example_interfaces/include/example_interfaces/msg/u_int64__traits.hpp
[7.396s] -- Up-to-date symlink: /home/koki/ros2_studies_ws/install/example_interfaces/include/example_interfaces/msg/u_int64_multi_array.hpp
[7.396s] -- Up-to-date symlink: /home/koki/ros2_studies_ws/install/example_interfaces/include/example_interfaces/msg/u_int64_multi_array__struct.hpp
[7.396s] -- Up-to-date symlink: /home/koki/ros2_studies_ws/install/example_interfaces/include/example_interfaces/msg/u_int64_multi_array__traits.hpp
[7.396s] -- Up-to-date symlink: /home/koki/ros2_studies_ws/install/example_interfaces/include/example_interfaces/msg/u_int8.hpp
[7.396s] -- Up-to-date symlink: /home/koki/ros2_studies_ws/install/example_interfaces/include/example_interfaces/msg/u_int8__struct.hpp
[7.397s] -- Up-to-date symlink: /home/koki/ros2_studies_ws/install/example_interfaces/include/example_interfaces/msg/u_int8__traits.hpp
[7.397s] -- Up-to-date symlink: /home/koki/ros2_studies_ws/install/example_interfaces/include/example_interfaces/msg/u_int8_multi_array.hpp
[7.397s] -- Up-to-date symlink: /home/koki/ros2_studies_ws/install/example_interfaces/include/example_interfaces/msg/u_int8_multi_array__struct.hpp
[7.397s] -- Up-to-date symlink: /home/koki/ros2_studies_ws/install/example_interfaces/include/example_interfaces/msg/u_int8_multi_array__traits.hpp
[7.397s] -- Up-to-date symlink: /home/koki/ros2_studies_ws/install/example_interfaces/include/example_interfaces/msg/w_string.hpp
[7.397s] -- Up-to-date symlink: /home/koki/ros2_studies_ws/install/example_interfaces/include/example_interfaces/msg/w_string__struct.hpp
[7.397s] -- Up-to-date symlink: /home/koki/ros2_studies_ws/install/example_interfaces/include/example_interfaces/msg/w_string__traits.hpp
[7.397s] -- Up-to-date symlink: /home/koki/ros2_studies_ws/install/example_interfaces/include/example_interfaces/srv/add_two_ints.hpp
[7.397s] -- Up-to-date symlink: /home/koki/ros2_studies_ws/install/example_interfaces/include/example_interfaces/srv/add_two_ints__struct.hpp
[7.398s] -- Up-to-date symlink: /home/koki/ros2_studies_ws/install/example_interfaces/include/example_interfaces/srv/add_two_ints__traits.hpp
[7.398s] -- Up-to-date symlink: /home/koki/ros2_studies_ws/install/example_interfaces/include/example_interfaces/srv/set_bool.hpp
[7.398s] -- Up-to-date symlink: /home/koki/ros2_studies_ws/install/example_interfaces/include/example_interfaces/srv/set_bool__struct.hpp
[7.398s] -- Up-to-date symlink: /home/koki/ros2_studies_ws/install/example_interfaces/include/example_interfaces/srv/set_bool__traits.hpp
[7.398s] -- Up-to-date symlink: /home/koki/ros2_studies_ws/install/example_interfaces/include/example_interfaces/srv/trigger.hpp
[7.398s] -- Up-to-date symlink: /home/koki/ros2_studies_ws/install/example_interfaces/include/example_interfaces/srv/trigger__struct.hpp
[7.398s] -- Up-to-date symlink: /home/koki/ros2_studies_ws/install/example_interfaces/include/example_interfaces/srv/trigger__traits.hpp
[7.399s] -- Up-to-date symlink: /home/koki/ros2_studies_ws/install/example_interfaces/include/example_interfaces/action/fibonacci__rosidl_typesupport_introspection_c.h
[7.399s] -- Up-to-date symlink: /home/koki/ros2_studies_ws/install/example_interfaces/include/example_interfaces/msg/bool__rosidl_typesupport_introspection_c.h
[7.399s] -- Up-to-date symlink: /home/koki/ros2_studies_ws/install/example_interfaces/include/example_interfaces/msg/byte__rosidl_typesupport_introspection_c.h
[7.399s] -- Up-to-date symlink: /home/koki/ros2_studies_ws/install/example_interfaces/include/example_interfaces/msg/byte_multi_array__rosidl_typesupport_introspection_c.h
[7.399s] -- Up-to-date symlink: /home/koki/ros2_studies_ws/install/example_interfaces/include/example_interfaces/msg/char__rosidl_typesupport_introspection_c.h
[7.399s] -- Up-to-date symlink: /home/koki/ros2_studies_ws/install/example_interfaces/include/example_interfaces/msg/empty__rosidl_typesupport_introspection_c.h
[7.400s] -- Up-to-date symlink: /home/koki/ros2_studies_ws/install/example_interfaces/include/example_interfaces/msg/float32__rosidl_typesupport_introspection_c.h
[7.400s] -- Up-to-date symlink: /home/koki/ros2_studies_ws/install/example_interfaces/include/example_interfaces/msg/float32_multi_array__rosidl_typesupport_introspection_c.h
[7.400s] -- Up-to-date symlink: /home/koki/ros2_studies_ws/install/example_interfaces/include/example_interfaces/msg/float64__rosidl_typesupport_introspection_c.h
[7.400s] -- Up-to-date symlink: /home/koki/ros2_studies_ws/install/example_interfaces/include/example_interfaces/msg/float64_multi_array__rosidl_typesupport_introspection_c.h
[7.400s] -- Up-to-date symlink: /home/koki/ros2_studies_ws/install/example_interfaces/include/example_interfaces/msg/int16__rosidl_typesupport_introspection_c.h
[7.400s] -- Up-to-date symlink: /home/koki/ros2_studies_ws/install/example_interfaces/include/example_interfaces/msg/int16_multi_array__rosidl_typesupport_introspection_c.h
[7.400s] -- Up-to-date symlink: /home/koki/ros2_studies_ws/install/example_interfaces/include/example_interfaces/msg/int32__rosidl_typesupport_introspection_c.h
[7.400s] -- Up-to-date symlink: /home/koki/ros2_studies_ws/install/example_interfaces/include/example_interfaces/msg/int32_multi_array__rosidl_typesupport_introspection_c.h
[7.401s] -- Up-to-date symlink: /home/koki/ros2_studies_ws/install/example_interfaces/include/example_interfaces/msg/int64__rosidl_typesupport_introspection_c.h
[7.401s] -- Up-to-date symlink: /home/koki/ros2_studies_ws/install/example_interfaces/include/example_interfaces/msg/int64_multi_array__rosidl_typesupport_introspection_c.h
[7.401s] -- Up-to-date symlink: /home/koki/ros2_studies_ws/install/example_interfaces/include/example_interfaces/msg/int8__rosidl_typesupport_introspection_c.h
[7.401s] -- Up-to-date symlink: /home/koki/ros2_studies_ws/install/example_interfaces/include/example_interfaces/msg/int8_multi_array__rosidl_typesupport_introspection_c.h
[7.401s] -- Up-to-date symlink: /home/koki/ros2_studies_ws/install/example_interfaces/include/example_interfaces/msg/multi_array_dimension__rosidl_typesupport_introspection_c.h
[7.401s] -- Up-to-date symlink: /home/koki/ros2_studies_ws/install/example_interfaces/include/example_interfaces/msg/multi_array_layout__rosidl_typesupport_introspection_c.h
[7.401s] -- Up-to-date symlink: /home/koki/ros2_studies_ws/install/example_interfaces/include/example_interfaces/msg/rosidl_typesupport_introspection_c__visibility_control.h
[7.401s] -- Up-to-date symlink: /home/koki/ros2_studies_ws/install/example_interfaces/include/example_interfaces/msg/string__rosidl_typesupport_introspection_c.h
[7.401s] -- Up-to-date symlink: /home/koki/ros2_studies_ws/install/example_interfaces/include/example_interfaces/msg/u_int16__rosidl_typesupport_introspection_c.h
[7.402s] -- Up-to-date symlink: /home/koki/ros2_studies_ws/install/example_interfaces/include/example_interfaces/msg/u_int16_multi_array__rosidl_typesupport_introspection_c.h
[7.402s] -- Up-to-date symlink: /home/koki/ros2_studies_ws/install/example_interfaces/include/example_interfaces/msg/u_int32__rosidl_typesupport_introspection_c.h
[7.402s] -- Up-to-date symlink: /home/koki/ros2_studies_ws/install/example_interfaces/include/example_interfaces/msg/u_int32_multi_array__rosidl_typesupport_introspection_c.h
[7.402s] -- Up-to-date symlink: /home/koki/ros2_studies_ws/install/example_interfaces/include/example_interfaces/msg/u_int64__rosidl_typesupport_introspection_c.h
[7.402s] -- Up-to-date symlink: /home/koki/ros2_studies_ws/install/example_interfaces/include/example_interfaces/msg/u_int64_multi_array__rosidl_typesupport_introspection_c.h
[7.402s] -- Up-to-date symlink: /home/koki/ros2_studies_ws/install/example_interfaces/include/example_interfaces/msg/u_int8__rosidl_typesupport_introspection_c.h
[7.402s] -- Up-to-date symlink: /home/koki/ros2_studies_ws/install/example_interfaces/include/example_interfaces/msg/u_int8_multi_array__rosidl_typesupport_introspection_c.h
[7.402s] -- Up-to-date symlink: /home/koki/ros2_studies_ws/install/example_interfaces/include/example_interfaces/msg/w_string__rosidl_typesupport_introspection_c.h
[7.402s] -- Up-to-date symlink: /home/koki/ros2_studies_ws/install/example_interfaces/include/example_interfaces/srv/add_two_ints__rosidl_typesupport_introspection_c.h
[7.403s] -- Up-to-date symlink: /home/koki/ros2_studies_ws/install/example_interfaces/include/example_interfaces/srv/set_bool__rosidl_typesupport_introspection_c.h
[7.403s] -- Up-to-date symlink: /home/koki/ros2_studies_ws/install/example_interfaces/include/example_interfaces/srv/trigger__rosidl_typesupport_introspection_c.h
[7.403s] -- Up-to-date symlink: /home/koki/ros2_studies_ws/install/example_interfaces/lib/libexample_interfaces__rosidl_typesupport_introspection_c.so
[7.404s] -- Up-to-date symlink: /home/koki/ros2_studies_ws/install/example_interfaces/include/example_interfaces/action/fibonacci__rosidl_typesupport_introspection_cpp.hpp
[7.404s] -- Up-to-date symlink: /home/koki/ros2_studies_ws/install/example_interfaces/include/example_interfaces/msg/bool__rosidl_typesupport_introspection_cpp.hpp
[7.404s] -- Up-to-date symlink: /home/koki/ros2_studies_ws/install/example_interfaces/include/example_interfaces/msg/byte__rosidl_typesupport_introspection_cpp.hpp
[7.404s] -- Up-to-date symlink: /home/koki/ros2_studies_ws/install/example_interfaces/include/example_interfaces/msg/byte_multi_array__rosidl_typesupport_introspection_cpp.hpp
[7.404s] -- Up-to-date symlink: /home/koki/ros2_studies_ws/install/example_interfaces/include/example_interfaces/msg/char__rosidl_typesupport_introspection_cpp.hpp
[7.404s] -- Up-to-date symlink: /home/koki/ros2_studies_ws/install/example_interfaces/include/example_interfaces/msg/empty__rosidl_typesupport_introspection_cpp.hpp
[7.405s] -- Up-to-date symlink: /home/koki/ros2_studies_ws/install/example_interfaces/include/example_interfaces/msg/float32__rosidl_typesupport_introspection_cpp.hpp
[7.405s] -- Up-to-date symlink: /home/koki/ros2_studies_ws/install/example_interfaces/include/example_interfaces/msg/float32_multi_array__rosidl_typesupport_introspection_cpp.hpp
[7.405s] -- Up-to-date symlink: /home/koki/ros2_studies_ws/install/example_interfaces/include/example_interfaces/msg/float64__rosidl_typesupport_introspection_cpp.hpp
[7.405s] -- Up-to-date symlink: /home/koki/ros2_studies_ws/install/example_interfaces/include/example_interfaces/msg/float64_multi_array__rosidl_typesupport_introspection_cpp.hpp
[7.405s] -- Up-to-date symlink: /home/koki/ros2_studies_ws/install/example_interfaces/include/example_interfaces/msg/int16__rosidl_typesupport_introspection_cpp.hpp
[7.405s] -- Up-to-date symlink: /home/koki/ros2_studies_ws/install/example_interfaces/include/example_interfaces/msg/int16_multi_array__rosidl_typesupport_introspection_cpp.hpp
[7.405s] -- Up-to-date symlink: /home/koki/ros2_studies_ws/install/example_interfaces/include/example_interfaces/msg/int32__rosidl_typesupport_introspection_cpp.hpp
[7.406s] -- Up-to-date symlink: /home/koki/ros2_studies_ws/install/example_interfaces/include/example_interfaces/msg/int32_multi_array__rosidl_typesupport_introspection_cpp.hpp
[7.406s] -- Up-to-date symlink: /home/koki/ros2_studies_ws/install/example_interfaces/include/example_interfaces/msg/int64__rosidl_typesupport_introspection_cpp.hpp
[7.406s] -- Up-to-date symlink: /home/koki/ros2_studies_ws/install/example_interfaces/include/example_interfaces/msg/int64_multi_array__rosidl_typesupport_introspection_cpp.hpp
[7.406s] -- Up-to-date symlink: /home/koki/ros2_studies_ws/install/example_interfaces/include/example_interfaces/msg/int8__rosidl_typesupport_introspection_cpp.hpp
[7.406s] -- Up-to-date symlink: /home/koki/ros2_studies_ws/install/example_interfaces/include/example_interfaces/msg/int8_multi_array__rosidl_typesupport_introspection_cpp.hpp
[7.406s] -- Up-to-date symlink: /home/koki/ros2_studies_ws/install/example_interfaces/include/example_interfaces/msg/multi_array_dimension__rosidl_typesupport_introspection_cpp.hpp
[7.406s] -- Up-to-date symlink: /home/koki/ros2_studies_ws/install/example_interfaces/include/example_interfaces/msg/multi_array_layout__rosidl_typesupport_introspection_cpp.hpp
[7.407s] -- Up-to-date symlink: /home/koki/ros2_studies_ws/install/example_interfaces/include/example_interfaces/msg/string__rosidl_typesupport_introspection_cpp.hpp
[7.407s] -- Up-to-date symlink: /home/koki/ros2_studies_ws/install/example_interfaces/include/example_interfaces/msg/u_int16__rosidl_typesupport_introspection_cpp.hpp
[7.407s] -- Up-to-date symlink: /home/koki/ros2_studies_ws/install/example_interfaces/include/example_interfaces/msg/u_int16_multi_array__rosidl_typesupport_introspection_cpp.hpp
[7.407s] -- Up-to-date symlink: /home/koki/ros2_studies_ws/install/example_interfaces/include/example_interfaces/msg/u_int32__rosidl_typesupport_introspection_cpp.hpp
[7.407s] -- Up-to-date symlink: /home/koki/ros2_studies_ws/install/example_interfaces/include/example_interfaces/msg/u_int32_multi_array__rosidl_typesupport_introspection_cpp.hpp
[7.407s] -- Up-to-date symlink: /home/koki/ros2_studies_ws/install/example_interfaces/include/example_interfaces/msg/u_int64__rosidl_typesupport_introspection_cpp.hpp
[7.407s] -- Up-to-date symlink: /home/koki/ros2_studies_ws/install/example_interfaces/include/example_interfaces/msg/u_int64_multi_array__rosidl_typesupport_introspection_cpp.hpp
[7.408s] -- Up-to-date symlink: /home/koki/ros2_studies_ws/install/example_interfaces/include/example_interfaces/msg/u_int8__rosidl_typesupport_introspection_cpp.hpp
[7.408s] -- Up-to-date symlink: /home/koki/ros2_studies_ws/install/example_interfaces/include/example_interfaces/msg/u_int8_multi_array__rosidl_typesupport_introspection_cpp.hpp
[7.408s] -- Up-to-date symlink: /home/koki/ros2_studies_ws/install/example_interfaces/include/example_interfaces/msg/w_string__rosidl_typesupport_introspection_cpp.hpp
[7.408s] -- Up-to-date symlink: /home/koki/ros2_studies_ws/install/example_interfaces/include/example_interfaces/srv/add_two_ints__rosidl_typesupport_introspection_cpp.hpp
[7.408s] -- Up-to-date symlink: /home/koki/ros2_studies_ws/install/example_interfaces/include/example_interfaces/srv/set_bool__rosidl_typesupport_introspection_cpp.hpp
[7.408s] -- Up-to-date symlink: /home/koki/ros2_studies_ws/install/example_interfaces/include/example_interfaces/srv/trigger__rosidl_typesupport_introspection_cpp.hpp
[7.409s] -- Up-to-date symlink: /home/koki/ros2_studies_ws/install/example_interfaces/lib/libexample_interfaces__rosidl_typesupport_introspection_cpp.so
[7.409s] -- Up-to-date symlink: /home/koki/ros2_studies_ws/install/example_interfaces/share/example_interfaces/environment/pythonpath.sh
[7.409s] -- Up-to-date symlink: /home/koki/ros2_studies_ws/install/example_interfaces/lib/python3.6/site-packages/example_interfaces/__init__.py
[7.410s] -- Up-to-date symlink: /home/koki/ros2_studies_ws/install/example_interfaces/lib/python3.6/site-packages/example_interfaces/action/__init__.py
[7.410s] -- Up-to-date symlink: /home/koki/ros2_studies_ws/install/example_interfaces/lib/python3.6/site-packages/example_interfaces/action/_fibonacci.py
[7.410s] -- Up-to-date symlink: /home/koki/ros2_studies_ws/install/example_interfaces/lib/python3.6/site-packages/example_interfaces/msg/__init__.py
[7.411s] -- Up-to-date symlink: /home/koki/ros2_studies_ws/install/example_interfaces/lib/python3.6/site-packages/example_interfaces/msg/_bool.py
[7.411s] -- Up-to-date symlink: /home/koki/ros2_studies_ws/install/example_interfaces/lib/python3.6/site-packages/example_interfaces/msg/_byte.py
[7.411s] -- Up-to-date symlink: /home/koki/ros2_studies_ws/install/example_interfaces/lib/python3.6/site-packages/example_interfaces/msg/_byte_multi_array.py
[7.411s] -- Up-to-date symlink: /home/koki/ros2_studies_ws/install/example_interfaces/lib/python3.6/site-packages/example_interfaces/msg/_char.py
[7.411s] -- Up-to-date symlink: /home/koki/ros2_studies_ws/install/example_interfaces/lib/python3.6/site-packages/example_interfaces/msg/_empty.py
[7.411s] -- Up-to-date symlink: /home/koki/ros2_studies_ws/install/example_interfaces/lib/python3.6/site-packages/example_interfaces/msg/_float32.py
[7.411s] -- Up-to-date symlink: /home/koki/ros2_studies_ws/install/example_interfaces/lib/python3.6/site-packages/example_interfaces/msg/_float32_multi_array.py
[7.412s] -- Up-to-date symlink: /home/koki/ros2_studies_ws/install/example_interfaces/lib/python3.6/site-packages/example_interfaces/msg/_float64.py
[7.412s] -- Up-to-date symlink: /home/koki/ros2_studies_ws/install/example_interfaces/lib/python3.6/site-packages/example_interfaces/msg/_float64_multi_array.py
[7.412s] -- Up-to-date symlink: /home/koki/ros2_studies_ws/install/example_interfaces/lib/python3.6/site-packages/example_interfaces/msg/_int16.py
[7.412s] -- Up-to-date symlink: /home/koki/ros2_studies_ws/install/example_interfaces/lib/python3.6/site-packages/example_interfaces/msg/_int16_multi_array.py
[7.412s] -- Up-to-date symlink: /home/koki/ros2_studies_ws/install/example_interfaces/lib/python3.6/site-packages/example_interfaces/msg/_int32.py
[7.412s] -- Up-to-date symlink: /home/koki/ros2_studies_ws/install/example_interfaces/lib/python3.6/site-packages/example_interfaces/msg/_int32_multi_array.py
[7.412s] -- Up-to-date symlink: /home/koki/ros2_studies_ws/install/example_interfaces/lib/python3.6/site-packages/example_interfaces/msg/_int64.py
[7.412s] -- Up-to-date symlink: /home/koki/ros2_studies_ws/install/example_interfaces/lib/python3.6/site-packages/example_interfaces/msg/_int64_multi_array.py
[7.413s] -- Up-to-date symlink: /home/koki/ros2_studies_ws/install/example_interfaces/lib/python3.6/site-packages/example_interfaces/msg/_int8.py
[7.413s] -- Up-to-date symlink: /home/koki/ros2_studies_ws/install/example_interfaces/lib/python3.6/site-packages/example_interfaces/msg/_int8_multi_array.py
[7.413s] -- Up-to-date symlink: /home/koki/ros2_studies_ws/install/example_interfaces/lib/python3.6/site-packages/example_interfaces/msg/_multi_array_dimension.py
[7.413s] -- Up-to-date symlink: /home/koki/ros2_studies_ws/install/example_interfaces/lib/python3.6/site-packages/example_interfaces/msg/_multi_array_layout.py
[7.413s] -- Up-to-date symlink: /home/koki/ros2_studies_ws/install/example_interfaces/lib/python3.6/site-packages/example_interfaces/msg/_string.py
[7.413s] -- Up-to-date symlink: /home/koki/ros2_studies_ws/install/example_interfaces/lib/python3.6/site-packages/example_interfaces/msg/_u_int16.py
[7.413s] -- Up-to-date symlink: /home/koki/ros2_studies_ws/install/example_interfaces/lib/python3.6/site-packages/example_interfaces/msg/_u_int16_multi_array.py
[7.414s] -- Up-to-date symlink: /home/koki/ros2_studies_ws/install/example_interfaces/lib/python3.6/site-packages/example_interfaces/msg/_u_int32.py
[7.414s] -- Up-to-date symlink: /home/koki/ros2_studies_ws/install/example_interfaces/lib/python3.6/site-packages/example_interfaces/msg/_u_int32_multi_array.py
[7.414s] -- Up-to-date symlink: /home/koki/ros2_studies_ws/install/example_interfaces/lib/python3.6/site-packages/example_interfaces/msg/_u_int64.py
[7.414s] -- Up-to-date symlink: /home/koki/ros2_studies_ws/install/example_interfaces/lib/python3.6/site-packages/example_interfaces/msg/_u_int64_multi_array.py
[7.414s] -- Up-to-date symlink: /home/koki/ros2_studies_ws/install/example_interfaces/lib/python3.6/site-packages/example_interfaces/msg/_u_int8.py
[7.414s] -- Up-to-date symlink: /home/koki/ros2_studies_ws/install/example_interfaces/lib/python3.6/site-packages/example_interfaces/msg/_u_int8_multi_array.py
[7.414s] -- Up-to-date symlink: /home/koki/ros2_studies_ws/install/example_interfaces/lib/python3.6/site-packages/example_interfaces/msg/_w_string.py
[7.415s] -- Up-to-date symlink: /home/koki/ros2_studies_ws/install/example_interfaces/lib/python3.6/site-packages/example_interfaces/srv/__init__.py
[7.415s] -- Up-to-date symlink: /home/koki/ros2_studies_ws/install/example_interfaces/lib/python3.6/site-packages/example_interfaces/srv/_add_two_ints.py
[7.415s] -- Up-to-date symlink: /home/koki/ros2_studies_ws/install/example_interfaces/lib/python3.6/site-packages/example_interfaces/srv/_set_bool.py
[7.415s] -- Up-to-date symlink: /home/koki/ros2_studies_ws/install/example_interfaces/lib/python3.6/site-packages/example_interfaces/srv/_trigger.py
[7.416s] -- Up-to-date symlink: /home/koki/ros2_studies_ws/install/example_interfaces/lib/python3.6/site-packages/example_interfaces/example_interfaces_s__rosidl_typesupport_c.cpython-36m-x86_64-linux-gnu.so
[7.416s] -- Up-to-date symlink: /home/koki/ros2_studies_ws/install/example_interfaces/lib/python3.6/site-packages/example_interfaces/example_interfaces_s__rosidl_typesupport_introspection_c.cpython-36m-x86_64-linux-gnu.so
[7.416s] -- Up-to-date symlink: /home/koki/ros2_studies_ws/install/example_interfaces/lib/python3.6/site-packages/example_interfaces/example_interfaces_s__rosidl_typesupport_fastrtps_c.cpython-36m-x86_64-linux-gnu.so
[7.417s] -- Up-to-date symlink: /home/koki/ros2_studies_ws/install/example_interfaces/lib/libexample_interfaces__python.so
[7.417s] -- Up-to-date symlink: /home/koki/ros2_studies_ws/install/example_interfaces/share/example_interfaces/action/Fibonacci.idl
[7.417s] -- Up-to-date symlink: /home/koki/ros2_studies_ws/install/example_interfaces/share/example_interfaces/msg/Bool.idl
[7.418s] -- Up-to-date symlink: /home/koki/ros2_studies_ws/install/example_interfaces/share/example_interfaces/msg/Byte.idl
[7.418s] -- Up-to-date symlink: /home/koki/ros2_studies_ws/install/example_interfaces/share/example_interfaces/msg/ByteMultiArray.idl
[7.418s] -- Up-to-date symlink: /home/koki/ros2_studies_ws/install/example_interfaces/share/example_interfaces/msg/Char.idl
[7.418s] -- Up-to-date symlink: /home/koki/ros2_studies_ws/install/example_interfaces/share/example_interfaces/msg/Empty.idl
[7.418s] -- Up-to-date symlink: /home/koki/ros2_studies_ws/install/example_interfaces/share/example_interfaces/msg/Float32.idl
[7.419s] -- Up-to-date symlink: /home/koki/ros2_studies_ws/install/example_interfaces/share/example_interfaces/msg/Float32MultiArray.idl
[7.419s] -- Up-to-date symlink: /home/koki/ros2_studies_ws/install/example_interfaces/share/example_interfaces/msg/Float64.idl
[7.419s] -- Up-to-date symlink: /home/koki/ros2_studies_ws/install/example_interfaces/share/example_interfaces/msg/Float64MultiArray.idl
[7.419s] -- Up-to-date symlink: /home/koki/ros2_studies_ws/install/example_interfaces/share/example_interfaces/msg/Int16.idl
[7.420s] -- Up-to-date symlink: /home/koki/ros2_studies_ws/install/example_interfaces/share/example_interfaces/msg/Int16MultiArray.idl
[7.420s] -- Up-to-date symlink: /home/koki/ros2_studies_ws/install/example_interfaces/share/example_interfaces/msg/Int32.idl
[7.420s] -- Up-to-date symlink: /home/koki/ros2_studies_ws/install/example_interfaces/share/example_interfaces/msg/Int32MultiArray.idl
[7.420s] -- Up-to-date symlink: /home/koki/ros2_studies_ws/install/example_interfaces/share/example_interfaces/msg/Int64.idl
[7.421s] -- Up-to-date symlink: /home/koki/ros2_studies_ws/install/example_interfaces/share/example_interfaces/msg/Int64MultiArray.idl
[7.421s] -- Up-to-date symlink: /home/koki/ros2_studies_ws/install/example_interfaces/share/example_interfaces/msg/Int8.idl
[7.421s] -- Up-to-date symlink: /home/koki/ros2_studies_ws/install/example_interfaces/share/example_interfaces/msg/Int8MultiArray.idl
[7.421s] -- Up-to-date symlink: /home/koki/ros2_studies_ws/install/example_interfaces/share/example_interfaces/msg/MultiArrayDimension.idl
[7.422s] -- Up-to-date symlink: /home/koki/ros2_studies_ws/install/example_interfaces/share/example_interfaces/msg/MultiArrayLayout.idl
[7.422s] -- Up-to-date symlink: /home/koki/ros2_studies_ws/install/example_interfaces/share/example_interfaces/msg/String.idl
[7.422s] -- Up-to-date symlink: /home/koki/ros2_studies_ws/install/example_interfaces/share/example_interfaces/msg/UInt16.idl
[7.422s] -- Up-to-date symlink: /home/koki/ros2_studies_ws/install/example_interfaces/share/example_interfaces/msg/UInt16MultiArray.idl
[7.423s] -- Up-to-date symlink: /home/koki/ros2_studies_ws/install/example_interfaces/share/example_interfaces/msg/UInt32.idl
[7.423s] -- Up-to-date symlink: /home/koki/ros2_studies_ws/install/example_interfaces/share/example_interfaces/msg/UInt32MultiArray.idl
[7.423s] -- Up-to-date symlink: /home/koki/ros2_studies_ws/install/example_interfaces/share/example_interfaces/msg/UInt64.idl
[7.423s] -- Up-to-date symlink: /home/koki/ros2_studies_ws/install/example_interfaces/share/example_interfaces/msg/UInt64MultiArray.idl
[7.424s] -- Up-to-date symlink: /home/koki/ros2_studies_ws/install/example_interfaces/share/example_interfaces/msg/UInt8.idl
[7.424s] -- Up-to-date symlink: /home/koki/ros2_studies_ws/install/example_interfaces/share/example_interfaces/msg/UInt8MultiArray.idl
[7.424s] -- Up-to-date symlink: /home/koki/ros2_studies_ws/install/example_interfaces/share/example_interfaces/msg/WString.idl
[7.424s] -- Up-to-date symlink: /home/koki/ros2_studies_ws/install/example_interfaces/share/example_interfaces/srv/AddTwoInts.idl
[7.424s] -- Up-to-date symlink: /home/koki/ros2_studies_ws/install/example_interfaces/share/example_interfaces/srv/SetBool.idl
[7.424s] -- Up-to-date symlink: /home/koki/ros2_studies_ws/install/example_interfaces/share/example_interfaces/srv/Trigger.idl
[7.425s] -- Up-to-date symlink: /home/koki/ros2_studies_ws/install/example_interfaces/share/example_interfaces/action/Fibonacci.action
[7.425s] -- Up-to-date symlink: /home/koki/ros2_studies_ws/install/example_interfaces/share/example_interfaces/msg/Bool.msg
[7.425s] -- Up-to-date symlink: /home/koki/ros2_studies_ws/install/example_interfaces/share/example_interfaces/msg/Byte.msg
[7.425s] -- Up-to-date symlink: /home/koki/ros2_studies_ws/install/example_interfaces/share/example_interfaces/msg/ByteMultiArray.msg
[7.425s] -- Up-to-date symlink: /home/koki/ros2_studies_ws/install/example_interfaces/share/example_interfaces/msg/Char.msg
[7.425s] -- Up-to-date symlink: /home/koki/ros2_studies_ws/install/example_interfaces/share/example_interfaces/msg/Empty.msg
[7.426s] -- Up-to-date symlink: /home/koki/ros2_studies_ws/install/example_interfaces/share/example_interfaces/msg/Float32.msg
[7.426s] -- Up-to-date symlink: /home/koki/ros2_studies_ws/install/example_interfaces/share/example_interfaces/msg/Float32MultiArray.msg
[7.426s] -- Up-to-date symlink: /home/koki/ros2_studies_ws/install/example_interfaces/share/example_interfaces/msg/Float64.msg
[7.426s] -- Up-to-date symlink: /home/koki/ros2_studies_ws/install/example_interfaces/share/example_interfaces/msg/Float64MultiArray.msg
[7.426s] -- Up-to-date symlink: /home/koki/ros2_studies_ws/install/example_interfaces/share/example_interfaces/msg/Int16.msg
[7.427s] -- Up-to-date symlink: /home/koki/ros2_studies_ws/install/example_interfaces/share/example_interfaces/msg/Int16MultiArray.msg
[7.427s] -- Up-to-date symlink: /home/koki/ros2_studies_ws/install/example_interfaces/share/example_interfaces/msg/Int32.msg
[7.427s] -- Up-to-date symlink: /home/koki/ros2_studies_ws/install/example_interfaces/share/example_interfaces/msg/Int32MultiArray.msg
[7.427s] -- Up-to-date symlink: /home/koki/ros2_studies_ws/install/example_interfaces/share/example_interfaces/msg/Int64.msg
[7.427s] -- Up-to-date symlink: /home/koki/ros2_studies_ws/install/example_interfaces/share/example_interfaces/msg/Int64MultiArray.msg
[7.427s] -- Up-to-date symlink: /home/koki/ros2_studies_ws/install/example_interfaces/share/example_interfaces/msg/Int8.msg
[7.428s] -- Up-to-date symlink: /home/koki/ros2_studies_ws/install/example_interfaces/share/example_interfaces/msg/Int8MultiArray.msg
[7.428s] -- Up-to-date symlink: /home/koki/ros2_studies_ws/install/example_interfaces/share/example_interfaces/msg/MultiArrayDimension.msg
[7.428s] -- Up-to-date symlink: /home/koki/ros2_studies_ws/install/example_interfaces/share/example_interfaces/msg/MultiArrayLayout.msg
[7.428s] -- Up-to-date symlink: /home/koki/ros2_studies_ws/install/example_interfaces/share/example_interfaces/msg/String.msg
[7.428s] -- Up-to-date symlink: /home/koki/ros2_studies_ws/install/example_interfaces/share/example_interfaces/msg/UInt16.msg
[7.428s] -- Up-to-date symlink: /home/koki/ros2_studies_ws/install/example_interfaces/share/example_interfaces/msg/UInt16MultiArray.msg
[7.429s] -- Up-to-date symlink: /home/koki/ros2_studies_ws/install/example_interfaces/share/example_interfaces/msg/UInt32.msg
[7.429s] -- Up-to-date symlink: /home/koki/ros2_studies_ws/install/example_interfaces/share/example_interfaces/msg/UInt32MultiArray.msg
[7.429s] -- Up-to-date symlink: /home/koki/ros2_studies_ws/install/example_interfaces/share/example_interfaces/msg/UInt64.msg
[7.429s] -- Up-to-date symlink: /home/koki/ros2_studies_ws/install/example_interfaces/share/example_interfaces/msg/UInt64MultiArray.msg
[7.429s] -- Up-to-date symlink: /home/koki/ros2_studies_ws/install/example_interfaces/share/example_interfaces/msg/UInt8.msg
[7.430s] -- Up-to-date symlink: /home/koki/ros2_studies_ws/install/example_interfaces/share/example_interfaces/msg/UInt8MultiArray.msg
[7.430s] -- Up-to-date symlink: /home/koki/ros2_studies_ws/install/example_interfaces/share/example_interfaces/msg/WString.msg
[7.430s] -- Up-to-date symlink: /home/koki/ros2_studies_ws/install/example_interfaces/share/example_interfaces/srv/AddTwoInts.srv
[7.430s] -- Up-to-date symlink: /home/koki/ros2_studies_ws/install/example_interfaces/share/example_interfaces/srv/AddTwoInts_Request.msg
[7.431s] -- Up-to-date symlink: /home/koki/ros2_studies_ws/install/example_interfaces/share/example_interfaces/srv/AddTwoInts_Response.msg
[7.431s] -- Up-to-date symlink: /home/koki/ros2_studies_ws/install/example_interfaces/share/example_interfaces/srv/SetBool.srv
[7.431s] -- Up-to-date symlink: /home/koki/ros2_studies_ws/install/example_interfaces/share/example_interfaces/srv/SetBool_Request.msg
[7.431s] -- Up-to-date symlink: /home/koki/ros2_studies_ws/install/example_interfaces/share/example_interfaces/srv/SetBool_Response.msg
[7.432s] -- Up-to-date symlink: /home/koki/ros2_studies_ws/install/example_interfaces/share/example_interfaces/srv/Trigger.srv
[7.432s] -- Up-to-date symlink: /home/koki/ros2_studies_ws/install/example_interfaces/share/example_interfaces/srv/Trigger_Request.msg
[7.432s] -- Up-to-date symlink: /home/koki/ros2_studies_ws/install/example_interfaces/share/example_interfaces/srv/Trigger_Response.msg
[7.432s] -- Up-to-date symlink: /home/koki/ros2_studies_ws/install/example_interfaces/share/example_interfaces/mapping_rules.yaml
[7.432s] -- Up-to-date symlink: /home/koki/ros2_studies_ws/install/example_interfaces/share/ament_index/resource_index/package_run_dependencies/example_interfaces
[7.433s] -- Up-to-date symlink: /home/koki/ros2_studies_ws/install/example_interfaces/share/ament_index/resource_index/parent_prefix_path/example_interfaces
[7.433s] -- Up-to-date symlink: /home/koki/ros2_studies_ws/install/example_interfaces/share/example_interfaces/environment/ament_prefix_path.sh
[7.433s] -- Up-to-date symlink: /home/koki/ros2_studies_ws/install/example_interfaces/share/example_interfaces/environment/path.sh
[7.433s] -- Up-to-date symlink: /home/koki/ros2_studies_ws/install/example_interfaces/share/example_interfaces/local_setup.bash
[7.434s] -- Up-to-date symlink: /home/koki/ros2_studies_ws/install/example_interfaces/share/example_interfaces/local_setup.sh
[7.434s] -- Up-to-date symlink: /home/koki/ros2_studies_ws/install/example_interfaces/share/example_interfaces/local_setup.zsh
[7.434s] -- Up-to-date symlink: /home/koki/ros2_studies_ws/install/example_interfaces/share/ament_index/resource_index/packages/example_interfaces
[7.434s] -- Up-to-date symlink: /home/koki/ros2_studies_ws/install/example_interfaces/share/example_interfaces/cmake/rosidl_cmake-extras.cmake
[7.434s] -- Up-to-date symlink: /home/koki/ros2_studies_ws/install/example_interfaces/share/example_interfaces/cmake/ament_cmake_export_dependencies-extras.cmake
[7.435s] -- Up-to-date symlink: /home/koki/ros2_studies_ws/install/example_interfaces/share/example_interfaces/cmake/ament_cmake_export_libraries-extras.cmake
[7.435s] -- Up-to-date symlink: /home/koki/ros2_studies_ws/install/example_interfaces/share/example_interfaces/cmake/ament_cmake_export_include_directories-extras.cmake
[7.435s] -- Up-to-date symlink: /home/koki/ros2_studies_ws/install/example_interfaces/share/example_interfaces/cmake/example_interfacesConfig.cmake
[7.435s] -- Up-to-date symlink: /home/koki/ros2_studies_ws/install/example_interfaces/share/example_interfaces/cmake/example_interfacesConfig-version.cmake
[7.436s] -- Up-to-date symlink: /home/koki/ros2_studies_ws/install/example_interfaces/share/example_interfaces/package.xml
[7.526s] Compiling '/home/koki/ros2_studies_ws/install/example_interfaces/lib/python3.6/site-packages/example_interfaces/__init__.py'...
[7.533s] Invoked command in '/home/koki/ros2_studies_ws/build/example_interfaces' returned '0': CMAKE_PREFIX_PATH=${CMAKE_PREFIX_PATH}:/home/koki/ros2_studies_ws/install/ros2_demo_py:/opt/ros/dashing:/home/koki/ros2_dashing/install/ros2bag:/home/koki/ros2_dashing/install/topic_monitor:/home/koki/ros2_dashing/install/sros2:/home/koki/ros2_dashing/install/rqt_topic:/home/koki/ros2_dashing/install/rqt_action:/home/koki/ros2_dashing/install/rqt:/home/koki/ros2_dashing/install/rqt_graph:/home/koki/ros2_dashing/install/rqt_gui_py:/home/koki/ros2_dashing/install/rqt_gui:/home/koki/ros2_dashing/install/ros2topic:/home/koki/ros2_dashing/install/ros2test:/home/koki/ros2_dashing/install/ros2component:/home/koki/ros2_dashing/install/ros2param:/home/koki/ros2_dashing/install/ros2lifecycle:/home/koki/ros2_dashing/install/ros2service:/home/koki/ros2_dashing/install/ros2srv:/home/koki/ros2_dashing/install/ros2run:/home/koki/ros2_dashing/install/ros2launch:/home/koki/ros2_dashing/install/ros2pkg:/home/koki/ros2_dashing/install/ros2node:/home/koki/ros2_dashing/install/ros2multicast:/home/koki/ros2_dashing/install/ros2msg:/home/koki/ros2_dashing/install/ros2action:/home/koki/ros2_dashing/install/ros2cli:/home/koki/ros2_dashing/install/quality_of_service_demo_py:/home/koki/ros2_dashing/install/launch_testing_ros:/home/koki/ros2_dashing/install/launch_ros:/home/koki/ros2_dashing/install/examples_rclpy_minimal_subscriber:/home/koki/ros2_dashing/install/examples_rclpy_minimal_service:/home/koki/ros2_dashing/install/examples_rclpy_minimal_publisher:/home/koki/ros2_dashing/install/examples_rclpy_minimal_client:/home/koki/ros2_dashing/install/examples_rclpy_minimal_action_server:/home/koki/ros2_dashing/install/examples_rclpy_minimal_action_client:/home/koki/ros2_dashing/install/examples_rclpy_executors:/home/koki/ros2_dashing/install/demo_nodes_py:/home/koki/ros2_dashing/install/ament_uncrustify:/home/koki/ros2_dashing/install/test_launch_ros:/home/koki/ros2_dashing/install/rosidl_runtime_py:/home/koki/ros2_dashing/install/launch_testing:/home/koki/ros2_dashing/install/launch:/home/koki/ros2_dashing/install/osrf_pycommon:/home/koki/ros2_dashing/install/ament_xmllint:/home/koki/ros2_dashing/install/ament_pyflakes:/home/koki/ros2_dashing/install/ament_pep8:/home/koki/ros2_dashing/install/ament_pep257:/home/koki/ros2_dashing/install/ament_pclint:/home/koki/ros2_dashing/install/ament_package:/home/koki/ros2_dashing/install/ament_lint_cmake:/home/koki/ros2_dashing/install/ament_flake8:/home/koki/ros2_dashing/install/ament_copyright:/home/koki/ros2_dashing/install/ament_lint:/home/koki/ros2_dashing/install/ament_index_python:/home/koki/ros2_dashing/install/ament_cpplint:/home/koki/ros2_dashing/install/ament_cppcheck:/home/koki/ros2_dashing/install/ament_clang_tidy:/home/koki/ros2_dashing/install/ament_clang_format /usr/bin/cmake --build /home/koki/ros2_studies_ws/build/example_interfaces --target install -- -j8 -l8
