[1.237s] DEBUG:colcon:Command line arguments: ['/usr/bin/colcon', 'build', '--symlink-install']
[1.238s] DEBUG:colcon:Parsed command line arguments: Namespace(ament_cmake_args=None, base_paths=['.'], build_base='build', catkin_cmake_args=None, catkin_skip_building_tests=False, cmake_args=None, cmake_clean_cache=False, cmake_clean_first=False, cmake_force_configure=False, cmake_target=None, cmake_target_skip_unavailable=False, continue_on_error=False, event_handlers=None, executor='parallel', ignore_user_meta=False, install_base='install', log_base=None, log_level=None, main=<bound method BuildVerb.main of <colcon_core.verb.build.BuildVerb object at 0x7fed75892860>>, merge_install=False, metas=['./colcon.meta'], packages_above=None, packages_above_and_dependencies=None, packages_above_depth=None, packages_end=None, packages_ignore=None, packages_ignore_regex=None, packages_select=None, packages_select_build_failed=False, packages_select_by_dep=None, packages_select_regex=None, packages_select_test_failures=False, packages_skip=None, packages_skip_build_finished=False, packages_skip_by_dep=None, packages_skip_regex=None, packages_skip_test_passed=False, packages_skip_up_to=None, packages_start=None, packages_up_to=None, packages_up_to_regex=None, parallel_workers=8, paths=None, symlink_install=True, test_result_base=None, verb_extension=<colcon_core.verb.build.BuildVerb object at 0x7fed75892860>, verb_name='build', verb_parser=<colcon_defaults.argument_parser.defaults.DefaultArgumentsDecorator object at 0x7fed75892ba8>)
[1.546s] Level 1:colcon.colcon_core.package_discovery:discover_packages(colcon_meta) check parameters
[1.547s] Level 1:colcon.colcon_core.package_discovery:discover_packages(recursive) check parameters
[1.547s] Level 1:colcon.colcon_core.package_discovery:discover_packages(ignore) check parameters
[1.547s] Level 1:colcon.colcon_core.package_discovery:discover_packages(path) check parameters
[1.547s] Level 1:colcon.colcon_core.package_discovery:discover_packages(colcon_meta) discover
[1.548s] Level 1:colcon.colcon_core.package_discovery:discover_packages(recursive) discover
[1.548s] INFO:colcon.colcon_core.package_discovery:Crawling recursively for packages in '/home/koki/ros2_studies_ws'
[1.548s] Level 1:colcon.colcon_core.package_identification:_identify(.) by extensions ['ignore', 'ignore_ament_install']
[1.549s] Level 1:colcon.colcon_core.package_identification:_identify(.) by extension 'ignore'
[1.549s] Level 1:colcon.colcon_core.package_identification:_identify(.) by extension 'ignore_ament_install'
[1.549s] Level 1:colcon.colcon_core.package_identification:_identify(.) by extensions ['colcon_pkg']
[1.549s] Level 1:colcon.colcon_core.package_identification:_identify(.) by extension 'colcon_pkg'
[1.549s] Level 1:colcon.colcon_core.package_identification:_identify(.) by extensions ['colcon_meta']
[1.550s] Level 1:colcon.colcon_core.package_identification:_identify(.) by extension 'colcon_meta'
[1.550s] Level 1:colcon.colcon_core.package_identification:_identify(.) by extensions ['ros']
[1.550s] Level 1:colcon.colcon_core.package_identification:_identify(.) by extension 'ros'
[1.636s] Level 1:colcon.colcon_core.package_identification:_identify(.) by extensions ['cmake', 'python']
[1.636s] Level 1:colcon.colcon_core.package_identification:_identify(.) by extension 'cmake'
[1.636s] Level 1:colcon.colcon_core.package_identification:_identify(.) by extension 'python'
[1.636s] Level 1:colcon.colcon_core.package_identification:_identify(.) by extensions ['python_setup_py']
[1.636s] Level 1:colcon.colcon_core.package_identification:_identify(.) by extension 'python_setup_py'
[1.637s] Level 1:colcon.colcon_core.package_identification:_identify(build) by extensions ['ignore', 'ignore_ament_install']
[1.637s] Level 1:colcon.colcon_core.package_identification:_identify(build) by extension 'ignore'
[1.637s] Level 1:colcon.colcon_core.package_identification:_identify(build) ignored
[1.638s] Level 1:colcon.colcon_core.package_identification:_identify(install) by extensions ['ignore', 'ignore_ament_install']
[1.638s] Level 1:colcon.colcon_core.package_identification:_identify(install) by extension 'ignore'
[1.638s] Level 1:colcon.colcon_core.package_identification:_identify(install) ignored
[1.638s] Level 1:colcon.colcon_core.package_identification:_identify(log) by extensions ['ignore', 'ignore_ament_install']
[1.639s] Level 1:colcon.colcon_core.package_identification:_identify(log) by extension 'ignore'
[1.639s] Level 1:colcon.colcon_core.package_identification:_identify(log) ignored
[1.639s] Level 1:colcon.colcon_core.package_identification:_identify(minimal_class_node) by extensions ['ignore', 'ignore_ament_install']
[1.640s] Level 1:colcon.colcon_core.package_identification:_identify(minimal_class_node) by extension 'ignore'
[1.640s] Level 1:colcon.colcon_core.package_identification:_identify(minimal_class_node) by extension 'ignore_ament_install'
[1.640s] Level 1:colcon.colcon_core.package_identification:_identify(minimal_class_node) by extensions ['colcon_pkg']
[1.640s] Level 1:colcon.colcon_core.package_identification:_identify(minimal_class_node) by extension 'colcon_pkg'
[1.640s] Level 1:colcon.colcon_core.package_identification:_identify(minimal_class_node) by extensions ['colcon_meta']
[1.640s] Level 1:colcon.colcon_core.package_identification:_identify(minimal_class_node) by extension 'colcon_meta'
[1.640s] Level 1:colcon.colcon_core.package_identification:_identify(minimal_class_node) by extensions ['ros']
[1.640s] Level 1:colcon.colcon_core.package_identification:_identify(minimal_class_node) by extension 'ros'
[1.644s] DEBUG:colcon.colcon_core.package_identification:Package 'minimal_class_node' with type 'ros.ament_cmake' and name 'minimal_class_node'
[1.644s] Level 1:colcon.colcon_core.package_identification:_identify(ros2_demo_py) by extensions ['ignore', 'ignore_ament_install']
[1.645s] Level 1:colcon.colcon_core.package_identification:_identify(ros2_demo_py) by extension 'ignore'
[1.645s] Level 1:colcon.colcon_core.package_identification:_identify(ros2_demo_py) by extension 'ignore_ament_install'
[1.645s] Level 1:colcon.colcon_core.package_identification:_identify(ros2_demo_py) by extensions ['colcon_pkg']
[1.645s] Level 1:colcon.colcon_core.package_identification:_identify(ros2_demo_py) by extension 'colcon_pkg'
[1.645s] Level 1:colcon.colcon_core.package_identification:_identify(ros2_demo_py) by extensions ['colcon_meta']
[1.645s] Level 1:colcon.colcon_core.package_identification:_identify(ros2_demo_py) by extension 'colcon_meta'
[1.645s] Level 1:colcon.colcon_core.package_identification:_identify(ros2_demo_py) by extensions ['ros']
[1.645s] Level 1:colcon.colcon_core.package_identification:_identify(ros2_demo_py) by extension 'ros'
[1.659s] DEBUG:colcon.colcon_core.package_identification:Package 'ros2_demo_py' with type 'ros.ament_python' and name 'ros2_demo_py'
[1.659s] Level 1:colcon.colcon_core.package_discovery:discover_packages(recursive) using defaults
[1.659s] Level 1:colcon.colcon_core.package_discovery:discover_packages(ignore) discover
[1.659s] Level 1:colcon.colcon_core.package_discovery:discover_packages(ignore) using defaults
[1.660s] Level 1:colcon.colcon_core.package_discovery:discover_packages(path) discover
[1.660s] Level 1:colcon.colcon_core.package_discovery:discover_packages(path) using defaults
[1.670s] Level 5:colcon.colcon_core.verb:set package 'minimal_class_node' build argument 'cmake_args' from command line to 'None'
[1.671s] Level 5:colcon.colcon_core.verb:set package 'minimal_class_node' build argument 'cmake_target' from command line to 'None'
[1.671s] Level 5:colcon.colcon_core.verb:set package 'minimal_class_node' build argument 'cmake_target_skip_unavailable' from command line to 'False'
[1.671s] Level 5:colcon.colcon_core.verb:set package 'minimal_class_node' build argument 'cmake_clean_cache' from command line to 'False'
[1.671s] Level 5:colcon.colcon_core.verb:set package 'minimal_class_node' build argument 'cmake_clean_first' from command line to 'False'
[1.671s] Level 5:colcon.colcon_core.verb:set package 'minimal_class_node' build argument 'cmake_force_configure' from command line to 'False'
[1.671s] Level 5:colcon.colcon_core.verb:set package 'minimal_class_node' build argument 'ament_cmake_args' from command line to 'None'
[1.671s] Level 5:colcon.colcon_core.verb:set package 'minimal_class_node' build argument 'catkin_cmake_args' from command line to 'None'
[1.671s] Level 5:colcon.colcon_core.verb:set package 'minimal_class_node' build argument 'catkin_skip_building_tests' from command line to 'False'
[1.671s] DEBUG:colcon.colcon_core.verb:Building package 'minimal_class_node' with the following arguments: {'ament_cmake_args': None, 'build_base': '/home/koki/ros2_studies_ws/build/minimal_class_node', 'catkin_cmake_args': None, 'catkin_skip_building_tests': False, 'cmake_args': None, 'cmake_clean_cache': False, 'cmake_clean_first': False, 'cmake_force_configure': False, 'cmake_target': None, 'cmake_target_skip_unavailable': False, 'install_base': '/home/koki/ros2_studies_ws/install/minimal_class_node', 'merge_install': False, 'path': '/home/koki/ros2_studies_ws/minimal_class_node', 'symlink_install': True, 'test_result_base': None}
[1.677s] Level 5:colcon.colcon_core.verb:set package 'ros2_demo_py' build argument 'cmake_args' from command line to 'None'
[1.677s] Level 5:colcon.colcon_core.verb:set package 'ros2_demo_py' build argument 'cmake_target' from command line to 'None'
[1.677s] Level 5:colcon.colcon_core.verb:set package 'ros2_demo_py' build argument 'cmake_target_skip_unavailable' from command line to 'False'
[1.677s] Level 5:colcon.colcon_core.verb:set package 'ros2_demo_py' build argument 'cmake_clean_cache' from command line to 'False'
[1.677s] Level 5:colcon.colcon_core.verb:set package 'ros2_demo_py' build argument 'cmake_clean_first' from command line to 'False'
[1.677s] Level 5:colcon.colcon_core.verb:set package 'ros2_demo_py' build argument 'cmake_force_configure' from command line to 'False'
[1.677s] Level 5:colcon.colcon_core.verb:set package 'ros2_demo_py' build argument 'ament_cmake_args' from command line to 'None'
[1.677s] Level 5:colcon.colcon_core.verb:set package 'ros2_demo_py' build argument 'catkin_cmake_args' from command line to 'None'
[1.677s] Level 5:colcon.colcon_core.verb:set package 'ros2_demo_py' build argument 'catkin_skip_building_tests' from command line to 'False'
[1.677s] DEBUG:colcon.colcon_core.verb:Building package 'ros2_demo_py' with the following arguments: {'ament_cmake_args': None, 'build_base': '/home/koki/ros2_studies_ws/build/ros2_demo_py', 'catkin_cmake_args': None, 'catkin_skip_building_tests': False, 'cmake_args': None, 'cmake_clean_cache': False, 'cmake_clean_first': False, 'cmake_force_configure': False, 'cmake_target': None, 'cmake_target_skip_unavailable': False, 'install_base': '/home/koki/ros2_studies_ws/install/ros2_demo_py', 'merge_install': False, 'path': '/home/koki/ros2_studies_ws/ros2_demo_py', 'symlink_install': True, 'test_result_base': None}
[1.677s] INFO:colcon.colcon_core.executor:Executing jobs using 'parallel' executor
[1.680s] DEBUG:colcon.colcon_parallel_executor.executor.parallel:run_until_complete
[1.680s] INFO:colcon.colcon_ros.task.ament_cmake.build:Building ROS package in '/home/koki/ros2_studies_ws/minimal_class_node' with build type 'ament_cmake'
[1.728s] INFO:colcon.colcon_core.plugin_system:Skipping extension 'colcon_core.shell.bat': Not used on non-Windows systems
[1.729s] INFO:colcon.colcon_cmake.task.cmake.build:Building CMake package in '/home/koki/ros2_studies_ws/minimal_class_node'
[1.730s] INFO:colcon.colcon_core.shell:Skip shell extension 'powershell' for command environment: Not usable outside of PowerShell
[1.730s] DEBUG:colcon.colcon_core.shell:Skip shell extension 'dsv' for command environment
[1.753s] DEBUG:colcon.colcon_core.shell:Ignoring prefix path '/opt/ros/dashing'
[1.783s] INFO:colcon.colcon_ros.task.ament_python.build:Building ROS package in '/home/koki/ros2_studies_ws/ros2_demo_py' with build type 'ament_python'
[1.783s] Level 1:colcon.colcon_core.shell:create_environment_hook('ros2_demo_py', 'ament_prefix_path')
[1.785s] INFO:colcon.colcon_core.shell:Creating environment hook '/home/koki/ros2_studies_ws/install/ros2_demo_py/share/ros2_demo_py/hook/ament_prefix_path.ps1'
[1.801s] INFO:colcon.colcon_core.shell:Creating environment descriptor '/home/koki/ros2_studies_ws/install/ros2_demo_py/share/ros2_demo_py/hook/ament_prefix_path.dsv'
[1.804s] INFO:colcon.colcon_core.shell:Creating environment hook '/home/koki/ros2_studies_ws/install/ros2_demo_py/share/ros2_demo_py/hook/ament_prefix_path.sh'
[1.810s] INFO:colcon.colcon_core.shell:Skip shell extension 'powershell' for command environment: Not usable outside of PowerShell
[1.811s] DEBUG:colcon.colcon_core.shell:Skip shell extension 'dsv' for command environment
[1.846s] DEBUG:colcon.colcon_core.shell:Ignoring prefix path '/opt/ros/dashing'
[1.895s] DEBUG:colcon.colcon_core.event_handler.log_command:Invoking command in '/home/koki/ros2_studies_ws/build/minimal_class_node': CMAKE_PREFIX_PATH=${CMAKE_PREFIX_PATH}:/opt/ros/dashing:/home/koki/ros2_dashing/install/ros2bag:/home/koki/ros2_dashing/install/topic_monitor:/home/koki/ros2_dashing/install/sros2:/home/koki/ros2_dashing/install/rqt_topic:/home/koki/ros2_dashing/install/rqt_action:/home/koki/ros2_dashing/install/rqt:/home/koki/ros2_dashing/install/rqt_graph:/home/koki/ros2_dashing/install/rqt_gui_py:/home/koki/ros2_dashing/install/rqt_gui:/home/koki/ros2_dashing/install/ros2topic:/home/koki/ros2_dashing/install/ros2test:/home/koki/ros2_dashing/install/ros2component:/home/koki/ros2_dashing/install/ros2param:/home/koki/ros2_dashing/install/ros2lifecycle:/home/koki/ros2_dashing/install/ros2service:/home/koki/ros2_dashing/install/ros2srv:/home/koki/ros2_dashing/install/ros2run:/home/koki/ros2_dashing/install/ros2launch:/home/koki/ros2_dashing/install/ros2pkg:/home/koki/ros2_dashing/install/ros2node:/home/koki/ros2_dashing/install/ros2multicast:/home/koki/ros2_dashing/install/ros2msg:/home/koki/ros2_dashing/install/ros2action:/home/koki/ros2_dashing/install/ros2cli:/home/koki/ros2_dashing/install/quality_of_service_demo_py:/home/koki/ros2_dashing/install/launch_testing_ros:/home/koki/ros2_dashing/install/launch_ros:/home/koki/ros2_dashing/install/examples_rclpy_minimal_subscriber:/home/koki/ros2_dashing/install/examples_rclpy_minimal_service:/home/koki/ros2_dashing/install/examples_rclpy_minimal_publisher:/home/koki/ros2_dashing/install/examples_rclpy_minimal_client:/home/koki/ros2_dashing/install/examples_rclpy_minimal_action_server:/home/koki/ros2_dashing/install/examples_rclpy_minimal_action_client:/home/koki/ros2_dashing/install/examples_rclpy_executors:/home/koki/ros2_dashing/install/demo_nodes_py:/home/koki/ros2_dashing/install/ament_uncrustify:/home/koki/ros2_dashing/install/test_launch_ros:/home/koki/ros2_dashing/install/rosidl_runtime_py:/home/koki/ros2_dashing/install/launch_testing:/home/koki/ros2_dashing/install/launch:/home/koki/ros2_dashing/install/osrf_pycommon:/home/koki/ros2_dashing/install/ament_xmllint:/home/koki/ros2_dashing/install/ament_pyflakes:/home/koki/ros2_dashing/install/ament_pep8:/home/koki/ros2_dashing/install/ament_pep257:/home/koki/ros2_dashing/install/ament_pclint:/home/koki/ros2_dashing/install/ament_package:/home/koki/ros2_dashing/install/ament_lint_cmake:/home/koki/ros2_dashing/install/ament_flake8:/home/koki/ros2_dashing/install/ament_copyright:/home/koki/ros2_dashing/install/ament_lint:/home/koki/ros2_dashing/install/ament_index_python:/home/koki/ros2_dashing/install/ament_cpplint:/home/koki/ros2_dashing/install/ament_cppcheck:/home/koki/ros2_dashing/install/ament_clang_tidy:/home/koki/ros2_dashing/install/ament_clang_format /usr/bin/cmake /home/koki/ros2_studies_ws/minimal_class_node -DAMENT_CMAKE_SYMLINK_INSTALL=1 -DCMAKE_INSTALL_PREFIX=/home/koki/ros2_studies_ws/install/minimal_class_node
[2.252s] WARNING:colcon.colcon_ros.task.ament_python.build:Package 'ros2_demo_py' doesn't explicitly install a marker in the package index (colcon-ros currently does it implicitly but that fallback will be removed in the future)
[2.253s] WARNING:colcon.colcon_ros.task.ament_python.build:Package 'ros2_demo_py' doesn't explicitly install the 'package.xml' file (colcon-ros currently does it implicitly but that fallback will be removed in the future)
[2.282s] INFO:colcon.colcon_core.task.python.build:Building Python package in '/home/koki/ros2_studies_ws/ros2_demo_py'
[2.283s] INFO:colcon.colcon_core.shell:Skip shell extension 'powershell' for command environment: Not usable outside of PowerShell
[2.283s] DEBUG:colcon.colcon_core.shell:Skip shell extension 'dsv' for command environment
[2.299s] DEBUG:colcon.colcon_core.shell:Ignoring prefix path '/opt/ros/dashing'
[2.352s] DEBUG:colcon.colcon_core.task.python.build:While undoing a previous installation files outside the Python library path are being ignored: /home/koki/ros2_studies_ws/install/ros2_demo_py/lib/ros2_demo_py/demo
[2.353s] DEBUG:colcon.colcon_core.task.python.build:While undoing a previous installation files outside the Python library path are being ignored: /home/koki/ros2_studies_ws/install/ros2_demo_py/lib/ros2_demo_py/demo_sub
[2.359s] DEBUG:colcon.colcon_core.event_handler.log_command:Invoking command in '/home/koki/ros2_studies_ws/build/ros2_demo_py': PYTHONPATH=/home/koki/ros2_studies_ws/install/ros2_demo_py/lib/python3.6/site-packages:${PYTHONPATH} /usr/bin/python3 setup.py develop --prefix /home/koki/ros2_studies_ws/install/ros2_demo_py --editable --build-directory /home/koki/ros2_studies_ws/build/ros2_demo_py/build --no-deps
[5.307s] Level 1:colcon.colcon_core.shell:create_environment_hook('ros2_demo_py', 'pythonpath_develop')
[5.308s] INFO:colcon.colcon_core.shell:Creating environment hook '/home/koki/ros2_studies_ws/build/ros2_demo_py/share/ros2_demo_py/hook/pythonpath_develop.ps1'
[5.309s] DEBUG:colcon.colcon_core.event_handler.log_command:Invoked command in '/home/koki/ros2_studies_ws/build/ros2_demo_py' returned '0': PYTHONPATH=/home/koki/ros2_studies_ws/install/ros2_demo_py/lib/python3.6/site-packages:${PYTHONPATH} /usr/bin/python3 setup.py develop --prefix /home/koki/ros2_studies_ws/install/ros2_demo_py --editable --build-directory /home/koki/ros2_studies_ws/build/ros2_demo_py/build --no-deps
[5.310s] INFO:colcon.colcon_core.shell:Creating environment descriptor '/home/koki/ros2_studies_ws/build/ros2_demo_py/share/ros2_demo_py/hook/pythonpath_develop.dsv'
[5.310s] INFO:colcon.colcon_core.shell:Creating environment hook '/home/koki/ros2_studies_ws/build/ros2_demo_py/share/ros2_demo_py/hook/pythonpath_develop.sh'
[5.907s] Level 1:colcon.colcon_core.environment:checking '/home/koki/ros2_studies_ws/install/ros2_demo_py' for CMake module files
[5.910s] Level 1:colcon.colcon_core.environment:checking '/home/koki/ros2_studies_ws/install/ros2_demo_py' for CMake config files
[5.914s] Level 1:colcon.colcon_core.environment:checking '/home/koki/ros2_studies_ws/install/ros2_demo_py/lib'
[5.915s] Level 1:colcon.colcon_core.environment:checking '/home/koki/ros2_studies_ws/install/ros2_demo_py/bin'
[5.915s] Level 1:colcon.colcon_core.environment:checking '/home/koki/ros2_studies_ws/install/ros2_demo_py/lib/pkgconfig/ros2_demo_py.pc'
[5.916s] Level 1:colcon.colcon_core.environment:checking '/home/koki/ros2_studies_ws/install/ros2_demo_py/lib/python3.6/site-packages'
[5.916s] Level 1:colcon.colcon_core.shell:create_environment_hook('ros2_demo_py', 'pythonpath')
[5.921s] INFO:colcon.colcon_core.shell:Creating environment hook '/home/koki/ros2_studies_ws/install/ros2_demo_py/share/ros2_demo_py/hook/pythonpath.ps1'
[5.923s] INFO:colcon.colcon_core.shell:Creating environment descriptor '/home/koki/ros2_studies_ws/install/ros2_demo_py/share/ros2_demo_py/hook/pythonpath.dsv'
[5.925s] INFO:colcon.colcon_core.shell:Creating environment hook '/home/koki/ros2_studies_ws/install/ros2_demo_py/share/ros2_demo_py/hook/pythonpath.sh'
[5.926s] Level 1:colcon.colcon_core.environment:create_environment_scripts_only(ros2_demo_py)
[5.931s] INFO:colcon.colcon_core.shell:Creating package script '/home/koki/ros2_studies_ws/install/ros2_demo_py/share/ros2_demo_py/package.ps1'
[5.958s] INFO:colcon.colcon_core.shell:Creating package descriptor '/home/koki/ros2_studies_ws/install/ros2_demo_py/share/ros2_demo_py/package.dsv'
[5.983s] INFO:colcon.colcon_core.shell:Creating package script '/home/koki/ros2_studies_ws/install/ros2_demo_py/share/ros2_demo_py/package.sh'
[5.993s] INFO:colcon.colcon_core.shell:Creating package script '/home/koki/ros2_studies_ws/install/ros2_demo_py/share/ros2_demo_py/package.bash'
[6.037s] INFO:colcon.colcon_core.shell:Creating package script '/home/koki/ros2_studies_ws/install/ros2_demo_py/share/ros2_demo_py/package.zsh'
[6.072s] Level 1:colcon.colcon_core.environment:create_file_with_runtime_dependencies(/home/koki/ros2_studies_ws/install/ros2_demo_py/share/colcon-core/packages/ros2_demo_py)
[9.164s] DEBUG:colcon.colcon_core.event_handler.log_command:Invoked command in '/home/koki/ros2_studies_ws/build/minimal_class_node' returned '1': CMAKE_PREFIX_PATH=${CMAKE_PREFIX_PATH}:/opt/ros/dashing:/home/koki/ros2_dashing/install/ros2bag:/home/koki/ros2_dashing/install/topic_monitor:/home/koki/ros2_dashing/install/sros2:/home/koki/ros2_dashing/install/rqt_topic:/home/koki/ros2_dashing/install/rqt_action:/home/koki/ros2_dashing/install/rqt:/home/koki/ros2_dashing/install/rqt_graph:/home/koki/ros2_dashing/install/rqt_gui_py:/home/koki/ros2_dashing/install/rqt_gui:/home/koki/ros2_dashing/install/ros2topic:/home/koki/ros2_dashing/install/ros2test:/home/koki/ros2_dashing/install/ros2component:/home/koki/ros2_dashing/install/ros2param:/home/koki/ros2_dashing/install/ros2lifecycle:/home/koki/ros2_dashing/install/ros2service:/home/koki/ros2_dashing/install/ros2srv:/home/koki/ros2_dashing/install/ros2run:/home/koki/ros2_dashing/install/ros2launch:/home/koki/ros2_dashing/install/ros2pkg:/home/koki/ros2_dashing/install/ros2node:/home/koki/ros2_dashing/install/ros2multicast:/home/koki/ros2_dashing/install/ros2msg:/home/koki/ros2_dashing/install/ros2action:/home/koki/ros2_dashing/install/ros2cli:/home/koki/ros2_dashing/install/quality_of_service_demo_py:/home/koki/ros2_dashing/install/launch_testing_ros:/home/koki/ros2_dashing/install/launch_ros:/home/koki/ros2_dashing/install/examples_rclpy_minimal_subscriber:/home/koki/ros2_dashing/install/examples_rclpy_minimal_service:/home/koki/ros2_dashing/install/examples_rclpy_minimal_publisher:/home/koki/ros2_dashing/install/examples_rclpy_minimal_client:/home/koki/ros2_dashing/install/examples_rclpy_minimal_action_server:/home/koki/ros2_dashing/install/examples_rclpy_minimal_action_client:/home/koki/ros2_dashing/install/examples_rclpy_executors:/home/koki/ros2_dashing/install/demo_nodes_py:/home/koki/ros2_dashing/install/ament_uncrustify:/home/koki/ros2_dashing/install/test_launch_ros:/home/koki/ros2_dashing/install/rosidl_runtime_py:/home/koki/ros2_dashing/install/launch_testing:/home/koki/ros2_dashing/install/launch:/home/koki/ros2_dashing/install/osrf_pycommon:/home/koki/ros2_dashing/install/ament_xmllint:/home/koki/ros2_dashing/install/ament_pyflakes:/home/koki/ros2_dashing/install/ament_pep8:/home/koki/ros2_dashing/install/ament_pep257:/home/koki/ros2_dashing/install/ament_pclint:/home/koki/ros2_dashing/install/ament_package:/home/koki/ros2_dashing/install/ament_lint_cmake:/home/koki/ros2_dashing/install/ament_flake8:/home/koki/ros2_dashing/install/ament_copyright:/home/koki/ros2_dashing/install/ament_lint:/home/koki/ros2_dashing/install/ament_index_python:/home/koki/ros2_dashing/install/ament_cpplint:/home/koki/ros2_dashing/install/ament_cppcheck:/home/koki/ros2_dashing/install/ament_clang_tidy:/home/koki/ros2_dashing/install/ament_clang_format /usr/bin/cmake /home/koki/ros2_studies_ws/minimal_class_node -DAMENT_CMAKE_SYMLINK_INSTALL=1 -DCMAKE_INSTALL_PREFIX=/home/koki/ros2_studies_ws/install/minimal_class_node
[9.174s] DEBUG:colcon.colcon_parallel_executor.executor.parallel:closing loop
[9.175s] DEBUG:colcon.colcon_parallel_executor.executor.parallel:loop closed
[9.175s] DEBUG:colcon.colcon_parallel_executor.executor.parallel:run_until_complete finished with '1'
[9.175s] DEBUG:colcon.colcon_core.event_reactor:joining thread
[9.268s] INFO:colcon.colcon_core.plugin_system:Skipping extension 'colcon_notification.desktop_notification.terminal_notifier': Not used on non-Darwin systems
[9.269s] INFO:colcon.colcon_core.plugin_system:Skipping extension 'colcon_notification.desktop_notification.win32': Not used on non-Windows systems
[9.269s] INFO:colcon.colcon_notification.desktop_notification:Sending desktop notification using 'notify2'
[9.273s] DEBUG:colcon.colcon_core.event_reactor:joined thread
[9.275s] INFO:colcon.colcon_core.shell:Creating prefix script '/home/koki/ros2_studies_ws/install/local_setup.ps1'
[9.300s] INFO:colcon.colcon_core.shell:Creating prefix util module '/home/koki/ros2_studies_ws/install/_local_setup_util_ps1.py'
[9.338s] INFO:colcon.colcon_core.shell:Creating prefix chain script '/home/koki/ros2_studies_ws/install/setup.ps1'
[9.389s] INFO:colcon.colcon_core.shell:Creating prefix script '/home/koki/ros2_studies_ws/install/local_setup.sh'
[9.401s] INFO:colcon.colcon_core.shell:Creating prefix util module '/home/koki/ros2_studies_ws/install/_local_setup_util_sh.py'
[9.402s] INFO:colcon.colcon_core.shell:Creating prefix chain script '/home/koki/ros2_studies_ws/install/setup.sh'
[9.420s] INFO:colcon.colcon_core.shell:Creating prefix script '/home/koki/ros2_studies_ws/install/local_setup.bash'
[9.468s] INFO:colcon.colcon_core.shell:Creating prefix chain script '/home/koki/ros2_studies_ws/install/setup.bash'
[9.484s] INFO:colcon.colcon_core.shell:Creating prefix script '/home/koki/ros2_studies_ws/install/local_setup.zsh'
[9.515s] INFO:colcon.colcon_core.shell:Creating prefix chain script '/home/koki/ros2_studies_ws/install/setup.zsh'
