[0.411s] Invoking command in '/home/koki/ros2_studies_ws/build/ros2_demo_py': PYTHONPATH=/home/koki/ros2_studies_ws/install/ros2_demo_py/lib/python3.6/site-packages:${PYTHONPATH} /usr/bin/python3 setup.py develop --prefix /home/koki/ros2_studies_ws/install/ros2_demo_py --uninstall --editable --build-directory /home/koki/ros2_studies_ws/build/ros2_demo_py/build
[0.790s] running develop
[0.957s] Removing /home/koki/ros2_studies_ws/install/ros2_demo_py/lib/python3.6/site-packages/ros2-demo-py.egg-link (link to .)
[0.977s] Invoked command in '/home/koki/ros2_studies_ws/build/ros2_demo_py' returned '0': PYTHONPATH=/home/koki/ros2_studies_ws/install/ros2_demo_py/lib/python3.6/site-packages:${PYTHONPATH} /usr/bin/python3 setup.py develop --prefix /home/koki/ros2_studies_ws/install/ros2_demo_py --uninstall --editable --build-directory /home/koki/ros2_studies_ws/build/ros2_demo_py/build
[0.979s] Invoking command in '/home/koki/ros2_studies_ws/ros2_demo_py': PYTHONPATH=/home/koki/ros2_studies_ws/install/ros2_demo_py/lib/python3.6/site-packages:${PYTHONPATH} /usr/bin/python3 setup.py egg_info --egg-base /home/koki/ros2_studies_ws/build/ros2_demo_py build --build-base /home/koki/ros2_studies_ws/build/ros2_demo_py/build install --prefix /home/koki/ros2_studies_ws/install/ros2_demo_py --record /home/koki/ros2_studies_ws/build/ros2_demo_py/install.log --single-version-externally-managed
[1.304s] running egg_info
[1.304s] writing /home/koki/ros2_studies_ws/build/ros2_demo_py/ros2_demo_py.egg-info/PKG-INFO
[1.304s] writing dependency_links to /home/koki/ros2_studies_ws/build/ros2_demo_py/ros2_demo_py.egg-info/dependency_links.txt
[1.304s] writing entry points to /home/koki/ros2_studies_ws/build/ros2_demo_py/ros2_demo_py.egg-info/entry_points.txt
[1.304s] writing requirements to /home/koki/ros2_studies_ws/build/ros2_demo_py/ros2_demo_py.egg-info/requires.txt
[1.304s] writing top-level names to /home/koki/ros2_studies_ws/build/ros2_demo_py/ros2_demo_py.egg-info/top_level.txt
[1.335s] reading manifest file '/home/koki/ros2_studies_ws/build/ros2_demo_py/ros2_demo_py.egg-info/SOURCES.txt'
[1.336s] writing manifest file '/home/koki/ros2_studies_ws/build/ros2_demo_py/ros2_demo_py.egg-info/SOURCES.txt'
[1.336s] running build
[1.337s] running build_py
[1.337s] creating /home/koki/ros2_studies_ws/build/ros2_demo_py/build
[1.337s] creating /home/koki/ros2_studies_ws/build/ros2_demo_py/build/lib
[1.337s] creating /home/koki/ros2_studies_ws/build/ros2_demo_py/build/lib/script
[1.337s] copying script/__init__.py -> /home/koki/ros2_studies_ws/build/ros2_demo_py/build/lib/script
[1.337s] copying script/demo.py -> /home/koki/ros2_studies_ws/build/ros2_demo_py/build/lib/script
[1.337s] running install
[1.337s] running install_lib
[1.337s] creating /home/koki/ros2_studies_ws/install/ros2_demo_py/lib/python3.6/site-packages/script
[1.338s] copying /home/koki/ros2_studies_ws/build/ros2_demo_py/build/lib/script/demo.py -> /home/koki/ros2_studies_ws/install/ros2_demo_py/lib/python3.6/site-packages/script
[1.338s] copying /home/koki/ros2_studies_ws/build/ros2_demo_py/build/lib/script/__init__.py -> /home/koki/ros2_studies_ws/install/ros2_demo_py/lib/python3.6/site-packages/script
[1.339s] byte-compiling /home/koki/ros2_studies_ws/install/ros2_demo_py/lib/python3.6/site-packages/script/demo.py to demo.cpython-36.pyc
[1.339s] byte-compiling /home/koki/ros2_studies_ws/install/ros2_demo_py/lib/python3.6/site-packages/script/__init__.py to __init__.cpython-36.pyc
[1.340s] running install_egg_info
[1.342s] Copying /home/koki/ros2_studies_ws/build/ros2_demo_py/ros2_demo_py.egg-info to /home/koki/ros2_studies_ws/install/ros2_demo_py/lib/python3.6/site-packages/ros2_demo_py-0.6.1-py3.6.egg-info
[1.343s] running install_scripts
[1.363s] Installing demo script to /home/koki/ros2_studies_ws/install/ros2_demo_py/lib/ros2_demo_py
[1.363s] writing list of installed files to '/home/koki/ros2_studies_ws/build/ros2_demo_py/install.log'
[1.383s] Invoked command in '/home/koki/ros2_studies_ws/ros2_demo_py' returned '0': PYTHONPATH=/home/koki/ros2_studies_ws/install/ros2_demo_py/lib/python3.6/site-packages:${PYTHONPATH} /usr/bin/python3 setup.py egg_info --egg-base /home/koki/ros2_studies_ws/build/ros2_demo_py build --build-base /home/koki/ros2_studies_ws/build/ros2_demo_py/build install --prefix /home/koki/ros2_studies_ws/install/ros2_demo_py --record /home/koki/ros2_studies_ws/build/ros2_demo_py/install.log --single-version-externally-managed
