-- Found ament_cmake: 0.7.5 (/home/koki/ros2_dashing/install/ament_cmake/share/ament_cmake/cmake)
-- Using PYTHON_EXECUTABLE: /usr/bin/python3
-- Override CMake install command with custom implementation using symlinks instead of copying resources
-- Found rclcpp: 0.7.14 (/home/koki/ros2_dashing/install/rclcpp/share/rclcpp/cmake)
-- Found rosidl_adapter: 0.7.9 (/home/koki/ros2_dashing/install/rosidl_adapter/share/rosidl_adapter/cmake)
-- Found rmw_implementation_cmake: 0.7.2 (/home/koki/ros2_dashing/install/rmw_implementation_cmake/share/rmw_implementation_cmake/cmake)
-- Using RMW implementation 'rmw_fastrtps_cpp' as default
-- Found ament_lint_auto: 0.7.12 (/home/koki/ros2_dashing/install/ament_lint_auto/share/ament_lint_auto/cmake)
-- Added test 'lint_cmake' to check CMake code style
-- Added test 'xmllint' to check XML markup files
-- Configuring done
-- Generating done
-- Build files have been written to: /home/koki/ros2_studies_ws/build/minimal_class_node
[36mInstall the project...[0m
-- Install configuration: ""
-- Execute custom install script
-- Up-to-date symlink: /home/koki/ros2_studies_ws/install/minimal_class_node/share/ament_index/resource_index/package_run_dependencies/minimal_class_node
-- Up-to-date symlink: /home/koki/ros2_studies_ws/install/minimal_class_node/share/ament_index/resource_index/parent_prefix_path/minimal_class_node
-- Up-to-date symlink: /home/koki/ros2_studies_ws/install/minimal_class_node/share/minimal_class_node/environment/ament_prefix_path.sh
-- Up-to-date symlink: /home/koki/ros2_studies_ws/install/minimal_class_node/share/minimal_class_node/environment/path.sh
-- Up-to-date symlink: /home/koki/ros2_studies_ws/install/minimal_class_node/share/minimal_class_node/local_setup.bash
-- Up-to-date symlink: /home/koki/ros2_studies_ws/install/minimal_class_node/share/minimal_class_node/local_setup.sh
-- Up-to-date symlink: /home/koki/ros2_studies_ws/install/minimal_class_node/share/minimal_class_node/local_setup.zsh
-- Up-to-date symlink: /home/koki/ros2_studies_ws/install/minimal_class_node/share/ament_index/resource_index/packages/minimal_class_node
-- Up-to-date symlink: /home/koki/ros2_studies_ws/install/minimal_class_node/share/minimal_class_node/cmake/minimal_class_nodeConfig.cmake
-- Up-to-date symlink: /home/koki/ros2_studies_ws/install/minimal_class_node/share/minimal_class_node/cmake/minimal_class_nodeConfig-version.cmake
-- Up-to-date symlink: /home/koki/ros2_studies_ws/install/minimal_class_node/share/minimal_class_node/package.xml
