[0.420s] Invoking command in '/home/koki/ros2_studies_ws/build/ros2_demo_py': PYTHONPATH=/home/koki/ros2_studies_ws/install/ros2_demo_py/lib/python3.6/site-packages:${PYTHONPATH} /usr/bin/python3 setup.py develop --prefix /home/koki/ros2_studies_ws/install/ros2_demo_py --uninstall --editable --build-directory /home/koki/ros2_studies_ws/build/ros2_demo_py/build
[0.814s] running develop
[0.989s] Invoked command in '/home/koki/ros2_studies_ws/build/ros2_demo_py' returned '0': PYTHONPATH=/home/koki/ros2_studies_ws/install/ros2_demo_py/lib/python3.6/site-packages:${PYTHONPATH} /usr/bin/python3 setup.py develop --prefix /home/koki/ros2_studies_ws/install/ros2_demo_py --uninstall --editable --build-directory /home/koki/ros2_studies_ws/build/ros2_demo_py/build
[0.991s] Invoking command in '/home/koki/ros2_studies_ws/ros2_demo_py': PYTHONPATH=/home/koki/ros2_studies_ws/install/ros2_demo_py/lib/python3.6/site-packages:${PYTHONPATH} /usr/bin/python3 setup.py egg_info --egg-base /home/koki/ros2_studies_ws/build/ros2_demo_py build --build-base /home/koki/ros2_studies_ws/build/ros2_demo_py/build install --prefix /home/koki/ros2_studies_ws/install/ros2_demo_py --record /home/koki/ros2_studies_ws/build/ros2_demo_py/install.log --single-version-externally-managed
[1.322s] running egg_info
[1.323s] writing /home/koki/ros2_studies_ws/build/ros2_demo_py/ros2_demo_py.egg-info/PKG-INFO
[1.323s] writing dependency_links to /home/koki/ros2_studies_ws/build/ros2_demo_py/ros2_demo_py.egg-info/dependency_links.txt
[1.324s] writing entry points to /home/koki/ros2_studies_ws/build/ros2_demo_py/ros2_demo_py.egg-info/entry_points.txt
[1.324s] writing requirements to /home/koki/ros2_studies_ws/build/ros2_demo_py/ros2_demo_py.egg-info/requires.txt
[1.324s] writing top-level names to /home/koki/ros2_studies_ws/build/ros2_demo_py/ros2_demo_py.egg-info/top_level.txt
[1.354s] reading manifest file '/home/koki/ros2_studies_ws/build/ros2_demo_py/ros2_demo_py.egg-info/SOURCES.txt'
[1.355s] writing manifest file '/home/koki/ros2_studies_ws/build/ros2_demo_py/ros2_demo_py.egg-info/SOURCES.txt'
[1.355s] running build
[1.355s] running build_py
[1.356s] copying script/demo_sub.py -> /home/koki/ros2_studies_ws/build/ros2_demo_py/build/lib/script
[1.356s] running install
[1.356s] running install_lib
[1.356s] copying /home/koki/ros2_studies_ws/build/ros2_demo_py/build/lib/script/demo_sub.py -> /home/koki/ros2_studies_ws/install/ros2_demo_py/lib/python3.6/site-packages/script
[1.358s] byte-compiling /home/koki/ros2_studies_ws/install/ros2_demo_py/lib/python3.6/site-packages/script/demo_sub.py to demo_sub.cpython-36.pyc
[1.358s] running install_egg_info
[1.361s] removing '/home/koki/ros2_studies_ws/install/ros2_demo_py/lib/python3.6/site-packages/ros2_demo_py-0.6.1-py3.6.egg-info' (and everything under it)
[1.361s] Copying /home/koki/ros2_studies_ws/build/ros2_demo_py/ros2_demo_py.egg-info to /home/koki/ros2_studies_ws/install/ros2_demo_py/lib/python3.6/site-packages/ros2_demo_py-0.6.1-py3.6.egg-info
[1.361s] running install_scripts
[1.386s] Installing demo script to /home/koki/ros2_studies_ws/install/ros2_demo_py/lib/ros2_demo_py
[1.386s] Installing demo_sub script to /home/koki/ros2_studies_ws/install/ros2_demo_py/lib/ros2_demo_py
[1.386s] writing list of installed files to '/home/koki/ros2_studies_ws/build/ros2_demo_py/install.log'
[1.404s] Invoked command in '/home/koki/ros2_studies_ws/ros2_demo_py' returned '0': PYTHONPATH=/home/koki/ros2_studies_ws/install/ros2_demo_py/lib/python3.6/site-packages:${PYTHONPATH} /usr/bin/python3 setup.py egg_info --egg-base /home/koki/ros2_studies_ws/build/ros2_demo_py build --build-base /home/koki/ros2_studies_ws/build/ros2_demo_py/build install --prefix /home/koki/ros2_studies_ws/install/ros2_demo_py --record /home/koki/ros2_studies_ws/build/ros2_demo_py/install.log --single-version-externally-managed
