-- The C compiler identification is GNU 7.5.0
-- The CXX compiler identification is GNU 7.5.0
-- Check for working C compiler: /usr/bin/cc
-- Check for working C compiler: /usr/bin/cc -- works
-- Detecting C compiler ABI info
-- Detecting C compiler ABI info - done
-- Detecting C compile features
-- Detecting C compile features - done
-- Check for working CXX compiler: /usr/bin/c++
-- Check for working CXX compiler: /usr/bin/c++ -- works
-- Detecting CXX compiler ABI info
-- Detecting CXX compiler ABI info - done
-- Detecting CXX compile features
-- Detecting CXX compile features - done
-- Found ament_cmake: 0.7.5 (/home/koki/ros2_dashing/install/ament_cmake/share/ament_cmake/cmake)
-- Found PythonInterp: /usr/bin/python3 (found suitable version "3.6.9", minimum required is "3") 
-- Using PYTHON_EXECUTABLE: /usr/bin/python3
-- Found rclcpp: 0.7.14 (/home/koki/ros2_dashing/install/rclcpp/share/rclcpp/cmake)
-- Found rosidl_adapter: 0.7.9 (/home/koki/ros2_dashing/install/rosidl_adapter/share/rosidl_adapter/cmake)
-- Found rmw_implementation_cmake: 0.7.2 (/home/koki/ros2_dashing/install/rmw_implementation_cmake/share/rmw_implementation_cmake/cmake)
-- Using RMW implementation 'rmw_fastrtps_cpp' as default
-- Looking for pthread.h
-- Looking for pthread.h - found
-- Looking for pthread_create
-- Looking for pthread_create - not found
-- Looking for pthread_create in pthreads
-- Looking for pthread_create in pthreads - not found
-- Looking for pthread_create in pthread
-- Looking for pthread_create in pthread - found
-- Found Threads: TRUE  
-- Found ament_lint_auto: 0.7.12 (/home/koki/ros2_dashing/install/ament_lint_auto/share/ament_lint_auto/cmake)
-- Added test 'copyright' to check for copyright in CMake / C / C++ / Python code
-- Added test 'cppcheck' to perform static code analysis on C / C++ code
-- Configured cppcheck include dirs: 
-- Added test 'cpplint' to check C / C++ code against the Google style
-- Added test 'lint_cmake' to check CMake code style
-- Added test 'uncrustify' to check C / C++ code style
-- Added test 'xmllint' to check XML markup files
-- Configuring done
-- Generating done
-- Build files have been written to: /home/koki/ros2_studies_ws/build/minimal_timer
[35m[1mScanning dependencies of target timer_test[0m
[ 50%] [32mBuilding CXX object CMakeFiles/timer_test.dir/src/main.cpp.o[0m
[100%] [32m[1mLinking CXX executable timer_test[0m
[100%] Built target timer_test
[100%] Built target timer_test
[36mInstall the project...[0m
-- Install configuration: ""
-- Installing: /home/koki/ros2_studies_ws/install/minimal_timer/lib/minimal_timer/timer_test
-- Set runtime path of "/home/koki/ros2_studies_ws/install/minimal_timer/lib/minimal_timer/timer_test" to ""
-- Installing: /home/koki/ros2_studies_ws/install/minimal_timer/share/ament_index/resource_index/package_run_dependencies/minimal_timer
-- Installing: /home/koki/ros2_studies_ws/install/minimal_timer/share/ament_index/resource_index/parent_prefix_path/minimal_timer
-- Installing: /home/koki/ros2_studies_ws/install/minimal_timer/share/minimal_timer/environment/ament_prefix_path.sh
-- Installing: /home/koki/ros2_studies_ws/install/minimal_timer/share/minimal_timer/environment/path.sh
-- Installing: /home/koki/ros2_studies_ws/install/minimal_timer/share/minimal_timer/local_setup.bash
-- Installing: /home/koki/ros2_studies_ws/install/minimal_timer/share/minimal_timer/local_setup.sh
-- Installing: /home/koki/ros2_studies_ws/install/minimal_timer/share/minimal_timer/local_setup.zsh
-- Installing: /home/koki/ros2_studies_ws/install/minimal_timer/share/ament_index/resource_index/packages/minimal_timer
-- Installing: /home/koki/ros2_studies_ws/install/minimal_timer/share/minimal_timer/cmake/minimal_timerConfig.cmake
-- Installing: /home/koki/ros2_studies_ws/install/minimal_timer/share/minimal_timer/cmake/minimal_timerConfig-version.cmake
-- Installing: /home/koki/ros2_studies_ws/install/minimal_timer/share/minimal_timer/package.xml
