[0.214s] Invoking command in '/home/koki/ros2_studies_ws/build/minimal_class_node': CMAKE_PREFIX_PATH=${CMAKE_PREFIX_PATH}:/opt/ros/dashing:/home/koki/ros2_dashing/install/ros2bag:/home/koki/ros2_dashing/install/topic_monitor:/home/koki/ros2_dashing/install/sros2:/home/koki/ros2_dashing/install/rqt_topic:/home/koki/ros2_dashing/install/rqt_action:/home/koki/ros2_dashing/install/rqt:/home/koki/ros2_dashing/install/rqt_graph:/home/koki/ros2_dashing/install/rqt_gui_py:/home/koki/ros2_dashing/install/rqt_gui:/home/koki/ros2_dashing/install/ros2topic:/home/koki/ros2_dashing/install/ros2test:/home/koki/ros2_dashing/install/ros2component:/home/koki/ros2_dashing/install/ros2param:/home/koki/ros2_dashing/install/ros2lifecycle:/home/koki/ros2_dashing/install/ros2service:/home/koki/ros2_dashing/install/ros2srv:/home/koki/ros2_dashing/install/ros2run:/home/koki/ros2_dashing/install/ros2launch:/home/koki/ros2_dashing/install/ros2pkg:/home/koki/ros2_dashing/install/ros2node:/home/koki/ros2_dashing/install/ros2multicast:/home/koki/ros2_dashing/install/ros2msg:/home/koki/ros2_dashing/install/ros2action:/home/koki/ros2_dashing/install/ros2cli:/home/koki/ros2_dashing/install/quality_of_service_demo_py:/home/koki/ros2_dashing/install/launch_testing_ros:/home/koki/ros2_dashing/install/launch_ros:/home/koki/ros2_dashing/install/examples_rclpy_minimal_subscriber:/home/koki/ros2_dashing/install/examples_rclpy_minimal_service:/home/koki/ros2_dashing/install/examples_rclpy_minimal_publisher:/home/koki/ros2_dashing/install/examples_rclpy_minimal_client:/home/koki/ros2_dashing/install/examples_rclpy_minimal_action_server:/home/koki/ros2_dashing/install/examples_rclpy_minimal_action_client:/home/koki/ros2_dashing/install/examples_rclpy_executors:/home/koki/ros2_dashing/install/demo_nodes_py:/home/koki/ros2_dashing/install/ament_uncrustify:/home/koki/ros2_dashing/install/test_launch_ros:/home/koki/ros2_dashing/install/rosidl_runtime_py:/home/koki/ros2_dashing/install/launch_testing:/home/koki/ros2_dashing/install/launch:/home/koki/ros2_dashing/install/osrf_pycommon:/home/koki/ros2_dashing/install/ament_xmllint:/home/koki/ros2_dashing/install/ament_pyflakes:/home/koki/ros2_dashing/install/ament_pep8:/home/koki/ros2_dashing/install/ament_pep257:/home/koki/ros2_dashing/install/ament_pclint:/home/koki/ros2_dashing/install/ament_package:/home/koki/ros2_dashing/install/ament_lint_cmake:/home/koki/ros2_dashing/install/ament_flake8:/home/koki/ros2_dashing/install/ament_copyright:/home/koki/ros2_dashing/install/ament_lint:/home/koki/ros2_dashing/install/ament_index_python:/home/koki/ros2_dashing/install/ament_cpplint:/home/koki/ros2_dashing/install/ament_cppcheck:/home/koki/ros2_dashing/install/ament_clang_tidy:/home/koki/ros2_dashing/install/ament_clang_format /usr/bin/cmake /home/koki/ros2_studies_ws/minimal_class_node -DAMENT_CMAKE_SYMLINK_INSTALL=1 -DCMAKE_INSTALL_PREFIX=/home/koki/ros2_studies_ws/install/minimal_class_node
[0.460s] -- Found ament_cmake: 0.7.5 (/home/koki/ros2_dashing/install/ament_cmake/share/ament_cmake/cmake)
[0.678s] -- Using PYTHON_EXECUTABLE: /usr/bin/python3
[1.049s] -- Override CMake install command with custom implementation using symlinks instead of copying resources
[1.543s] -- Found rclcpp: 0.7.14 (/home/koki/ros2_dashing/install/rclcpp/share/rclcpp/cmake)
[5.528s] -- Found rosidl_adapter: 0.7.9 (/home/koki/ros2_dashing/install/rosidl_adapter/share/rosidl_adapter/cmake)
[6.034s] -- Found rmw_implementation_cmake: 0.7.2 (/home/koki/ros2_dashing/install/rmw_implementation_cmake/share/rmw_implementation_cmake/cmake)
[6.144s] -- Using RMW implementation 'rmw_fastrtps_cpp' as default
[6.546s] -- Found ament_lint_auto: 0.7.12 (/home/koki/ros2_dashing/install/ament_lint_auto/share/ament_lint_auto/cmake)
[7.396s] -- Added test 'copyright' to check for copyright in CMake / C / C++ / Python code
[7.401s] -- Added test 'cppcheck' to perform static code analysis on C / C++ code
[7.401s] -- Configured cppcheck include dirs: 
[7.406s] -- Added test 'cpplint' to check C / C++ code against the Google style
[7.411s] -- Added test 'lint_cmake' to check CMake code style
[7.412s] -- Added test 'uncrustify' to check C / C++ code style
[7.416s] -- Added test 'xmllint' to check XML markup files
[7.420s] -- Configuring done
[7.445s] CMake Error at CMakeLists.txt:33 (add_executable):
[7.445s]   Cannot find source file:
[7.445s] 
[7.445s]     src/main.cpp
[7.445s] 
[7.446s]   Tried extensions .c .C .c++ .cc .cpp .cxx .m .M .mm .h .hh .h++ .hm .hpp
[7.446s]   .hxx .in .txx
[7.446s] 
[7.446s] 
[7.446s] CMake Error: CMake can not determine linker language for target: minimal_node_test
[7.446s] CMake Error: Cannot determine link language for target "minimal_node_test".
[7.479s] -- Generating done
[7.480s] -- Build files have been written to: /home/koki/ros2_studies_ws/build/minimal_class_node
[7.483s] Invoked command in '/home/koki/ros2_studies_ws/build/minimal_class_node' returned '1': CMAKE_PREFIX_PATH=${CMAKE_PREFIX_PATH}:/opt/ros/dashing:/home/koki/ros2_dashing/install/ros2bag:/home/koki/ros2_dashing/install/topic_monitor:/home/koki/ros2_dashing/install/sros2:/home/koki/ros2_dashing/install/rqt_topic:/home/koki/ros2_dashing/install/rqt_action:/home/koki/ros2_dashing/install/rqt:/home/koki/ros2_dashing/install/rqt_graph:/home/koki/ros2_dashing/install/rqt_gui_py:/home/koki/ros2_dashing/install/rqt_gui:/home/koki/ros2_dashing/install/ros2topic:/home/koki/ros2_dashing/install/ros2test:/home/koki/ros2_dashing/install/ros2component:/home/koki/ros2_dashing/install/ros2param:/home/koki/ros2_dashing/install/ros2lifecycle:/home/koki/ros2_dashing/install/ros2service:/home/koki/ros2_dashing/install/ros2srv:/home/koki/ros2_dashing/install/ros2run:/home/koki/ros2_dashing/install/ros2launch:/home/koki/ros2_dashing/install/ros2pkg:/home/koki/ros2_dashing/install/ros2node:/home/koki/ros2_dashing/install/ros2multicast:/home/koki/ros2_dashing/install/ros2msg:/home/koki/ros2_dashing/install/ros2action:/home/koki/ros2_dashing/install/ros2cli:/home/koki/ros2_dashing/install/quality_of_service_demo_py:/home/koki/ros2_dashing/install/launch_testing_ros:/home/koki/ros2_dashing/install/launch_ros:/home/koki/ros2_dashing/install/examples_rclpy_minimal_subscriber:/home/koki/ros2_dashing/install/examples_rclpy_minimal_service:/home/koki/ros2_dashing/install/examples_rclpy_minimal_publisher:/home/koki/ros2_dashing/install/examples_rclpy_minimal_client:/home/koki/ros2_dashing/install/examples_rclpy_minimal_action_server:/home/koki/ros2_dashing/install/examples_rclpy_minimal_action_client:/home/koki/ros2_dashing/install/examples_rclpy_executors:/home/koki/ros2_dashing/install/demo_nodes_py:/home/koki/ros2_dashing/install/ament_uncrustify:/home/koki/ros2_dashing/install/test_launch_ros:/home/koki/ros2_dashing/install/rosidl_runtime_py:/home/koki/ros2_dashing/install/launch_testing:/home/koki/ros2_dashing/install/launch:/home/koki/ros2_dashing/install/osrf_pycommon:/home/koki/ros2_dashing/install/ament_xmllint:/home/koki/ros2_dashing/install/ament_pyflakes:/home/koki/ros2_dashing/install/ament_pep8:/home/koki/ros2_dashing/install/ament_pep257:/home/koki/ros2_dashing/install/ament_pclint:/home/koki/ros2_dashing/install/ament_package:/home/koki/ros2_dashing/install/ament_lint_cmake:/home/koki/ros2_dashing/install/ament_flake8:/home/koki/ros2_dashing/install/ament_copyright:/home/koki/ros2_dashing/install/ament_lint:/home/koki/ros2_dashing/install/ament_index_python:/home/koki/ros2_dashing/install/ament_cpplint:/home/koki/ros2_dashing/install/ament_cppcheck:/home/koki/ros2_dashing/install/ament_clang_tidy:/home/koki/ros2_dashing/install/ament_clang_format /usr/bin/cmake /home/koki/ros2_studies_ws/minimal_class_node -DAMENT_CMAKE_SYMLINK_INSTALL=1 -DCMAKE_INSTALL_PREFIX=/home/koki/ros2_studies_ws/install/minimal_class_node
