[0.230s] DEBUG:colcon:Command line arguments: ['/usr/bin/colcon', 'build', '--symlink-install']
[0.230s] DEBUG:colcon:Parsed command line arguments: Namespace(ament_cmake_args=None, base_paths=['.'], build_base='build', catkin_cmake_args=None, catkin_skip_building_tests=False, cmake_args=None, cmake_clean_cache=False, cmake_clean_first=False, cmake_force_configure=False, cmake_target=None, cmake_target_skip_unavailable=False, continue_on_error=False, event_handlers=None, executor='parallel', ignore_user_meta=False, install_base='install', log_base=None, log_level=None, main=<bound method BuildVerb.main of <colcon_core.verb.build.BuildVerb object at 0x7f4705c31860>>, merge_install=False, metas=['./colcon.meta'], packages_above=None, packages_above_and_dependencies=None, packages_above_depth=None, packages_end=None, packages_ignore=None, packages_ignore_regex=None, packages_select=None, packages_select_build_failed=False, packages_select_by_dep=None, packages_select_regex=None, packages_select_test_failures=False, packages_skip=None, packages_skip_build_finished=False, packages_skip_by_dep=None, packages_skip_regex=None, packages_skip_test_passed=False, packages_skip_up_to=None, packages_start=None, packages_up_to=None, packages_up_to_regex=None, parallel_workers=8, paths=None, symlink_install=True, test_result_base=None, verb_extension=<colcon_core.verb.build.BuildVerb object at 0x7f4705c31860>, verb_name='build', verb_parser=<colcon_defaults.argument_parser.defaults.DefaultArgumentsDecorator object at 0x7f4705c31ba8>)
[0.264s] Level 1:colcon.colcon_core.package_discovery:discover_packages(colcon_meta) check parameters
[0.264s] Level 1:colcon.colcon_core.package_discovery:discover_packages(recursive) check parameters
[0.264s] Level 1:colcon.colcon_core.package_discovery:discover_packages(ignore) check parameters
[0.264s] Level 1:colcon.colcon_core.package_discovery:discover_packages(path) check parameters
[0.264s] Level 1:colcon.colcon_core.package_discovery:discover_packages(colcon_meta) discover
[0.264s] Level 1:colcon.colcon_core.package_discovery:discover_packages(recursive) discover
[0.264s] INFO:colcon.colcon_core.package_discovery:Crawling recursively for packages in '/home/koki/ros2_studies_ws'
[0.264s] Level 1:colcon.colcon_core.package_identification:_identify(.) by extensions ['ignore', 'ignore_ament_install']
[0.264s] Level 1:colcon.colcon_core.package_identification:_identify(.) by extension 'ignore'
[0.264s] Level 1:colcon.colcon_core.package_identification:_identify(.) by extension 'ignore_ament_install'
[0.264s] Level 1:colcon.colcon_core.package_identification:_identify(.) by extensions ['colcon_pkg']
[0.264s] Level 1:colcon.colcon_core.package_identification:_identify(.) by extension 'colcon_pkg'
[0.264s] Level 1:colcon.colcon_core.package_identification:_identify(.) by extensions ['colcon_meta']
[0.264s] Level 1:colcon.colcon_core.package_identification:_identify(.) by extension 'colcon_meta'
[0.265s] Level 1:colcon.colcon_core.package_identification:_identify(.) by extensions ['ros']
[0.265s] Level 1:colcon.colcon_core.package_identification:_identify(.) by extension 'ros'
[0.276s] Level 1:colcon.colcon_core.package_identification:_identify(.) by extensions ['cmake', 'python']
[0.276s] Level 1:colcon.colcon_core.package_identification:_identify(.) by extension 'cmake'
[0.276s] Level 1:colcon.colcon_core.package_identification:_identify(.) by extension 'python'
[0.276s] Level 1:colcon.colcon_core.package_identification:_identify(.) by extensions ['python_setup_py']
[0.276s] Level 1:colcon.colcon_core.package_identification:_identify(.) by extension 'python_setup_py'
[0.276s] Level 1:colcon.colcon_core.package_identification:_identify(build) by extensions ['ignore', 'ignore_ament_install']
[0.276s] Level 1:colcon.colcon_core.package_identification:_identify(build) by extension 'ignore'
[0.276s] Level 1:colcon.colcon_core.package_identification:_identify(build) ignored
[0.276s] Level 1:colcon.colcon_core.package_identification:_identify(install) by extensions ['ignore', 'ignore_ament_install']
[0.276s] Level 1:colcon.colcon_core.package_identification:_identify(install) by extension 'ignore'
[0.276s] Level 1:colcon.colcon_core.package_identification:_identify(install) ignored
[0.277s] Level 1:colcon.colcon_core.package_identification:_identify(log) by extensions ['ignore', 'ignore_ament_install']
[0.277s] Level 1:colcon.colcon_core.package_identification:_identify(log) by extension 'ignore'
[0.277s] Level 1:colcon.colcon_core.package_identification:_identify(log) ignored
[0.277s] Level 1:colcon.colcon_core.package_identification:_identify(minimal_class_node) by extensions ['ignore', 'ignore_ament_install']
[0.277s] Level 1:colcon.colcon_core.package_identification:_identify(minimal_class_node) by extension 'ignore'
[0.277s] Level 1:colcon.colcon_core.package_identification:_identify(minimal_class_node) by extension 'ignore_ament_install'
[0.277s] Level 1:colcon.colcon_core.package_identification:_identify(minimal_class_node) by extensions ['colcon_pkg']
[0.277s] Level 1:colcon.colcon_core.package_identification:_identify(minimal_class_node) by extension 'colcon_pkg'
[0.277s] Level 1:colcon.colcon_core.package_identification:_identify(minimal_class_node) by extensions ['colcon_meta']
[0.277s] Level 1:colcon.colcon_core.package_identification:_identify(minimal_class_node) by extension 'colcon_meta'
[0.277s] Level 1:colcon.colcon_core.package_identification:_identify(minimal_class_node) by extensions ['ros']
[0.277s] Level 1:colcon.colcon_core.package_identification:_identify(minimal_class_node) by extension 'ros'
[0.279s] DEBUG:colcon.colcon_core.package_identification:Package 'minimal_class_node' with type 'ros.ament_cmake' and name 'minimal_class_node'
[0.279s] Level 1:colcon.colcon_core.package_identification:_identify(ros2_demo_py) by extensions ['ignore', 'ignore_ament_install']
[0.279s] Level 1:colcon.colcon_core.package_identification:_identify(ros2_demo_py) by extension 'ignore'
[0.279s] Level 1:colcon.colcon_core.package_identification:_identify(ros2_demo_py) by extension 'ignore_ament_install'
[0.279s] Level 1:colcon.colcon_core.package_identification:_identify(ros2_demo_py) by extensions ['colcon_pkg']
[0.279s] Level 1:colcon.colcon_core.package_identification:_identify(ros2_demo_py) by extension 'colcon_pkg'
[0.279s] Level 1:colcon.colcon_core.package_identification:_identify(ros2_demo_py) by extensions ['colcon_meta']
[0.279s] Level 1:colcon.colcon_core.package_identification:_identify(ros2_demo_py) by extension 'colcon_meta'
[0.279s] Level 1:colcon.colcon_core.package_identification:_identify(ros2_demo_py) by extensions ['ros']
[0.279s] Level 1:colcon.colcon_core.package_identification:_identify(ros2_demo_py) by extension 'ros'
[0.280s] DEBUG:colcon.colcon_core.package_identification:Package 'ros2_demo_py' with type 'ros.ament_python' and name 'ros2_demo_py'
[0.280s] Level 1:colcon.colcon_core.package_discovery:discover_packages(recursive) using defaults
[0.280s] Level 1:colcon.colcon_core.package_discovery:discover_packages(ignore) discover
[0.280s] Level 1:colcon.colcon_core.package_discovery:discover_packages(ignore) using defaults
[0.280s] Level 1:colcon.colcon_core.package_discovery:discover_packages(path) discover
[0.280s] Level 1:colcon.colcon_core.package_discovery:discover_packages(path) using defaults
[0.287s] Level 5:colcon.colcon_core.verb:set package 'minimal_class_node' build argument 'cmake_args' from command line to 'None'
[0.287s] Level 5:colcon.colcon_core.verb:set package 'minimal_class_node' build argument 'cmake_target' from command line to 'None'
[0.288s] Level 5:colcon.colcon_core.verb:set package 'minimal_class_node' build argument 'cmake_target_skip_unavailable' from command line to 'False'
[0.288s] Level 5:colcon.colcon_core.verb:set package 'minimal_class_node' build argument 'cmake_clean_cache' from command line to 'False'
[0.288s] Level 5:colcon.colcon_core.verb:set package 'minimal_class_node' build argument 'cmake_clean_first' from command line to 'False'
[0.288s] Level 5:colcon.colcon_core.verb:set package 'minimal_class_node' build argument 'cmake_force_configure' from command line to 'False'
[0.288s] Level 5:colcon.colcon_core.verb:set package 'minimal_class_node' build argument 'ament_cmake_args' from command line to 'None'
[0.288s] Level 5:colcon.colcon_core.verb:set package 'minimal_class_node' build argument 'catkin_cmake_args' from command line to 'None'
[0.288s] Level 5:colcon.colcon_core.verb:set package 'minimal_class_node' build argument 'catkin_skip_building_tests' from command line to 'False'
[0.288s] DEBUG:colcon.colcon_core.verb:Building package 'minimal_class_node' with the following arguments: {'ament_cmake_args': None, 'build_base': '/home/koki/ros2_studies_ws/build/minimal_class_node', 'catkin_cmake_args': None, 'catkin_skip_building_tests': False, 'cmake_args': None, 'cmake_clean_cache': False, 'cmake_clean_first': False, 'cmake_force_configure': False, 'cmake_target': None, 'cmake_target_skip_unavailable': False, 'install_base': '/home/koki/ros2_studies_ws/install/minimal_class_node', 'merge_install': False, 'path': '/home/koki/ros2_studies_ws/minimal_class_node', 'symlink_install': True, 'test_result_base': None}
[0.292s] Level 5:colcon.colcon_core.verb:set package 'ros2_demo_py' build argument 'cmake_args' from command line to 'None'
[0.292s] Level 5:colcon.colcon_core.verb:set package 'ros2_demo_py' build argument 'cmake_target' from command line to 'None'
[0.292s] Level 5:colcon.colcon_core.verb:set package 'ros2_demo_py' build argument 'cmake_target_skip_unavailable' from command line to 'False'
[0.292s] Level 5:colcon.colcon_core.verb:set package 'ros2_demo_py' build argument 'cmake_clean_cache' from command line to 'False'
[0.292s] Level 5:colcon.colcon_core.verb:set package 'ros2_demo_py' build argument 'cmake_clean_first' from command line to 'False'
[0.292s] Level 5:colcon.colcon_core.verb:set package 'ros2_demo_py' build argument 'cmake_force_configure' from command line to 'False'
[0.292s] Level 5:colcon.colcon_core.verb:set package 'ros2_demo_py' build argument 'ament_cmake_args' from command line to 'None'
[0.292s] Level 5:colcon.colcon_core.verb:set package 'ros2_demo_py' build argument 'catkin_cmake_args' from command line to 'None'
[0.292s] Level 5:colcon.colcon_core.verb:set package 'ros2_demo_py' build argument 'catkin_skip_building_tests' from command line to 'False'
[0.292s] DEBUG:colcon.colcon_core.verb:Building package 'ros2_demo_py' with the following arguments: {'ament_cmake_args': None, 'build_base': '/home/koki/ros2_studies_ws/build/ros2_demo_py', 'catkin_cmake_args': None, 'catkin_skip_building_tests': False, 'cmake_args': None, 'cmake_clean_cache': False, 'cmake_clean_first': False, 'cmake_force_configure': False, 'cmake_target': None, 'cmake_target_skip_unavailable': False, 'install_base': '/home/koki/ros2_studies_ws/install/ros2_demo_py', 'merge_install': False, 'path': '/home/koki/ros2_studies_ws/ros2_demo_py', 'symlink_install': True, 'test_result_base': None}
[0.293s] INFO:colcon.colcon_core.executor:Executing jobs using 'parallel' executor
[0.295s] DEBUG:colcon.colcon_parallel_executor.executor.parallel:run_until_complete
[0.295s] INFO:colcon.colcon_ros.task.ament_cmake.build:Building ROS package in '/home/koki/ros2_studies_ws/minimal_class_node' with build type 'ament_cmake'
[0.313s] INFO:colcon.colcon_core.plugin_system:Skipping extension 'colcon_core.shell.bat': Not used on non-Windows systems
[0.313s] INFO:colcon.colcon_cmake.task.cmake.build:Building CMake package in '/home/koki/ros2_studies_ws/minimal_class_node'
[0.314s] INFO:colcon.colcon_core.shell:Skip shell extension 'powershell' for command environment: Not usable outside of PowerShell
[0.314s] DEBUG:colcon.colcon_core.shell:Skip shell extension 'dsv' for command environment
[0.333s] DEBUG:colcon.colcon_core.shell:Ignoring prefix path '/opt/ros/dashing'
[0.335s] INFO:colcon.colcon_ros.task.ament_python.build:Building ROS package in '/home/koki/ros2_studies_ws/ros2_demo_py' with build type 'ament_python'
[0.336s] Level 1:colcon.colcon_core.shell:create_environment_hook('ros2_demo_py', 'ament_prefix_path')
[0.337s] INFO:colcon.colcon_core.shell:Creating environment hook '/home/koki/ros2_studies_ws/install/ros2_demo_py/share/ros2_demo_py/hook/ament_prefix_path.ps1'
[0.338s] INFO:colcon.colcon_core.shell:Creating environment descriptor '/home/koki/ros2_studies_ws/install/ros2_demo_py/share/ros2_demo_py/hook/ament_prefix_path.dsv'
[0.338s] INFO:colcon.colcon_core.shell:Creating environment hook '/home/koki/ros2_studies_ws/install/ros2_demo_py/share/ros2_demo_py/hook/ament_prefix_path.sh'
[0.340s] INFO:colcon.colcon_core.shell:Skip shell extension 'powershell' for command environment: Not usable outside of PowerShell
[0.340s] DEBUG:colcon.colcon_core.shell:Skip shell extension 'dsv' for command environment
[0.361s] DEBUG:colcon.colcon_core.shell:Ignoring prefix path '/opt/ros/dashing'
[0.368s] DEBUG:colcon.colcon_core.event_handler.log_command:Invoking command in '/home/koki/ros2_studies_ws/build/minimal_class_node': CMAKE_PREFIX_PATH=${CMAKE_PREFIX_PATH}:/opt/ros/dashing:/home/koki/ros2_dashing/install/ros2bag:/home/koki/ros2_dashing/install/topic_monitor:/home/koki/ros2_dashing/install/sros2:/home/koki/ros2_dashing/install/rqt_topic:/home/koki/ros2_dashing/install/rqt_action:/home/koki/ros2_dashing/install/rqt:/home/koki/ros2_dashing/install/rqt_graph:/home/koki/ros2_dashing/install/rqt_gui_py:/home/koki/ros2_dashing/install/rqt_gui:/home/koki/ros2_dashing/install/ros2topic:/home/koki/ros2_dashing/install/ros2test:/home/koki/ros2_dashing/install/ros2component:/home/koki/ros2_dashing/install/ros2param:/home/koki/ros2_dashing/install/ros2lifecycle:/home/koki/ros2_dashing/install/ros2service:/home/koki/ros2_dashing/install/ros2srv:/home/koki/ros2_dashing/install/ros2run:/home/koki/ros2_dashing/install/ros2launch:/home/koki/ros2_dashing/install/ros2pkg:/home/koki/ros2_dashing/install/ros2node:/home/koki/ros2_dashing/install/ros2multicast:/home/koki/ros2_dashing/install/ros2msg:/home/koki/ros2_dashing/install/ros2action:/home/koki/ros2_dashing/install/ros2cli:/home/koki/ros2_dashing/install/quality_of_service_demo_py:/home/koki/ros2_dashing/install/launch_testing_ros:/home/koki/ros2_dashing/install/launch_ros:/home/koki/ros2_dashing/install/examples_rclpy_minimal_subscriber:/home/koki/ros2_dashing/install/examples_rclpy_minimal_service:/home/koki/ros2_dashing/install/examples_rclpy_minimal_publisher:/home/koki/ros2_dashing/install/examples_rclpy_minimal_client:/home/koki/ros2_dashing/install/examples_rclpy_minimal_action_server:/home/koki/ros2_dashing/install/examples_rclpy_minimal_action_client:/home/koki/ros2_dashing/install/examples_rclpy_executors:/home/koki/ros2_dashing/install/demo_nodes_py:/home/koki/ros2_dashing/install/ament_uncrustify:/home/koki/ros2_dashing/install/test_launch_ros:/home/koki/ros2_dashing/install/rosidl_runtime_py:/home/koki/ros2_dashing/install/launch_testing:/home/koki/ros2_dashing/install/launch:/home/koki/ros2_dashing/install/osrf_pycommon:/home/koki/ros2_dashing/install/ament_xmllint:/home/koki/ros2_dashing/install/ament_pyflakes:/home/koki/ros2_dashing/install/ament_pep8:/home/koki/ros2_dashing/install/ament_pep257:/home/koki/ros2_dashing/install/ament_pclint:/home/koki/ros2_dashing/install/ament_package:/home/koki/ros2_dashing/install/ament_lint_cmake:/home/koki/ros2_dashing/install/ament_flake8:/home/koki/ros2_dashing/install/ament_copyright:/home/koki/ros2_dashing/install/ament_lint:/home/koki/ros2_dashing/install/ament_index_python:/home/koki/ros2_dashing/install/ament_cpplint:/home/koki/ros2_dashing/install/ament_cppcheck:/home/koki/ros2_dashing/install/ament_clang_tidy:/home/koki/ros2_dashing/install/ament_clang_format /usr/bin/cmake /home/koki/ros2_studies_ws/minimal_class_node -DAMENT_CMAKE_SYMLINK_INSTALL=1 -DCMAKE_INSTALL_PREFIX=/home/koki/ros2_studies_ws/install/minimal_class_node
[0.722s] WARNING:colcon.colcon_ros.task.ament_python.build:Package 'ros2_demo_py' doesn't explicitly install a marker in the package index (colcon-ros currently does it implicitly but that fallback will be removed in the future)
[0.723s] WARNING:colcon.colcon_ros.task.ament_python.build:Package 'ros2_demo_py' doesn't explicitly install the 'package.xml' file (colcon-ros currently does it implicitly but that fallback will be removed in the future)
[0.723s] INFO:colcon.colcon_core.task.python.build:Building Python package in '/home/koki/ros2_studies_ws/ros2_demo_py'
[0.724s] INFO:colcon.colcon_core.shell:Skip shell extension 'powershell' for command environment: Not usable outside of PowerShell
[0.724s] DEBUG:colcon.colcon_core.shell:Skip shell extension 'dsv' for command environment
[0.743s] DEBUG:colcon.colcon_core.shell:Ignoring prefix path '/opt/ros/dashing'
[0.752s] DEBUG:colcon.colcon_core.event_handler.log_command:Invoking command in '/home/koki/ros2_studies_ws/build/ros2_demo_py': PYTHONPATH=/home/koki/ros2_studies_ws/install/ros2_demo_py/lib/python3.6/site-packages:${PYTHONPATH} /usr/bin/python3 setup.py develop --prefix /home/koki/ros2_studies_ws/install/ros2_demo_py --editable --build-directory /home/koki/ros2_studies_ws/build/ros2_demo_py/build --no-deps
[1.322s] Level 1:colcon.colcon_core.shell:create_environment_hook('ros2_demo_py', 'pythonpath_develop')
[1.323s] INFO:colcon.colcon_core.shell:Creating environment hook '/home/koki/ros2_studies_ws/build/ros2_demo_py/share/ros2_demo_py/hook/pythonpath_develop.ps1'
[1.324s] DEBUG:colcon.colcon_core.event_handler.log_command:Invoked command in '/home/koki/ros2_studies_ws/build/ros2_demo_py' returned '0': PYTHONPATH=/home/koki/ros2_studies_ws/install/ros2_demo_py/lib/python3.6/site-packages:${PYTHONPATH} /usr/bin/python3 setup.py develop --prefix /home/koki/ros2_studies_ws/install/ros2_demo_py --editable --build-directory /home/koki/ros2_studies_ws/build/ros2_demo_py/build --no-deps
[1.325s] INFO:colcon.colcon_core.shell:Creating environment descriptor '/home/koki/ros2_studies_ws/build/ros2_demo_py/share/ros2_demo_py/hook/pythonpath_develop.dsv'
[1.325s] INFO:colcon.colcon_core.shell:Creating environment hook '/home/koki/ros2_studies_ws/build/ros2_demo_py/share/ros2_demo_py/hook/pythonpath_develop.sh'
[1.332s] Level 1:colcon.colcon_core.environment:checking '/home/koki/ros2_studies_ws/install/ros2_demo_py' for CMake module files
[1.333s] Level 1:colcon.colcon_core.environment:checking '/home/koki/ros2_studies_ws/install/ros2_demo_py' for CMake config files
[1.334s] Level 1:colcon.colcon_core.environment:checking '/home/koki/ros2_studies_ws/install/ros2_demo_py/lib'
[1.334s] Level 1:colcon.colcon_core.environment:checking '/home/koki/ros2_studies_ws/install/ros2_demo_py/bin'
[1.334s] Level 1:colcon.colcon_core.environment:checking '/home/koki/ros2_studies_ws/install/ros2_demo_py/lib/pkgconfig/ros2_demo_py.pc'
[1.334s] Level 1:colcon.colcon_core.environment:checking '/home/koki/ros2_studies_ws/install/ros2_demo_py/lib/python3.6/site-packages'
[1.334s] Level 1:colcon.colcon_core.shell:create_environment_hook('ros2_demo_py', 'pythonpath')
[1.335s] INFO:colcon.colcon_core.shell:Creating environment hook '/home/koki/ros2_studies_ws/install/ros2_demo_py/share/ros2_demo_py/hook/pythonpath.ps1'
[1.335s] INFO:colcon.colcon_core.shell:Creating environment descriptor '/home/koki/ros2_studies_ws/install/ros2_demo_py/share/ros2_demo_py/hook/pythonpath.dsv'
[1.336s] INFO:colcon.colcon_core.shell:Creating environment hook '/home/koki/ros2_studies_ws/install/ros2_demo_py/share/ros2_demo_py/hook/pythonpath.sh'
[1.336s] Level 1:colcon.colcon_core.environment:create_environment_scripts_only(ros2_demo_py)
[1.337s] INFO:colcon.colcon_core.shell:Creating package script '/home/koki/ros2_studies_ws/install/ros2_demo_py/share/ros2_demo_py/package.ps1'
[1.338s] INFO:colcon.colcon_core.shell:Creating package descriptor '/home/koki/ros2_studies_ws/install/ros2_demo_py/share/ros2_demo_py/package.dsv'
[1.338s] INFO:colcon.colcon_core.shell:Creating package script '/home/koki/ros2_studies_ws/install/ros2_demo_py/share/ros2_demo_py/package.sh'
[1.339s] INFO:colcon.colcon_core.shell:Creating package script '/home/koki/ros2_studies_ws/install/ros2_demo_py/share/ros2_demo_py/package.bash'
[1.340s] INFO:colcon.colcon_core.shell:Creating package script '/home/koki/ros2_studies_ws/install/ros2_demo_py/share/ros2_demo_py/package.zsh'
[1.349s] Level 1:colcon.colcon_core.environment:create_file_with_runtime_dependencies(/home/koki/ros2_studies_ws/install/ros2_demo_py/share/colcon-core/packages/ros2_demo_py)
[1.688s] DEBUG:colcon.colcon_core.event_handler.log_command:Invoked command in '/home/koki/ros2_studies_ws/build/minimal_class_node' returned '0': CMAKE_PREFIX_PATH=${CMAKE_PREFIX_PATH}:/opt/ros/dashing:/home/koki/ros2_dashing/install/ros2bag:/home/koki/ros2_dashing/install/topic_monitor:/home/koki/ros2_dashing/install/sros2:/home/koki/ros2_dashing/install/rqt_topic:/home/koki/ros2_dashing/install/rqt_action:/home/koki/ros2_dashing/install/rqt:/home/koki/ros2_dashing/install/rqt_graph:/home/koki/ros2_dashing/install/rqt_gui_py:/home/koki/ros2_dashing/install/rqt_gui:/home/koki/ros2_dashing/install/ros2topic:/home/koki/ros2_dashing/install/ros2test:/home/koki/ros2_dashing/install/ros2component:/home/koki/ros2_dashing/install/ros2param:/home/koki/ros2_dashing/install/ros2lifecycle:/home/koki/ros2_dashing/install/ros2service:/home/koki/ros2_dashing/install/ros2srv:/home/koki/ros2_dashing/install/ros2run:/home/koki/ros2_dashing/install/ros2launch:/home/koki/ros2_dashing/install/ros2pkg:/home/koki/ros2_dashing/install/ros2node:/home/koki/ros2_dashing/install/ros2multicast:/home/koki/ros2_dashing/install/ros2msg:/home/koki/ros2_dashing/install/ros2action:/home/koki/ros2_dashing/install/ros2cli:/home/koki/ros2_dashing/install/quality_of_service_demo_py:/home/koki/ros2_dashing/install/launch_testing_ros:/home/koki/ros2_dashing/install/launch_ros:/home/koki/ros2_dashing/install/examples_rclpy_minimal_subscriber:/home/koki/ros2_dashing/install/examples_rclpy_minimal_service:/home/koki/ros2_dashing/install/examples_rclpy_minimal_publisher:/home/koki/ros2_dashing/install/examples_rclpy_minimal_client:/home/koki/ros2_dashing/install/examples_rclpy_minimal_action_server:/home/koki/ros2_dashing/install/examples_rclpy_minimal_action_client:/home/koki/ros2_dashing/install/examples_rclpy_executors:/home/koki/ros2_dashing/install/demo_nodes_py:/home/koki/ros2_dashing/install/ament_uncrustify:/home/koki/ros2_dashing/install/test_launch_ros:/home/koki/ros2_dashing/install/rosidl_runtime_py:/home/koki/ros2_dashing/install/launch_testing:/home/koki/ros2_dashing/install/launch:/home/koki/ros2_dashing/install/osrf_pycommon:/home/koki/ros2_dashing/install/ament_xmllint:/home/koki/ros2_dashing/install/ament_pyflakes:/home/koki/ros2_dashing/install/ament_pep8:/home/koki/ros2_dashing/install/ament_pep257:/home/koki/ros2_dashing/install/ament_pclint:/home/koki/ros2_dashing/install/ament_package:/home/koki/ros2_dashing/install/ament_lint_cmake:/home/koki/ros2_dashing/install/ament_flake8:/home/koki/ros2_dashing/install/ament_copyright:/home/koki/ros2_dashing/install/ament_lint:/home/koki/ros2_dashing/install/ament_index_python:/home/koki/ros2_dashing/install/ament_cpplint:/home/koki/ros2_dashing/install/ament_cppcheck:/home/koki/ros2_dashing/install/ament_clang_tidy:/home/koki/ros2_dashing/install/ament_clang_format /usr/bin/cmake /home/koki/ros2_studies_ws/minimal_class_node -DAMENT_CMAKE_SYMLINK_INSTALL=1 -DCMAKE_INSTALL_PREFIX=/home/koki/ros2_studies_ws/install/minimal_class_node
[1.693s] DEBUG:colcon.colcon_core.event_handler.log_command:Invoking command in '/home/koki/ros2_studies_ws/build/minimal_class_node': CMAKE_PREFIX_PATH=${CMAKE_PREFIX_PATH}:/opt/ros/dashing:/home/koki/ros2_dashing/install/ros2bag:/home/koki/ros2_dashing/install/topic_monitor:/home/koki/ros2_dashing/install/sros2:/home/koki/ros2_dashing/install/rqt_topic:/home/koki/ros2_dashing/install/rqt_action:/home/koki/ros2_dashing/install/rqt:/home/koki/ros2_dashing/install/rqt_graph:/home/koki/ros2_dashing/install/rqt_gui_py:/home/koki/ros2_dashing/install/rqt_gui:/home/koki/ros2_dashing/install/ros2topic:/home/koki/ros2_dashing/install/ros2test:/home/koki/ros2_dashing/install/ros2component:/home/koki/ros2_dashing/install/ros2param:/home/koki/ros2_dashing/install/ros2lifecycle:/home/koki/ros2_dashing/install/ros2service:/home/koki/ros2_dashing/install/ros2srv:/home/koki/ros2_dashing/install/ros2run:/home/koki/ros2_dashing/install/ros2launch:/home/koki/ros2_dashing/install/ros2pkg:/home/koki/ros2_dashing/install/ros2node:/home/koki/ros2_dashing/install/ros2multicast:/home/koki/ros2_dashing/install/ros2msg:/home/koki/ros2_dashing/install/ros2action:/home/koki/ros2_dashing/install/ros2cli:/home/koki/ros2_dashing/install/quality_of_service_demo_py:/home/koki/ros2_dashing/install/launch_testing_ros:/home/koki/ros2_dashing/install/launch_ros:/home/koki/ros2_dashing/install/examples_rclpy_minimal_subscriber:/home/koki/ros2_dashing/install/examples_rclpy_minimal_service:/home/koki/ros2_dashing/install/examples_rclpy_minimal_publisher:/home/koki/ros2_dashing/install/examples_rclpy_minimal_client:/home/koki/ros2_dashing/install/examples_rclpy_minimal_action_server:/home/koki/ros2_dashing/install/examples_rclpy_minimal_action_client:/home/koki/ros2_dashing/install/examples_rclpy_executors:/home/koki/ros2_dashing/install/demo_nodes_py:/home/koki/ros2_dashing/install/ament_uncrustify:/home/koki/ros2_dashing/install/test_launch_ros:/home/koki/ros2_dashing/install/rosidl_runtime_py:/home/koki/ros2_dashing/install/launch_testing:/home/koki/ros2_dashing/install/launch:/home/koki/ros2_dashing/install/osrf_pycommon:/home/koki/ros2_dashing/install/ament_xmllint:/home/koki/ros2_dashing/install/ament_pyflakes:/home/koki/ros2_dashing/install/ament_pep8:/home/koki/ros2_dashing/install/ament_pep257:/home/koki/ros2_dashing/install/ament_pclint:/home/koki/ros2_dashing/install/ament_package:/home/koki/ros2_dashing/install/ament_lint_cmake:/home/koki/ros2_dashing/install/ament_flake8:/home/koki/ros2_dashing/install/ament_copyright:/home/koki/ros2_dashing/install/ament_lint:/home/koki/ros2_dashing/install/ament_index_python:/home/koki/ros2_dashing/install/ament_cpplint:/home/koki/ros2_dashing/install/ament_cppcheck:/home/koki/ros2_dashing/install/ament_clang_tidy:/home/koki/ros2_dashing/install/ament_clang_format /usr/bin/cmake --build /home/koki/ros2_studies_ws/build/minimal_class_node -- -j8 -l8
[4.980s] DEBUG:colcon.colcon_core.event_handler.log_command:Invoked command in '/home/koki/ros2_studies_ws/build/minimal_class_node' returned '0': CMAKE_PREFIX_PATH=${CMAKE_PREFIX_PATH}:/opt/ros/dashing:/home/koki/ros2_dashing/install/ros2bag:/home/koki/ros2_dashing/install/topic_monitor:/home/koki/ros2_dashing/install/sros2:/home/koki/ros2_dashing/install/rqt_topic:/home/koki/ros2_dashing/install/rqt_action:/home/koki/ros2_dashing/install/rqt:/home/koki/ros2_dashing/install/rqt_graph:/home/koki/ros2_dashing/install/rqt_gui_py:/home/koki/ros2_dashing/install/rqt_gui:/home/koki/ros2_dashing/install/ros2topic:/home/koki/ros2_dashing/install/ros2test:/home/koki/ros2_dashing/install/ros2component:/home/koki/ros2_dashing/install/ros2param:/home/koki/ros2_dashing/install/ros2lifecycle:/home/koki/ros2_dashing/install/ros2service:/home/koki/ros2_dashing/install/ros2srv:/home/koki/ros2_dashing/install/ros2run:/home/koki/ros2_dashing/install/ros2launch:/home/koki/ros2_dashing/install/ros2pkg:/home/koki/ros2_dashing/install/ros2node:/home/koki/ros2_dashing/install/ros2multicast:/home/koki/ros2_dashing/install/ros2msg:/home/koki/ros2_dashing/install/ros2action:/home/koki/ros2_dashing/install/ros2cli:/home/koki/ros2_dashing/install/quality_of_service_demo_py:/home/koki/ros2_dashing/install/launch_testing_ros:/home/koki/ros2_dashing/install/launch_ros:/home/koki/ros2_dashing/install/examples_rclpy_minimal_subscriber:/home/koki/ros2_dashing/install/examples_rclpy_minimal_service:/home/koki/ros2_dashing/install/examples_rclpy_minimal_publisher:/home/koki/ros2_dashing/install/examples_rclpy_minimal_client:/home/koki/ros2_dashing/install/examples_rclpy_minimal_action_server:/home/koki/ros2_dashing/install/examples_rclpy_minimal_action_client:/home/koki/ros2_dashing/install/examples_rclpy_executors:/home/koki/ros2_dashing/install/demo_nodes_py:/home/koki/ros2_dashing/install/ament_uncrustify:/home/koki/ros2_dashing/install/test_launch_ros:/home/koki/ros2_dashing/install/rosidl_runtime_py:/home/koki/ros2_dashing/install/launch_testing:/home/koki/ros2_dashing/install/launch:/home/koki/ros2_dashing/install/osrf_pycommon:/home/koki/ros2_dashing/install/ament_xmllint:/home/koki/ros2_dashing/install/ament_pyflakes:/home/koki/ros2_dashing/install/ament_pep8:/home/koki/ros2_dashing/install/ament_pep257:/home/koki/ros2_dashing/install/ament_pclint:/home/koki/ros2_dashing/install/ament_package:/home/koki/ros2_dashing/install/ament_lint_cmake:/home/koki/ros2_dashing/install/ament_flake8:/home/koki/ros2_dashing/install/ament_copyright:/home/koki/ros2_dashing/install/ament_lint:/home/koki/ros2_dashing/install/ament_index_python:/home/koki/ros2_dashing/install/ament_cpplint:/home/koki/ros2_dashing/install/ament_cppcheck:/home/koki/ros2_dashing/install/ament_clang_tidy:/home/koki/ros2_dashing/install/ament_clang_format /usr/bin/cmake --build /home/koki/ros2_studies_ws/build/minimal_class_node -- -j8 -l8
[5.051s] DEBUG:colcon.colcon_core.event_handler.log_command:Invoking command in '/home/koki/ros2_studies_ws/build/minimal_class_node': CMAKE_PREFIX_PATH=${CMAKE_PREFIX_PATH}:/opt/ros/dashing:/home/koki/ros2_dashing/install/ros2bag:/home/koki/ros2_dashing/install/topic_monitor:/home/koki/ros2_dashing/install/sros2:/home/koki/ros2_dashing/install/rqt_topic:/home/koki/ros2_dashing/install/rqt_action:/home/koki/ros2_dashing/install/rqt:/home/koki/ros2_dashing/install/rqt_graph:/home/koki/ros2_dashing/install/rqt_gui_py:/home/koki/ros2_dashing/install/rqt_gui:/home/koki/ros2_dashing/install/ros2topic:/home/koki/ros2_dashing/install/ros2test:/home/koki/ros2_dashing/install/ros2component:/home/koki/ros2_dashing/install/ros2param:/home/koki/ros2_dashing/install/ros2lifecycle:/home/koki/ros2_dashing/install/ros2service:/home/koki/ros2_dashing/install/ros2srv:/home/koki/ros2_dashing/install/ros2run:/home/koki/ros2_dashing/install/ros2launch:/home/koki/ros2_dashing/install/ros2pkg:/home/koki/ros2_dashing/install/ros2node:/home/koki/ros2_dashing/install/ros2multicast:/home/koki/ros2_dashing/install/ros2msg:/home/koki/ros2_dashing/install/ros2action:/home/koki/ros2_dashing/install/ros2cli:/home/koki/ros2_dashing/install/quality_of_service_demo_py:/home/koki/ros2_dashing/install/launch_testing_ros:/home/koki/ros2_dashing/install/launch_ros:/home/koki/ros2_dashing/install/examples_rclpy_minimal_subscriber:/home/koki/ros2_dashing/install/examples_rclpy_minimal_service:/home/koki/ros2_dashing/install/examples_rclpy_minimal_publisher:/home/koki/ros2_dashing/install/examples_rclpy_minimal_client:/home/koki/ros2_dashing/install/examples_rclpy_minimal_action_server:/home/koki/ros2_dashing/install/examples_rclpy_minimal_action_client:/home/koki/ros2_dashing/install/examples_rclpy_executors:/home/koki/ros2_dashing/install/demo_nodes_py:/home/koki/ros2_dashing/install/ament_uncrustify:/home/koki/ros2_dashing/install/test_launch_ros:/home/koki/ros2_dashing/install/rosidl_runtime_py:/home/koki/ros2_dashing/install/launch_testing:/home/koki/ros2_dashing/install/launch:/home/koki/ros2_dashing/install/osrf_pycommon:/home/koki/ros2_dashing/install/ament_xmllint:/home/koki/ros2_dashing/install/ament_pyflakes:/home/koki/ros2_dashing/install/ament_pep8:/home/koki/ros2_dashing/install/ament_pep257:/home/koki/ros2_dashing/install/ament_pclint:/home/koki/ros2_dashing/install/ament_package:/home/koki/ros2_dashing/install/ament_lint_cmake:/home/koki/ros2_dashing/install/ament_flake8:/home/koki/ros2_dashing/install/ament_copyright:/home/koki/ros2_dashing/install/ament_lint:/home/koki/ros2_dashing/install/ament_index_python:/home/koki/ros2_dashing/install/ament_cpplint:/home/koki/ros2_dashing/install/ament_cppcheck:/home/koki/ros2_dashing/install/ament_clang_tidy:/home/koki/ros2_dashing/install/ament_clang_format /usr/bin/cmake --build /home/koki/ros2_studies_ws/build/minimal_class_node --target install -- -j8 -l8
[5.195s] Level 1:colcon.colcon_core.environment:create_environment_scripts_only(minimal_class_node)
[5.196s] Level 1:colcon.colcon_core.environment:checking '/home/koki/ros2_studies_ws/install/minimal_class_node' for CMake module files
[5.197s] DEBUG:colcon.colcon_core.event_handler.log_command:Invoked command in '/home/koki/ros2_studies_ws/build/minimal_class_node' returned '0': CMAKE_PREFIX_PATH=${CMAKE_PREFIX_PATH}:/opt/ros/dashing:/home/koki/ros2_dashing/install/ros2bag:/home/koki/ros2_dashing/install/topic_monitor:/home/koki/ros2_dashing/install/sros2:/home/koki/ros2_dashing/install/rqt_topic:/home/koki/ros2_dashing/install/rqt_action:/home/koki/ros2_dashing/install/rqt:/home/koki/ros2_dashing/install/rqt_graph:/home/koki/ros2_dashing/install/rqt_gui_py:/home/koki/ros2_dashing/install/rqt_gui:/home/koki/ros2_dashing/install/ros2topic:/home/koki/ros2_dashing/install/ros2test:/home/koki/ros2_dashing/install/ros2component:/home/koki/ros2_dashing/install/ros2param:/home/koki/ros2_dashing/install/ros2lifecycle:/home/koki/ros2_dashing/install/ros2service:/home/koki/ros2_dashing/install/ros2srv:/home/koki/ros2_dashing/install/ros2run:/home/koki/ros2_dashing/install/ros2launch:/home/koki/ros2_dashing/install/ros2pkg:/home/koki/ros2_dashing/install/ros2node:/home/koki/ros2_dashing/install/ros2multicast:/home/koki/ros2_dashing/install/ros2msg:/home/koki/ros2_dashing/install/ros2action:/home/koki/ros2_dashing/install/ros2cli:/home/koki/ros2_dashing/install/quality_of_service_demo_py:/home/koki/ros2_dashing/install/launch_testing_ros:/home/koki/ros2_dashing/install/launch_ros:/home/koki/ros2_dashing/install/examples_rclpy_minimal_subscriber:/home/koki/ros2_dashing/install/examples_rclpy_minimal_service:/home/koki/ros2_dashing/install/examples_rclpy_minimal_publisher:/home/koki/ros2_dashing/install/examples_rclpy_minimal_client:/home/koki/ros2_dashing/install/examples_rclpy_minimal_action_server:/home/koki/ros2_dashing/install/examples_rclpy_minimal_action_client:/home/koki/ros2_dashing/install/examples_rclpy_executors:/home/koki/ros2_dashing/install/demo_nodes_py:/home/koki/ros2_dashing/install/ament_uncrustify:/home/koki/ros2_dashing/install/test_launch_ros:/home/koki/ros2_dashing/install/rosidl_runtime_py:/home/koki/ros2_dashing/install/launch_testing:/home/koki/ros2_dashing/install/launch:/home/koki/ros2_dashing/install/osrf_pycommon:/home/koki/ros2_dashing/install/ament_xmllint:/home/koki/ros2_dashing/install/ament_pyflakes:/home/koki/ros2_dashing/install/ament_pep8:/home/koki/ros2_dashing/install/ament_pep257:/home/koki/ros2_dashing/install/ament_pclint:/home/koki/ros2_dashing/install/ament_package:/home/koki/ros2_dashing/install/ament_lint_cmake:/home/koki/ros2_dashing/install/ament_flake8:/home/koki/ros2_dashing/install/ament_copyright:/home/koki/ros2_dashing/install/ament_lint:/home/koki/ros2_dashing/install/ament_index_python:/home/koki/ros2_dashing/install/ament_cpplint:/home/koki/ros2_dashing/install/ament_cppcheck:/home/koki/ros2_dashing/install/ament_clang_tidy:/home/koki/ros2_dashing/install/ament_clang_format /usr/bin/cmake --build /home/koki/ros2_studies_ws/build/minimal_class_node --target install -- -j8 -l8
[5.197s] Level 1:colcon.colcon_core.environment:checking '/home/koki/ros2_studies_ws/install/minimal_class_node' for CMake config files
[5.198s] Level 1:colcon.colcon_core.shell:create_environment_hook('minimal_class_node', 'cmake_prefix_path')
[5.198s] INFO:colcon.colcon_core.shell:Creating environment hook '/home/koki/ros2_studies_ws/install/minimal_class_node/share/minimal_class_node/hook/cmake_prefix_path.ps1'
[5.199s] INFO:colcon.colcon_core.shell:Creating environment descriptor '/home/koki/ros2_studies_ws/install/minimal_class_node/share/minimal_class_node/hook/cmake_prefix_path.dsv'
[5.199s] INFO:colcon.colcon_core.shell:Creating environment hook '/home/koki/ros2_studies_ws/install/minimal_class_node/share/minimal_class_node/hook/cmake_prefix_path.sh'
[5.200s] Level 1:colcon.colcon_core.environment:checking '/home/koki/ros2_studies_ws/install/minimal_class_node/lib'
[5.200s] Level 1:colcon.colcon_core.environment:checking '/home/koki/ros2_studies_ws/install/minimal_class_node/bin'
[5.200s] Level 1:colcon.colcon_core.environment:checking '/home/koki/ros2_studies_ws/install/minimal_class_node/lib/pkgconfig/minimal_class_node.pc'
[5.200s] Level 1:colcon.colcon_core.environment:checking '/home/koki/ros2_studies_ws/install/minimal_class_node/lib/python3.6/site-packages'
[5.201s] INFO:colcon.colcon_core.shell:Creating package script '/home/koki/ros2_studies_ws/install/minimal_class_node/share/minimal_class_node/package.ps1'
[5.201s] INFO:colcon.colcon_core.shell:Creating package descriptor '/home/koki/ros2_studies_ws/install/minimal_class_node/share/minimal_class_node/package.dsv'
[5.202s] INFO:colcon.colcon_core.shell:Creating package script '/home/koki/ros2_studies_ws/install/minimal_class_node/share/minimal_class_node/package.sh'
[5.202s] INFO:colcon.colcon_core.shell:Creating package script '/home/koki/ros2_studies_ws/install/minimal_class_node/share/minimal_class_node/package.bash'
[5.203s] INFO:colcon.colcon_core.shell:Creating package script '/home/koki/ros2_studies_ws/install/minimal_class_node/share/minimal_class_node/package.zsh'
[5.203s] Level 1:colcon.colcon_core.environment:create_file_with_runtime_dependencies(/home/koki/ros2_studies_ws/install/minimal_class_node/share/colcon-core/packages/minimal_class_node)
[5.203s] DEBUG:colcon.colcon_parallel_executor.executor.parallel:closing loop
[5.204s] DEBUG:colcon.colcon_parallel_executor.executor.parallel:loop closed
[5.204s] DEBUG:colcon.colcon_parallel_executor.executor.parallel:run_until_complete finished with '0'
[5.204s] DEBUG:colcon.colcon_core.event_reactor:joining thread
[5.214s] INFO:colcon.colcon_core.plugin_system:Skipping extension 'colcon_notification.desktop_notification.terminal_notifier': Not used on non-Darwin systems
[5.214s] INFO:colcon.colcon_core.plugin_system:Skipping extension 'colcon_notification.desktop_notification.win32': Not used on non-Windows systems
[5.214s] INFO:colcon.colcon_notification.desktop_notification:Sending desktop notification using 'notify2'
[5.217s] DEBUG:colcon.colcon_core.event_reactor:joined thread
[5.218s] INFO:colcon.colcon_core.shell:Creating prefix script '/home/koki/ros2_studies_ws/install/local_setup.ps1'
[5.220s] INFO:colcon.colcon_core.shell:Creating prefix util module '/home/koki/ros2_studies_ws/install/_local_setup_util_ps1.py'
[5.222s] INFO:colcon.colcon_core.shell:Creating prefix chain script '/home/koki/ros2_studies_ws/install/setup.ps1'
[5.234s] INFO:colcon.colcon_core.shell:Creating prefix script '/home/koki/ros2_studies_ws/install/local_setup.sh'
[5.234s] INFO:colcon.colcon_core.shell:Creating prefix util module '/home/koki/ros2_studies_ws/install/_local_setup_util_sh.py'
[5.235s] INFO:colcon.colcon_core.shell:Creating prefix chain script '/home/koki/ros2_studies_ws/install/setup.sh'
[5.247s] INFO:colcon.colcon_core.shell:Creating prefix script '/home/koki/ros2_studies_ws/install/local_setup.bash'
[5.247s] INFO:colcon.colcon_core.shell:Creating prefix chain script '/home/koki/ros2_studies_ws/install/setup.bash'
[5.259s] INFO:colcon.colcon_core.shell:Creating prefix script '/home/koki/ros2_studies_ws/install/local_setup.zsh'
[5.259s] INFO:colcon.colcon_core.shell:Creating prefix chain script '/home/koki/ros2_studies_ws/install/setup.zsh'
