[0.036s] Invoking command in '/home/koki/ros2_studies_ws/build/example_interfaces': CMAKE_PREFIX_PATH=${CMAKE_PREFIX_PATH}:/home/koki/ros2_studies_ws/install/ros2_demo_py:/opt/ros/dashing:/home/koki/ros2_dashing/install/ros2bag:/home/koki/ros2_dashing/install/topic_monitor:/home/koki/ros2_dashing/install/sros2:/home/koki/ros2_dashing/install/rqt_topic:/home/koki/ros2_dashing/install/rqt_action:/home/koki/ros2_dashing/install/rqt:/home/koki/ros2_dashing/install/rqt_graph:/home/koki/ros2_dashing/install/rqt_gui_py:/home/koki/ros2_dashing/install/rqt_gui:/home/koki/ros2_dashing/install/ros2topic:/home/koki/ros2_dashing/install/ros2test:/home/koki/ros2_dashing/install/ros2component:/home/koki/ros2_dashing/install/ros2param:/home/koki/ros2_dashing/install/ros2lifecycle:/home/koki/ros2_dashing/install/ros2service:/home/koki/ros2_dashing/install/ros2srv:/home/koki/ros2_dashing/install/ros2run:/home/koki/ros2_dashing/install/ros2launch:/home/koki/ros2_dashing/install/ros2pkg:/home/koki/ros2_dashing/install/ros2node:/home/koki/ros2_dashing/install/ros2multicast:/home/koki/ros2_dashing/install/ros2msg:/home/koki/ros2_dashing/install/ros2action:/home/koki/ros2_dashing/install/ros2cli:/home/koki/ros2_dashing/install/quality_of_service_demo_py:/home/koki/ros2_dashing/install/launch_testing_ros:/home/koki/ros2_dashing/install/launch_ros:/home/koki/ros2_dashing/install/examples_rclpy_minimal_subscriber:/home/koki/ros2_dashing/install/examples_rclpy_minimal_service:/home/koki/ros2_dashing/install/examples_rclpy_minimal_publisher:/home/koki/ros2_dashing/install/examples_rclpy_minimal_client:/home/koki/ros2_dashing/install/examples_rclpy_minimal_action_server:/home/koki/ros2_dashing/install/examples_rclpy_minimal_action_client:/home/koki/ros2_dashing/install/examples_rclpy_executors:/home/koki/ros2_dashing/install/demo_nodes_py:/home/koki/ros2_dashing/install/ament_uncrustify:/home/koki/ros2_dashing/install/test_launch_ros:/home/koki/ros2_dashing/install/rosidl_runtime_py:/home/koki/ros2_dashing/install/launch_testing:/home/koki/ros2_dashing/install/launch:/home/koki/ros2_dashing/install/osrf_pycommon:/home/koki/ros2_dashing/install/ament_xmllint:/home/koki/ros2_dashing/install/ament_pyflakes:/home/koki/ros2_dashing/install/ament_pep8:/home/koki/ros2_dashing/install/ament_pep257:/home/koki/ros2_dashing/install/ament_pclint:/home/koki/ros2_dashing/install/ament_package:/home/koki/ros2_dashing/install/ament_lint_cmake:/home/koki/ros2_dashing/install/ament_flake8:/home/koki/ros2_dashing/install/ament_copyright:/home/koki/ros2_dashing/install/ament_lint:/home/koki/ros2_dashing/install/ament_index_python:/home/koki/ros2_dashing/install/ament_cpplint:/home/koki/ros2_dashing/install/ament_cppcheck:/home/koki/ros2_dashing/install/ament_clang_tidy:/home/koki/ros2_dashing/install/ament_clang_format /usr/bin/cmake --build /home/koki/ros2_studies_ws/build/example_interfaces -- -j8 -l8
[0.141s] [  0%] Built target example_interfaces__cpp
[0.149s] [ 12%] Built target example_interfaces__rosidl_generator_c
[0.196s] [ 24%] Built target example_interfaces__rosidl_typesupport_cpp
[0.198s] [ 37%] Built target example_interfaces__rosidl_typesupport_introspection_cpp
[0.201s] [ 49%] Built target example_interfaces__rosidl_typesupport_c
[0.203s] [ 62%] Built target example_interfaces__rosidl_typesupport_introspection_c
[0.206s] [ 74%] Built target example_interfaces__rosidl_typesupport_fastrtps_cpp
[0.257s] [ 87%] Built target example_interfaces__rosidl_typesupport_fastrtps_c
[0.287s] [ 87%] Built target example_interfaces
[0.321s] [ 87%] Built target example_interfaces__py
[0.379s] [ 99%] Built target example_interfaces__python
[0.418s] [100%] Built target example_interfaces__rosidl_typesupport_c__pyext
[0.423s] [100%] Built target example_interfaces__rosidl_typesupport_fastrtps_c__pyext
[0.425s] [100%] Built target example_interfaces__rosidl_typesupport_introspection_c__pyext
[0.440s] Invoked command in '/home/koki/ros2_studies_ws/build/example_interfaces' returned '0': CMAKE_PREFIX_PATH=${CMAKE_PREFIX_PATH}:/home/koki/ros2_studies_ws/install/ros2_demo_py:/opt/ros/dashing:/home/koki/ros2_dashing/install/ros2bag:/home/koki/ros2_dashing/install/topic_monitor:/home/koki/ros2_dashing/install/sros2:/home/koki/ros2_dashing/install/rqt_topic:/home/koki/ros2_dashing/install/rqt_action:/home/koki/ros2_dashing/install/rqt:/home/koki/ros2_dashing/install/rqt_graph:/home/koki/ros2_dashing/install/rqt_gui_py:/home/koki/ros2_dashing/install/rqt_gui:/home/koki/ros2_dashing/install/ros2topic:/home/koki/ros2_dashing/install/ros2test:/home/koki/ros2_dashing/install/ros2component:/home/koki/ros2_dashing/install/ros2param:/home/koki/ros2_dashing/install/ros2lifecycle:/home/koki/ros2_dashing/install/ros2service:/home/koki/ros2_dashing/install/ros2srv:/home/koki/ros2_dashing/install/ros2run:/home/koki/ros2_dashing/install/ros2launch:/home/koki/ros2_dashing/install/ros2pkg:/home/koki/ros2_dashing/install/ros2node:/home/koki/ros2_dashing/install/ros2multicast:/home/koki/ros2_dashing/install/ros2msg:/home/koki/ros2_dashing/install/ros2action:/home/koki/ros2_dashing/install/ros2cli:/home/koki/ros2_dashing/install/quality_of_service_demo_py:/home/koki/ros2_dashing/install/launch_testing_ros:/home/koki/ros2_dashing/install/launch_ros:/home/koki/ros2_dashing/install/examples_rclpy_minimal_subscriber:/home/koki/ros2_dashing/install/examples_rclpy_minimal_service:/home/koki/ros2_dashing/install/examples_rclpy_minimal_publisher:/home/koki/ros2_dashing/install/examples_rclpy_minimal_client:/home/koki/ros2_dashing/install/examples_rclpy_minimal_action_server:/home/koki/ros2_dashing/install/examples_rclpy_minimal_action_client:/home/koki/ros2_dashing/install/examples_rclpy_executors:/home/koki/ros2_dashing/install/demo_nodes_py:/home/koki/ros2_dashing/install/ament_uncrustify:/home/koki/ros2_dashing/install/test_launch_ros:/home/koki/ros2_dashing/install/rosidl_runtime_py:/home/koki/ros2_dashing/install/launch_testing:/home/koki/ros2_dashing/install/launch:/home/koki/ros2_dashing/install/osrf_pycommon:/home/koki/ros2_dashing/install/ament_xmllint:/home/koki/ros2_dashing/install/ament_pyflakes:/home/koki/ros2_dashing/install/ament_pep8:/home/koki/ros2_dashing/install/ament_pep257:/home/koki/ros2_dashing/install/ament_pclint:/home/koki/ros2_dashing/install/ament_package:/home/koki/ros2_dashing/install/ament_lint_cmake:/home/koki/ros2_dashing/install/ament_flake8:/home/koki/ros2_dashing/install/ament_copyright:/home/koki/ros2_dashing/install/ament_lint:/home/koki/ros2_dashing/install/ament_index_python:/home/koki/ros2_dashing/install/ament_cpplint:/home/koki/ros2_dashing/install/ament_cppcheck:/home/koki/ros2_dashing/install/ament_clang_tidy:/home/koki/ros2_dashing/install/ament_clang_format /usr/bin/cmake --build /home/koki/ros2_studies_ws/build/example_interfaces -- -j8 -l8
[1.572s] Invoking command in '/home/koki/ros2_studies_ws/build/example_interfaces': CMAKE_PREFIX_PATH=${CMAKE_PREFIX_PATH}:/home/koki/ros2_studies_ws/install/ros2_demo_py:/opt/ros/dashing:/home/koki/ros2_dashing/install/ros2bag:/home/koki/ros2_dashing/install/topic_monitor:/home/koki/ros2_dashing/install/sros2:/home/koki/ros2_dashing/install/rqt_topic:/home/koki/ros2_dashing/install/rqt_action:/home/koki/ros2_dashing/install/rqt:/home/koki/ros2_dashing/install/rqt_graph:/home/koki/ros2_dashing/install/rqt_gui_py:/home/koki/ros2_dashing/install/rqt_gui:/home/koki/ros2_dashing/install/ros2topic:/home/koki/ros2_dashing/install/ros2test:/home/koki/ros2_dashing/install/ros2component:/home/koki/ros2_dashing/install/ros2param:/home/koki/ros2_dashing/install/ros2lifecycle:/home/koki/ros2_dashing/install/ros2service:/home/koki/ros2_dashing/install/ros2srv:/home/koki/ros2_dashing/install/ros2run:/home/koki/ros2_dashing/install/ros2launch:/home/koki/ros2_dashing/install/ros2pkg:/home/koki/ros2_dashing/install/ros2node:/home/koki/ros2_dashing/install/ros2multicast:/home/koki/ros2_dashing/install/ros2msg:/home/koki/ros2_dashing/install/ros2action:/home/koki/ros2_dashing/install/ros2cli:/home/koki/ros2_dashing/install/quality_of_service_demo_py:/home/koki/ros2_dashing/install/launch_testing_ros:/home/koki/ros2_dashing/install/launch_ros:/home/koki/ros2_dashing/install/examples_rclpy_minimal_subscriber:/home/koki/ros2_dashing/install/examples_rclpy_minimal_service:/home/koki/ros2_dashing/install/examples_rclpy_minimal_publisher:/home/koki/ros2_dashing/install/examples_rclpy_minimal_client:/home/koki/ros2_dashing/install/examples_rclpy_minimal_action_server:/home/koki/ros2_dashing/install/examples_rclpy_minimal_action_client:/home/koki/ros2_dashing/install/examples_rclpy_executors:/home/koki/ros2_dashing/install/demo_nodes_py:/home/koki/ros2_dashing/install/ament_uncrustify:/home/koki/ros2_dashing/install/test_launch_ros:/home/koki/ros2_dashing/install/rosidl_runtime_py:/home/koki/ros2_dashing/install/launch_testing:/home/koki/ros2_dashing/install/launch:/home/koki/ros2_dashing/install/osrf_pycommon:/home/koki/ros2_dashing/install/ament_xmllint:/home/koki/ros2_dashing/install/ament_pyflakes:/home/koki/ros2_dashing/install/ament_pep8:/home/koki/ros2_dashing/install/ament_pep257:/home/koki/ros2_dashing/install/ament_pclint:/home/koki/ros2_dashing/install/ament_package:/home/koki/ros2_dashing/install/ament_lint_cmake:/home/koki/ros2_dashing/install/ament_flake8:/home/koki/ros2_dashing/install/ament_copyright:/home/koki/ros2_dashing/install/ament_lint:/home/koki/ros2_dashing/install/ament_index_python:/home/koki/ros2_dashing/install/ament_cpplint:/home/koki/ros2_dashing/install/ament_cppcheck:/home/koki/ros2_dashing/install/ament_clang_tidy:/home/koki/ros2_dashing/install/ament_clang_format /usr/bin/cmake --build /home/koki/ros2_studies_ws/build/example_interfaces --target install -- -j8 -l8
[1.665s] [  0%] Built target example_interfaces__cpp
[1.676s] [ 12%] Built target example_interfaces__rosidl_generator_c
[1.716s] [ 24%] Built target example_interfaces__rosidl_typesupport_cpp
[1.719s] [ 37%] Built target example_interfaces__rosidl_typesupport_introspection_cpp
[1.731s] [ 49%] Built target example_interfaces__rosidl_typesupport_fastrtps_cpp
[1.736s] [ 61%] Built target example_interfaces__rosidl_typesupport_c
[1.737s] [ 74%] Built target example_interfaces__rosidl_typesupport_introspection_c
[1.782s] [ 87%] Built target example_interfaces__rosidl_typesupport_fastrtps_c
[1.815s] [ 87%] Built target example_interfaces
[1.853s] [ 87%] Built target example_interfaces__py
[1.916s] [ 99%] Built target example_interfaces__python
[1.954s] [ 99%] Built target example_interfaces__rosidl_typesupport_introspection_c__pyext
[1.957s] [ 99%] Built target example_interfaces__rosidl_typesupport_fastrtps_c__pyext
[1.961s] [100%] Built target example_interfaces__rosidl_typesupport_c__pyext
[1.989s] [36mInstall the project...[0m
[2.001s] -- Install configuration: ""
[2.002s] -- Execute custom install script
[2.002s] -- Up-to-date symlink: /home/koki/ros2_studies_ws/install/example_interfaces/share/ament_index/resource_index/rosidl_interfaces/example_interfaces
[2.002s] -- Up-to-date symlink: /home/koki/ros2_studies_ws/install/example_interfaces/lib/libexample_interfaces__rosidl_typesupport_c.so
[2.002s] -- Up-to-date symlink: /home/koki/ros2_studies_ws/install/example_interfaces/share/example_interfaces/environment/library_path.sh
[2.003s] -- Up-to-date symlink: /home/koki/ros2_studies_ws/install/example_interfaces/lib/libexample_interfaces__rosidl_typesupport_cpp.so
[2.004s] -- Up-to-date symlink: /home/koki/ros2_studies_ws/install/example_interfaces/include/example_interfaces/action/fibonacci__rosidl_typesupport_fastrtps_c.h
[2.004s] -- Up-to-date symlink: /home/koki/ros2_studies_ws/install/example_interfaces/include/example_interfaces/msg/bool__rosidl_typesupport_fastrtps_c.h
[2.004s] -- Up-to-date symlink: /home/koki/ros2_studies_ws/install/example_interfaces/include/example_interfaces/msg/byte__rosidl_typesupport_fastrtps_c.h
[2.004s] -- Up-to-date symlink: /home/koki/ros2_studies_ws/install/example_interfaces/include/example_interfaces/msg/byte_multi_array__rosidl_typesupport_fastrtps_c.h
[2.004s] -- Up-to-date symlink: /home/koki/ros2_studies_ws/install/example_interfaces/include/example_interfaces/msg/char__rosidl_typesupport_fastrtps_c.h
[2.004s] -- Up-to-date symlink: /home/koki/ros2_studies_ws/install/example_interfaces/include/example_interfaces/msg/empty__rosidl_typesupport_fastrtps_c.h
[2.005s] -- Up-to-date symlink: /home/koki/ros2_studies_ws/install/example_interfaces/include/example_interfaces/msg/float32__rosidl_typesupport_fastrtps_c.h
[2.005s] -- Up-to-date symlink: /home/koki/ros2_studies_ws/install/example_interfaces/include/example_interfaces/msg/float32_multi_array__rosidl_typesupport_fastrtps_c.h
[2.005s] -- Up-to-date symlink: /home/koki/ros2_studies_ws/install/example_interfaces/include/example_interfaces/msg/float64__rosidl_typesupport_fastrtps_c.h
[2.005s] -- Up-to-date symlink: /home/koki/ros2_studies_ws/install/example_interfaces/include/example_interfaces/msg/float64_multi_array__rosidl_typesupport_fastrtps_c.h
[2.005s] -- Up-to-date symlink: /home/koki/ros2_studies_ws/install/example_interfaces/include/example_interfaces/msg/int16__rosidl_typesupport_fastrtps_c.h
[2.005s] -- Up-to-date symlink: /home/koki/ros2_studies_ws/install/example_interfaces/include/example_interfaces/msg/int16_multi_array__rosidl_typesupport_fastrtps_c.h
[2.005s] -- Up-to-date symlink: /home/koki/ros2_studies_ws/install/example_interfaces/include/example_interfaces/msg/int32__rosidl_typesupport_fastrtps_c.h
[2.005s] -- Up-to-date symlink: /home/koki/ros2_studies_ws/install/example_interfaces/include/example_interfaces/msg/int32_multi_array__rosidl_typesupport_fastrtps_c.h
[2.005s] -- Up-to-date symlink: /home/koki/ros2_studies_ws/install/example_interfaces/include/example_interfaces/msg/int64__rosidl_typesupport_fastrtps_c.h
[2.006s] -- Up-to-date symlink: /home/koki/ros2_studies_ws/install/example_interfaces/include/example_interfaces/msg/int64_multi_array__rosidl_typesupport_fastrtps_c.h
[2.006s] -- Up-to-date symlink: /home/koki/ros2_studies_ws/install/example_interfaces/include/example_interfaces/msg/int8__rosidl_typesupport_fastrtps_c.h
[2.006s] -- Up-to-date symlink: /home/koki/ros2_studies_ws/install/example_interfaces/include/example_interfaces/msg/int8_multi_array__rosidl_typesupport_fastrtps_c.h
[2.006s] -- Up-to-date symlink: /home/koki/ros2_studies_ws/install/example_interfaces/include/example_interfaces/msg/multi_array_dimension__rosidl_typesupport_fastrtps_c.h
[2.006s] -- Up-to-date symlink: /home/koki/ros2_studies_ws/install/example_interfaces/include/example_interfaces/msg/multi_array_layout__rosidl_typesupport_fastrtps_c.h
[2.006s] -- Up-to-date symlink: /home/koki/ros2_studies_ws/install/example_interfaces/include/example_interfaces/msg/rosidl_typesupport_fastrtps_c__visibility_control.h
[2.006s] -- Up-to-date symlink: /home/koki/ros2_studies_ws/install/example_interfaces/include/example_interfaces/msg/string__rosidl_typesupport_fastrtps_c.h
[2.007s] -- Up-to-date symlink: /home/koki/ros2_studies_ws/install/example_interfaces/include/example_interfaces/msg/u_int16__rosidl_typesupport_fastrtps_c.h
[2.007s] -- Up-to-date symlink: /home/koki/ros2_studies_ws/install/example_interfaces/include/example_interfaces/msg/u_int16_multi_array__rosidl_typesupport_fastrtps_c.h
[2.007s] -- Up-to-date symlink: /home/koki/ros2_studies_ws/install/example_interfaces/include/example_interfaces/msg/u_int32__rosidl_typesupport_fastrtps_c.h
[2.007s] -- Up-to-date symlink: /home/koki/ros2_studies_ws/install/example_interfaces/include/example_interfaces/msg/u_int32_multi_array__rosidl_typesupport_fastrtps_c.h
[2.007s] -- Up-to-date symlink: /home/koki/ros2_studies_ws/install/example_interfaces/include/example_interfaces/msg/u_int64__rosidl_typesupport_fastrtps_c.h
[2.007s] -- Up-to-date symlink: /home/koki/ros2_studies_ws/install/example_interfaces/include/example_interfaces/msg/u_int64_multi_array__rosidl_typesupport_fastrtps_c.h
[2.007s] -- Up-to-date symlink: /home/koki/ros2_studies_ws/install/example_interfaces/include/example_interfaces/msg/u_int8__rosidl_typesupport_fastrtps_c.h
[2.007s] -- Up-to-date symlink: /home/koki/ros2_studies_ws/install/example_interfaces/include/example_interfaces/msg/u_int8_multi_array__rosidl_typesupport_fastrtps_c.h
[2.008s] -- Up-to-date symlink: /home/koki/ros2_studies_ws/install/example_interfaces/include/example_interfaces/msg/w_string__rosidl_typesupport_fastrtps_c.h
[2.008s] -- Up-to-date symlink: /home/koki/ros2_studies_ws/install/example_interfaces/include/example_interfaces/srv/add_two_ints__rosidl_typesupport_fastrtps_c.h
[2.008s] -- Up-to-date symlink: /home/koki/ros2_studies_ws/install/example_interfaces/include/example_interfaces/srv/set_bool__rosidl_typesupport_fastrtps_c.h
[2.008s] -- Up-to-date symlink: /home/koki/ros2_studies_ws/install/example_interfaces/include/example_interfaces/srv/trigger__rosidl_typesupport_fastrtps_c.h
[2.008s] -- Up-to-date symlink: /home/koki/ros2_studies_ws/install/example_interfaces/lib/libexample_interfaces__rosidl_typesupport_fastrtps_c.so
[2.009s] -- Up-to-date symlink: /home/koki/ros2_studies_ws/install/example_interfaces/include/example_interfaces/action/fibonacci.h
[2.010s] -- Up-to-date symlink: /home/koki/ros2_studies_ws/install/example_interfaces/include/example_interfaces/action/fibonacci__functions.h
[2.010s] -- Up-to-date symlink: /home/koki/ros2_studies_ws/install/example_interfaces/include/example_interfaces/action/fibonacci__struct.h
[2.010s] -- Up-to-date symlink: /home/koki/ros2_studies_ws/install/example_interfaces/include/example_interfaces/action/fibonacci__type_support.h
[2.010s] -- Up-to-date symlink: /home/koki/ros2_studies_ws/install/example_interfaces/include/example_interfaces/msg/bool.h
[2.010s] -- Up-to-date symlink: /home/koki/ros2_studies_ws/install/example_interfaces/include/example_interfaces/msg/bool__functions.h
[2.010s] -- Up-to-date symlink: /home/koki/ros2_studies_ws/install/example_interfaces/include/example_interfaces/msg/bool__struct.h
[2.010s] -- Up-to-date symlink: /home/koki/ros2_studies_ws/install/example_interfaces/include/example_interfaces/msg/bool__type_support.h
[2.010s] -- Up-to-date symlink: /home/koki/ros2_studies_ws/install/example_interfaces/include/example_interfaces/msg/byte.h
[2.010s] -- Up-to-date symlink: /home/koki/ros2_studies_ws/install/example_interfaces/include/example_interfaces/msg/byte__functions.h
[2.011s] -- Up-to-date symlink: /home/koki/ros2_studies_ws/install/example_interfaces/include/example_interfaces/msg/byte__struct.h
[2.011s] -- Up-to-date symlink: /home/koki/ros2_studies_ws/install/example_interfaces/include/example_interfaces/msg/byte__type_support.h
[2.011s] -- Up-to-date symlink: /home/koki/ros2_studies_ws/install/example_interfaces/include/example_interfaces/msg/byte_multi_array.h
[2.011s] -- Up-to-date symlink: /home/koki/ros2_studies_ws/install/example_interfaces/include/example_interfaces/msg/byte_multi_array__functions.h
[2.011s] -- Up-to-date symlink: /home/koki/ros2_studies_ws/install/example_interfaces/include/example_interfaces/msg/byte_multi_array__struct.h
[2.011s] -- Up-to-date symlink: /home/koki/ros2_studies_ws/install/example_interfaces/include/example_interfaces/msg/byte_multi_array__type_support.h
[2.011s] -- Up-to-date symlink: /home/koki/ros2_studies_ws/install/example_interfaces/include/example_interfaces/msg/char.h
[2.011s] -- Up-to-date symlink: /home/koki/ros2_studies_ws/install/example_interfaces/include/example_interfaces/msg/char__functions.h
[2.012s] -- Up-to-date symlink: /home/koki/ros2_studies_ws/install/example_interfaces/include/example_interfaces/msg/char__struct.h
[2.012s] -- Up-to-date symlink: /home/koki/ros2_studies_ws/install/example_interfaces/include/example_interfaces/msg/char__type_support.h
[2.012s] -- Up-to-date symlink: /home/koki/ros2_studies_ws/install/example_interfaces/include/example_interfaces/msg/empty.h
[2.012s] -- Up-to-date symlink: /home/koki/ros2_studies_ws/install/example_interfaces/include/example_interfaces/msg/empty__functions.h
[2.012s] -- Up-to-date symlink: /home/koki/ros2_studies_ws/install/example_interfaces/include/example_interfaces/msg/empty__struct.h
[2.012s] -- Up-to-date symlink: /home/koki/ros2_studies_ws/install/example_interfaces/include/example_interfaces/msg/empty__type_support.h
[2.012s] -- Up-to-date symlink: /home/koki/ros2_studies_ws/install/example_interfaces/include/example_interfaces/msg/float32.h
[2.012s] -- Up-to-date symlink: /home/koki/ros2_studies_ws/install/example_interfaces/include/example_interfaces/msg/float32__functions.h
[2.013s] -- Up-to-date symlink: /home/koki/ros2_studies_ws/install/example_interfaces/include/example_interfaces/msg/float32__struct.h
[2.013s] -- Up-to-date symlink: /home/koki/ros2_studies_ws/install/example_interfaces/include/example_interfaces/msg/float32__type_support.h
[2.013s] -- Up-to-date symlink: /home/koki/ros2_studies_ws/install/example_interfaces/include/example_interfaces/msg/float32_multi_array.h
[2.013s] -- Up-to-date symlink: /home/koki/ros2_studies_ws/install/example_interfaces/include/example_interfaces/msg/float32_multi_array__functions.h
[2.013s] -- Up-to-date symlink: /home/koki/ros2_studies_ws/install/example_interfaces/include/example_interfaces/msg/float32_multi_array__struct.h
[2.013s] -- Up-to-date symlink: /home/koki/ros2_studies_ws/install/example_interfaces/include/example_interfaces/msg/float32_multi_array__type_support.h
[2.013s] -- Up-to-date symlink: /home/koki/ros2_studies_ws/install/example_interfaces/include/example_interfaces/msg/float64.h
[2.013s] -- Up-to-date symlink: /home/koki/ros2_studies_ws/install/example_interfaces/include/example_interfaces/msg/float64__functions.h
[2.014s] -- Up-to-date symlink: /home/koki/ros2_studies_ws/install/example_interfaces/include/example_interfaces/msg/float64__struct.h
[2.014s] -- Up-to-date symlink: /home/koki/ros2_studies_ws/install/example_interfaces/include/example_interfaces/msg/float64__type_support.h
[2.014s] -- Up-to-date symlink: /home/koki/ros2_studies_ws/install/example_interfaces/include/example_interfaces/msg/float64_multi_array.h
[2.014s] -- Up-to-date symlink: /home/koki/ros2_studies_ws/install/example_interfaces/include/example_interfaces/msg/float64_multi_array__functions.h
[2.014s] -- Up-to-date symlink: /home/koki/ros2_studies_ws/install/example_interfaces/include/example_interfaces/msg/float64_multi_array__struct.h
[2.014s] -- Up-to-date symlink: /home/koki/ros2_studies_ws/install/example_interfaces/include/example_interfaces/msg/float64_multi_array__type_support.h
[2.014s] -- Up-to-date symlink: /home/koki/ros2_studies_ws/install/example_interfaces/include/example_interfaces/msg/int16.h
[2.014s] -- Up-to-date symlink: /home/koki/ros2_studies_ws/install/example_interfaces/include/example_interfaces/msg/int16__functions.h
[2.015s] -- Up-to-date symlink: /home/koki/ros2_studies_ws/install/example_interfaces/include/example_interfaces/msg/int16__struct.h
[2.015s] -- Up-to-date symlink: /home/koki/ros2_studies_ws/install/example_interfaces/include/example_interfaces/msg/int16__type_support.h
[2.015s] -- Up-to-date symlink: /home/koki/ros2_studies_ws/install/example_interfaces/include/example_interfaces/msg/int16_multi_array.h
[2.015s] -- Up-to-date symlink: /home/koki/ros2_studies_ws/install/example_interfaces/include/example_interfaces/msg/int16_multi_array__functions.h
[2.015s] -- Up-to-date symlink: /home/koki/ros2_studies_ws/install/example_interfaces/include/example_interfaces/msg/int16_multi_array__struct.h
[2.015s] -- Up-to-date symlink: /home/koki/ros2_studies_ws/install/example_interfaces/include/example_interfaces/msg/int16_multi_array__type_support.h
[2.015s] -- Up-to-date symlink: /home/koki/ros2_studies_ws/install/example_interfaces/include/example_interfaces/msg/int32.h
[2.015s] -- Up-to-date symlink: /home/koki/ros2_studies_ws/install/example_interfaces/include/example_interfaces/msg/int32__functions.h
[2.015s] -- Up-to-date symlink: /home/koki/ros2_studies_ws/install/example_interfaces/include/example_interfaces/msg/int32__struct.h
[2.016s] -- Up-to-date symlink: /home/koki/ros2_studies_ws/install/example_interfaces/include/example_interfaces/msg/int32__type_support.h
[2.016s] -- Up-to-date symlink: /home/koki/ros2_studies_ws/install/example_interfaces/include/example_interfaces/msg/int32_multi_array.h
[2.016s] -- Up-to-date symlink: /home/koki/ros2_studies_ws/install/example_interfaces/include/example_interfaces/msg/int32_multi_array__functions.h
[2.016s] -- Up-to-date symlink: /home/koki/ros2_studies_ws/install/example_interfaces/include/example_interfaces/msg/int32_multi_array__struct.h
[2.016s] -- Up-to-date symlink: /home/koki/ros2_studies_ws/install/example_interfaces/include/example_interfaces/msg/int32_multi_array__type_support.h
[2.016s] -- Up-to-date symlink: /home/koki/ros2_studies_ws/install/example_interfaces/include/example_interfaces/msg/int64.h
[2.016s] -- Up-to-date symlink: /home/koki/ros2_studies_ws/install/example_interfaces/include/example_interfaces/msg/int64__functions.h
[2.016s] -- Up-to-date symlink: /home/koki/ros2_studies_ws/install/example_interfaces/include/example_interfaces/msg/int64__struct.h
[2.017s] -- Up-to-date symlink: /home/koki/ros2_studies_ws/install/example_interfaces/include/example_interfaces/msg/int64__type_support.h
[2.017s] -- Up-to-date symlink: /home/koki/ros2_studies_ws/install/example_interfaces/include/example_interfaces/msg/int64_multi_array.h
[2.017s] -- Up-to-date symlink: /home/koki/ros2_studies_ws/install/example_interfaces/include/example_interfaces/msg/int64_multi_array__functions.h
[2.017s] -- Up-to-date symlink: /home/koki/ros2_studies_ws/install/example_interfaces/include/example_interfaces/msg/int64_multi_array__struct.h
[2.017s] -- Up-to-date symlink: /home/koki/ros2_studies_ws/install/example_interfaces/include/example_interfaces/msg/int64_multi_array__type_support.h
[2.017s] -- Up-to-date symlink: /home/koki/ros2_studies_ws/install/example_interfaces/include/example_interfaces/msg/int8.h
[2.018s] -- Up-to-date symlink: /home/koki/ros2_studies_ws/install/example_interfaces/include/example_interfaces/msg/int8__functions.h
[2.018s] -- Up-to-date symlink: /home/koki/ros2_studies_ws/install/example_interfaces/include/example_interfaces/msg/int8__struct.h
[2.018s] -- Up-to-date symlink: /home/koki/ros2_studies_ws/install/example_interfaces/include/example_interfaces/msg/int8__type_support.h
[2.018s] -- Up-to-date symlink: /home/koki/ros2_studies_ws/install/example_interfaces/include/example_interfaces/msg/int8_multi_array.h
[2.018s] -- Up-to-date symlink: /home/koki/ros2_studies_ws/install/example_interfaces/include/example_interfaces/msg/int8_multi_array__functions.h
[2.018s] -- Up-to-date symlink: /home/koki/ros2_studies_ws/install/example_interfaces/include/example_interfaces/msg/int8_multi_array__struct.h
[2.019s] -- Up-to-date symlink: /home/koki/ros2_studies_ws/install/example_interfaces/include/example_interfaces/msg/int8_multi_array__type_support.h
[2.019s] -- Up-to-date symlink: /home/koki/ros2_studies_ws/install/example_interfaces/include/example_interfaces/msg/multi_array_dimension.h
[2.019s] -- Up-to-date symlink: /home/koki/ros2_studies_ws/install/example_interfaces/include/example_interfaces/msg/multi_array_dimension__functions.h
[2.019s] -- Up-to-date symlink: /home/koki/ros2_studies_ws/install/example_interfaces/include/example_interfaces/msg/multi_array_dimension__struct.h
[2.019s] -- Up-to-date symlink: /home/koki/ros2_studies_ws/install/example_interfaces/include/example_interfaces/msg/multi_array_dimension__type_support.h
[2.019s] -- Up-to-date symlink: /home/koki/ros2_studies_ws/install/example_interfaces/include/example_interfaces/msg/multi_array_layout.h
[2.019s] -- Up-to-date symlink: /home/koki/ros2_studies_ws/install/example_interfaces/include/example_interfaces/msg/multi_array_layout__functions.h
[2.019s] -- Up-to-date symlink: /home/koki/ros2_studies_ws/install/example_interfaces/include/example_interfaces/msg/multi_array_layout__struct.h
[2.019s] -- Up-to-date symlink: /home/koki/ros2_studies_ws/install/example_interfaces/include/example_interfaces/msg/multi_array_layout__type_support.h
[2.020s] -- Up-to-date symlink: /home/koki/ros2_studies_ws/install/example_interfaces/include/example_interfaces/msg/rosidl_generator_c__visibility_control.h
[2.020s] -- Up-to-date symlink: /home/koki/ros2_studies_ws/install/example_interfaces/include/example_interfaces/msg/string.h
[2.020s] -- Up-to-date symlink: /home/koki/ros2_studies_ws/install/example_interfaces/include/example_interfaces/msg/string__functions.h
[2.020s] -- Up-to-date symlink: /home/koki/ros2_studies_ws/install/example_interfaces/include/example_interfaces/msg/string__struct.h
[2.020s] -- Up-to-date symlink: /home/koki/ros2_studies_ws/install/example_interfaces/include/example_interfaces/msg/string__type_support.h
[2.020s] -- Up-to-date symlink: /home/koki/ros2_studies_ws/install/example_interfaces/include/example_interfaces/msg/u_int16.h
[2.020s] -- Up-to-date symlink: /home/koki/ros2_studies_ws/install/example_interfaces/include/example_interfaces/msg/u_int16__functions.h
[2.020s] -- Up-to-date symlink: /home/koki/ros2_studies_ws/install/example_interfaces/include/example_interfaces/msg/u_int16__struct.h
[2.021s] -- Up-to-date symlink: /home/koki/ros2_studies_ws/install/example_interfaces/include/example_interfaces/msg/u_int16__type_support.h
[2.021s] -- Up-to-date symlink: /home/koki/ros2_studies_ws/install/example_interfaces/include/example_interfaces/msg/u_int16_multi_array.h
[2.021s] -- Up-to-date symlink: /home/koki/ros2_studies_ws/install/example_interfaces/include/example_interfaces/msg/u_int16_multi_array__functions.h
[2.021s] -- Up-to-date symlink: /home/koki/ros2_studies_ws/install/example_interfaces/include/example_interfaces/msg/u_int16_multi_array__struct.h
[2.021s] -- Up-to-date symlink: /home/koki/ros2_studies_ws/install/example_interfaces/include/example_interfaces/msg/u_int16_multi_array__type_support.h
[2.021s] -- Up-to-date symlink: /home/koki/ros2_studies_ws/install/example_interfaces/include/example_interfaces/msg/u_int32.h
[2.021s] -- Up-to-date symlink: /home/koki/ros2_studies_ws/install/example_interfaces/include/example_interfaces/msg/u_int32__functions.h
[2.021s] -- Up-to-date symlink: /home/koki/ros2_studies_ws/install/example_interfaces/include/example_interfaces/msg/u_int32__struct.h
[2.021s] -- Up-to-date symlink: /home/koki/ros2_studies_ws/install/example_interfaces/include/example_interfaces/msg/u_int32__type_support.h
[2.022s] -- Up-to-date symlink: /home/koki/ros2_studies_ws/install/example_interfaces/include/example_interfaces/msg/u_int32_multi_array.h
[2.022s] -- Up-to-date symlink: /home/koki/ros2_studies_ws/install/example_interfaces/include/example_interfaces/msg/u_int32_multi_array__functions.h
[2.022s] -- Up-to-date symlink: /home/koki/ros2_studies_ws/install/example_interfaces/include/example_interfaces/msg/u_int32_multi_array__struct.h
[2.022s] -- Up-to-date symlink: /home/koki/ros2_studies_ws/install/example_interfaces/include/example_interfaces/msg/u_int32_multi_array__type_support.h
[2.022s] -- Up-to-date symlink: /home/koki/ros2_studies_ws/install/example_interfaces/include/example_interfaces/msg/u_int64.h
[2.022s] -- Up-to-date symlink: /home/koki/ros2_studies_ws/install/example_interfaces/include/example_interfaces/msg/u_int64__functions.h
[2.022s] -- Up-to-date symlink: /home/koki/ros2_studies_ws/install/example_interfaces/include/example_interfaces/msg/u_int64__struct.h
[2.022s] -- Up-to-date symlink: /home/koki/ros2_studies_ws/install/example_interfaces/include/example_interfaces/msg/u_int64__type_support.h
[2.022s] -- Up-to-date symlink: /home/koki/ros2_studies_ws/install/example_interfaces/include/example_interfaces/msg/u_int64_multi_array.h
[2.023s] -- Up-to-date symlink: /home/koki/ros2_studies_ws/install/example_interfaces/include/example_interfaces/msg/u_int64_multi_array__functions.h
[2.023s] -- Up-to-date symlink: /home/koki/ros2_studies_ws/install/example_interfaces/include/example_interfaces/msg/u_int64_multi_array__struct.h
[2.023s] -- Up-to-date symlink: /home/koki/ros2_studies_ws/install/example_interfaces/include/example_interfaces/msg/u_int64_multi_array__type_support.h
[2.023s] -- Up-to-date symlink: /home/koki/ros2_studies_ws/install/example_interfaces/include/example_interfaces/msg/u_int8.h
[2.023s] -- Up-to-date symlink: /home/koki/ros2_studies_ws/install/example_interfaces/include/example_interfaces/msg/u_int8__functions.h
[2.023s] -- Up-to-date symlink: /home/koki/ros2_studies_ws/install/example_interfaces/include/example_interfaces/msg/u_int8__struct.h
[2.023s] -- Up-to-date symlink: /home/koki/ros2_studies_ws/install/example_interfaces/include/example_interfaces/msg/u_int8__type_support.h
[2.023s] -- Up-to-date symlink: /home/koki/ros2_studies_ws/install/example_interfaces/include/example_interfaces/msg/u_int8_multi_array.h
[2.023s] -- Up-to-date symlink: /home/koki/ros2_studies_ws/install/example_interfaces/include/example_interfaces/msg/u_int8_multi_array__functions.h
[2.024s] -- Up-to-date symlink: /home/koki/ros2_studies_ws/install/example_interfaces/include/example_interfaces/msg/u_int8_multi_array__struct.h
[2.024s] -- Up-to-date symlink: /home/koki/ros2_studies_ws/install/example_interfaces/include/example_interfaces/msg/u_int8_multi_array__type_support.h
[2.024s] -- Up-to-date symlink: /home/koki/ros2_studies_ws/install/example_interfaces/include/example_interfaces/msg/w_string.h
[2.024s] -- Up-to-date symlink: /home/koki/ros2_studies_ws/install/example_interfaces/include/example_interfaces/msg/w_string__functions.h
[2.024s] -- Up-to-date symlink: /home/koki/ros2_studies_ws/install/example_interfaces/include/example_interfaces/msg/w_string__struct.h
[2.024s] -- Up-to-date symlink: /home/koki/ros2_studies_ws/install/example_interfaces/include/example_interfaces/msg/w_string__type_support.h
[2.024s] -- Up-to-date symlink: /home/koki/ros2_studies_ws/install/example_interfaces/include/example_interfaces/srv/add_two_ints.h
[2.024s] -- Up-to-date symlink: /home/koki/ros2_studies_ws/install/example_interfaces/include/example_interfaces/srv/add_two_ints__functions.h
[2.025s] -- Up-to-date symlink: /home/koki/ros2_studies_ws/install/example_interfaces/include/example_interfaces/srv/add_two_ints__struct.h
[2.025s] -- Up-to-date symlink: /home/koki/ros2_studies_ws/install/example_interfaces/include/example_interfaces/srv/add_two_ints__type_support.h
[2.025s] -- Up-to-date symlink: /home/koki/ros2_studies_ws/install/example_interfaces/include/example_interfaces/srv/set_bool.h
[2.025s] -- Up-to-date symlink: /home/koki/ros2_studies_ws/install/example_interfaces/include/example_interfaces/srv/set_bool__functions.h
[2.025s] -- Up-to-date symlink: /home/koki/ros2_studies_ws/install/example_interfaces/include/example_interfaces/srv/set_bool__struct.h
[2.025s] -- Up-to-date symlink: /home/koki/ros2_studies_ws/install/example_interfaces/include/example_interfaces/srv/set_bool__type_support.h
[2.025s] -- Up-to-date symlink: /home/koki/ros2_studies_ws/install/example_interfaces/include/example_interfaces/srv/trigger.h
[2.025s] -- Up-to-date symlink: /home/koki/ros2_studies_ws/install/example_interfaces/include/example_interfaces/srv/trigger__functions.h
[2.025s] -- Up-to-date symlink: /home/koki/ros2_studies_ws/install/example_interfaces/include/example_interfaces/srv/trigger__struct.h
[2.026s] -- Up-to-date symlink: /home/koki/ros2_studies_ws/install/example_interfaces/include/example_interfaces/srv/trigger__type_support.h
[2.026s] -- Up-to-date symlink: /home/koki/ros2_studies_ws/install/example_interfaces/lib/libexample_interfaces__rosidl_generator_c.so
[2.027s] -- Up-to-date symlink: /home/koki/ros2_studies_ws/install/example_interfaces/include/example_interfaces/action/fibonacci__rosidl_typesupport_fastrtps_cpp.hpp
[2.027s] -- Up-to-date symlink: /home/koki/ros2_studies_ws/install/example_interfaces/include/example_interfaces/msg/bool__rosidl_typesupport_fastrtps_cpp.hpp
[2.027s] -- Up-to-date symlink: /home/koki/ros2_studies_ws/install/example_interfaces/include/example_interfaces/msg/byte__rosidl_typesupport_fastrtps_cpp.hpp
[2.027s] -- Up-to-date symlink: /home/koki/ros2_studies_ws/install/example_interfaces/include/example_interfaces/msg/byte_multi_array__rosidl_typesupport_fastrtps_cpp.hpp
[2.027s] -- Up-to-date symlink: /home/koki/ros2_studies_ws/install/example_interfaces/include/example_interfaces/msg/char__rosidl_typesupport_fastrtps_cpp.hpp
[2.028s] -- Up-to-date symlink: /home/koki/ros2_studies_ws/install/example_interfaces/include/example_interfaces/msg/empty__rosidl_typesupport_fastrtps_cpp.hpp
[2.028s] -- Up-to-date symlink: /home/koki/ros2_studies_ws/install/example_interfaces/include/example_interfaces/msg/float32__rosidl_typesupport_fastrtps_cpp.hpp
[2.028s] -- Up-to-date symlink: /home/koki/ros2_studies_ws/install/example_interfaces/include/example_interfaces/msg/float32_multi_array__rosidl_typesupport_fastrtps_cpp.hpp
[2.028s] -- Up-to-date symlink: /home/koki/ros2_studies_ws/install/example_interfaces/include/example_interfaces/msg/float64__rosidl_typesupport_fastrtps_cpp.hpp
[2.028s] -- Up-to-date symlink: /home/koki/ros2_studies_ws/install/example_interfaces/include/example_interfaces/msg/float64_multi_array__rosidl_typesupport_fastrtps_cpp.hpp
[2.028s] -- Up-to-date symlink: /home/koki/ros2_studies_ws/install/example_interfaces/include/example_interfaces/msg/int16__rosidl_typesupport_fastrtps_cpp.hpp
[2.029s] -- Up-to-date symlink: /home/koki/ros2_studies_ws/install/example_interfaces/include/example_interfaces/msg/int16_multi_array__rosidl_typesupport_fastrtps_cpp.hpp
[2.029s] -- Up-to-date symlink: /home/koki/ros2_studies_ws/install/example_interfaces/include/example_interfaces/msg/int32__rosidl_typesupport_fastrtps_cpp.hpp
[2.029s] -- Up-to-date symlink: /home/koki/ros2_studies_ws/install/example_interfaces/include/example_interfaces/msg/int32_multi_array__rosidl_typesupport_fastrtps_cpp.hpp
[2.029s] -- Up-to-date symlink: /home/koki/ros2_studies_ws/install/example_interfaces/include/example_interfaces/msg/int64__rosidl_typesupport_fastrtps_cpp.hpp
[2.029s] -- Up-to-date symlink: /home/koki/ros2_studies_ws/install/example_interfaces/include/example_interfaces/msg/int64_multi_array__rosidl_typesupport_fastrtps_cpp.hpp
[2.029s] -- Up-to-date symlink: /home/koki/ros2_studies_ws/install/example_interfaces/include/example_interfaces/msg/int8__rosidl_typesupport_fastrtps_cpp.hpp
[2.029s] -- Up-to-date symlink: /home/koki/ros2_studies_ws/install/example_interfaces/include/example_interfaces/msg/int8_multi_array__rosidl_typesupport_fastrtps_cpp.hpp
[2.029s] -- Up-to-date symlink: /home/koki/ros2_studies_ws/install/example_interfaces/include/example_interfaces/msg/multi_array_dimension__rosidl_typesupport_fastrtps_cpp.hpp
[2.030s] -- Up-to-date symlink: /home/koki/ros2_studies_ws/install/example_interfaces/include/example_interfaces/msg/multi_array_layout__rosidl_typesupport_fastrtps_cpp.hpp
[2.030s] -- Up-to-date symlink: /home/koki/ros2_studies_ws/install/example_interfaces/include/example_interfaces/msg/rosidl_typesupport_fastrtps_cpp__visibility_control.h
[2.030s] -- Up-to-date symlink: /home/koki/ros2_studies_ws/install/example_interfaces/include/example_interfaces/msg/string__rosidl_typesupport_fastrtps_cpp.hpp
[2.030s] -- Up-to-date symlink: /home/koki/ros2_studies_ws/install/example_interfaces/include/example_interfaces/msg/u_int16__rosidl_typesupport_fastrtps_cpp.hpp
[2.030s] -- Up-to-date symlink: /home/koki/ros2_studies_ws/install/example_interfaces/include/example_interfaces/msg/u_int16_multi_array__rosidl_typesupport_fastrtps_cpp.hpp
[2.030s] -- Up-to-date symlink: /home/koki/ros2_studies_ws/install/example_interfaces/include/example_interfaces/msg/u_int32__rosidl_typesupport_fastrtps_cpp.hpp
[2.030s] -- Up-to-date symlink: /home/koki/ros2_studies_ws/install/example_interfaces/include/example_interfaces/msg/u_int32_multi_array__rosidl_typesupport_fastrtps_cpp.hpp
[2.030s] -- Up-to-date symlink: /home/koki/ros2_studies_ws/install/example_interfaces/include/example_interfaces/msg/u_int64__rosidl_typesupport_fastrtps_cpp.hpp
[2.031s] -- Up-to-date symlink: /home/koki/ros2_studies_ws/install/example_interfaces/include/example_interfaces/msg/u_int64_multi_array__rosidl_typesupport_fastrtps_cpp.hpp
[2.031s] -- Up-to-date symlink: /home/koki/ros2_studies_ws/install/example_interfaces/include/example_interfaces/msg/u_int8__rosidl_typesupport_fastrtps_cpp.hpp
[2.031s] -- Up-to-date symlink: /home/koki/ros2_studies_ws/install/example_interfaces/include/example_interfaces/msg/u_int8_multi_array__rosidl_typesupport_fastrtps_cpp.hpp
[2.031s] -- Up-to-date symlink: /home/koki/ros2_studies_ws/install/example_interfaces/include/example_interfaces/msg/w_string__rosidl_typesupport_fastrtps_cpp.hpp
[2.031s] -- Up-to-date symlink: /home/koki/ros2_studies_ws/install/example_interfaces/include/example_interfaces/srv/add_two_ints__rosidl_typesupport_fastrtps_cpp.hpp
[2.031s] -- Up-to-date symlink: /home/koki/ros2_studies_ws/install/example_interfaces/include/example_interfaces/srv/set_bool__rosidl_typesupport_fastrtps_cpp.hpp
[2.031s] -- Up-to-date symlink: /home/koki/ros2_studies_ws/install/example_interfaces/include/example_interfaces/srv/trigger__rosidl_typesupport_fastrtps_cpp.hpp
[2.032s] -- Up-to-date symlink: /home/koki/ros2_studies_ws/install/example_interfaces/lib/libexample_interfaces__rosidl_typesupport_fastrtps_cpp.so
[2.033s] -- Up-to-date symlink: /home/koki/ros2_studies_ws/install/example_interfaces/include/example_interfaces/action/fibonacci.hpp
[2.033s] -- Up-to-date symlink: /home/koki/ros2_studies_ws/install/example_interfaces/include/example_interfaces/action/fibonacci__struct.hpp
[2.033s] -- Up-to-date symlink: /home/koki/ros2_studies_ws/install/example_interfaces/include/example_interfaces/action/fibonacci__traits.hpp
[2.033s] -- Up-to-date symlink: /home/koki/ros2_studies_ws/install/example_interfaces/include/example_interfaces/msg/bool.hpp
[2.033s] -- Up-to-date symlink: /home/koki/ros2_studies_ws/install/example_interfaces/include/example_interfaces/msg/bool__struct.hpp
[2.033s] -- Up-to-date symlink: /home/koki/ros2_studies_ws/install/example_interfaces/include/example_interfaces/msg/bool__traits.hpp
[2.034s] -- Up-to-date symlink: /home/koki/ros2_studies_ws/install/example_interfaces/include/example_interfaces/msg/byte.hpp
[2.034s] -- Up-to-date symlink: /home/koki/ros2_studies_ws/install/example_interfaces/include/example_interfaces/msg/byte__struct.hpp
[2.034s] -- Up-to-date symlink: /home/koki/ros2_studies_ws/install/example_interfaces/include/example_interfaces/msg/byte__traits.hpp
[2.034s] -- Up-to-date symlink: /home/koki/ros2_studies_ws/install/example_interfaces/include/example_interfaces/msg/byte_multi_array.hpp
[2.034s] -- Up-to-date symlink: /home/koki/ros2_studies_ws/install/example_interfaces/include/example_interfaces/msg/byte_multi_array__struct.hpp
[2.034s] -- Up-to-date symlink: /home/koki/ros2_studies_ws/install/example_interfaces/include/example_interfaces/msg/byte_multi_array__traits.hpp
[2.034s] -- Up-to-date symlink: /home/koki/ros2_studies_ws/install/example_interfaces/include/example_interfaces/msg/char.hpp
[2.034s] -- Up-to-date symlink: /home/koki/ros2_studies_ws/install/example_interfaces/include/example_interfaces/msg/char__struct.hpp
[2.034s] -- Up-to-date symlink: /home/koki/ros2_studies_ws/install/example_interfaces/include/example_interfaces/msg/char__traits.hpp
[2.035s] -- Up-to-date symlink: /home/koki/ros2_studies_ws/install/example_interfaces/include/example_interfaces/msg/empty.hpp
[2.035s] -- Up-to-date symlink: /home/koki/ros2_studies_ws/install/example_interfaces/include/example_interfaces/msg/empty__struct.hpp
[2.035s] -- Up-to-date symlink: /home/koki/ros2_studies_ws/install/example_interfaces/include/example_interfaces/msg/empty__traits.hpp
[2.035s] -- Up-to-date symlink: /home/koki/ros2_studies_ws/install/example_interfaces/include/example_interfaces/msg/float32.hpp
[2.035s] -- Up-to-date symlink: /home/koki/ros2_studies_ws/install/example_interfaces/include/example_interfaces/msg/float32__struct.hpp
[2.035s] -- Up-to-date symlink: /home/koki/ros2_studies_ws/install/example_interfaces/include/example_interfaces/msg/float32__traits.hpp
[2.035s] -- Up-to-date symlink: /home/koki/ros2_studies_ws/install/example_interfaces/include/example_interfaces/msg/float32_multi_array.hpp
[2.036s] -- Up-to-date symlink: /home/koki/ros2_studies_ws/install/example_interfaces/include/example_interfaces/msg/float32_multi_array__struct.hpp
[2.036s] -- Up-to-date symlink: /home/koki/ros2_studies_ws/install/example_interfaces/include/example_interfaces/msg/float32_multi_array__traits.hpp
[2.036s] -- Up-to-date symlink: /home/koki/ros2_studies_ws/install/example_interfaces/include/example_interfaces/msg/float64.hpp
[2.036s] -- Up-to-date symlink: /home/koki/ros2_studies_ws/install/example_interfaces/include/example_interfaces/msg/float64__struct.hpp
[2.036s] -- Up-to-date symlink: /home/koki/ros2_studies_ws/install/example_interfaces/include/example_interfaces/msg/float64__traits.hpp
[2.036s] -- Up-to-date symlink: /home/koki/ros2_studies_ws/install/example_interfaces/include/example_interfaces/msg/float64_multi_array.hpp
[2.036s] -- Up-to-date symlink: /home/koki/ros2_studies_ws/install/example_interfaces/include/example_interfaces/msg/float64_multi_array__struct.hpp
[2.036s] -- Up-to-date symlink: /home/koki/ros2_studies_ws/install/example_interfaces/include/example_interfaces/msg/float64_multi_array__traits.hpp
[2.037s] -- Up-to-date symlink: /home/koki/ros2_studies_ws/install/example_interfaces/include/example_interfaces/msg/int16.hpp
[2.037s] -- Up-to-date symlink: /home/koki/ros2_studies_ws/install/example_interfaces/include/example_interfaces/msg/int16__struct.hpp
[2.037s] -- Up-to-date symlink: /home/koki/ros2_studies_ws/install/example_interfaces/include/example_interfaces/msg/int16__traits.hpp
[2.037s] -- Up-to-date symlink: /home/koki/ros2_studies_ws/install/example_interfaces/include/example_interfaces/msg/int16_multi_array.hpp
[2.037s] -- Up-to-date symlink: /home/koki/ros2_studies_ws/install/example_interfaces/include/example_interfaces/msg/int16_multi_array__struct.hpp
[2.037s] -- Up-to-date symlink: /home/koki/ros2_studies_ws/install/example_interfaces/include/example_interfaces/msg/int16_multi_array__traits.hpp
[2.037s] -- Up-to-date symlink: /home/koki/ros2_studies_ws/install/example_interfaces/include/example_interfaces/msg/int32.hpp
[2.037s] -- Up-to-date symlink: /home/koki/ros2_studies_ws/install/example_interfaces/include/example_interfaces/msg/int32__struct.hpp
[2.038s] -- Up-to-date symlink: /home/koki/ros2_studies_ws/install/example_interfaces/include/example_interfaces/msg/int32__traits.hpp
[2.038s] -- Up-to-date symlink: /home/koki/ros2_studies_ws/install/example_interfaces/include/example_interfaces/msg/int32_multi_array.hpp
[2.038s] -- Up-to-date symlink: /home/koki/ros2_studies_ws/install/example_interfaces/include/example_interfaces/msg/int32_multi_array__struct.hpp
[2.038s] -- Up-to-date symlink: /home/koki/ros2_studies_ws/install/example_interfaces/include/example_interfaces/msg/int32_multi_array__traits.hpp
[2.038s] -- Up-to-date symlink: /home/koki/ros2_studies_ws/install/example_interfaces/include/example_interfaces/msg/int64.hpp
[2.038s] -- Up-to-date symlink: /home/koki/ros2_studies_ws/install/example_interfaces/include/example_interfaces/msg/int64__struct.hpp
[2.038s] -- Up-to-date symlink: /home/koki/ros2_studies_ws/install/example_interfaces/include/example_interfaces/msg/int64__traits.hpp
[2.038s] -- Up-to-date symlink: /home/koki/ros2_studies_ws/install/example_interfaces/include/example_interfaces/msg/int64_multi_array.hpp
[2.038s] -- Up-to-date symlink: /home/koki/ros2_studies_ws/install/example_interfaces/include/example_interfaces/msg/int64_multi_array__struct.hpp
[2.039s] -- Up-to-date symlink: /home/koki/ros2_studies_ws/install/example_interfaces/include/example_interfaces/msg/int64_multi_array__traits.hpp
[2.039s] -- Up-to-date symlink: /home/koki/ros2_studies_ws/install/example_interfaces/include/example_interfaces/msg/int8.hpp
[2.039s] -- Up-to-date symlink: /home/koki/ros2_studies_ws/install/example_interfaces/include/example_interfaces/msg/int8__struct.hpp
[2.039s] -- Up-to-date symlink: /home/koki/ros2_studies_ws/install/example_interfaces/include/example_interfaces/msg/int8__traits.hpp
[2.039s] -- Up-to-date symlink: /home/koki/ros2_studies_ws/install/example_interfaces/include/example_interfaces/msg/int8_multi_array.hpp
[2.039s] -- Up-to-date symlink: /home/koki/ros2_studies_ws/install/example_interfaces/include/example_interfaces/msg/int8_multi_array__struct.hpp
[2.039s] -- Up-to-date symlink: /home/koki/ros2_studies_ws/install/example_interfaces/include/example_interfaces/msg/int8_multi_array__traits.hpp
[2.040s] -- Up-to-date symlink: /home/koki/ros2_studies_ws/install/example_interfaces/include/example_interfaces/msg/multi_array_dimension.hpp
[2.040s] -- Up-to-date symlink: /home/koki/ros2_studies_ws/install/example_interfaces/include/example_interfaces/msg/multi_array_dimension__struct.hpp
[2.040s] -- Up-to-date symlink: /home/koki/ros2_studies_ws/install/example_interfaces/include/example_interfaces/msg/multi_array_dimension__traits.hpp
[2.040s] -- Up-to-date symlink: /home/koki/ros2_studies_ws/install/example_interfaces/include/example_interfaces/msg/multi_array_layout.hpp
[2.040s] -- Up-to-date symlink: /home/koki/ros2_studies_ws/install/example_interfaces/include/example_interfaces/msg/multi_array_layout__struct.hpp
[2.040s] -- Up-to-date symlink: /home/koki/ros2_studies_ws/install/example_interfaces/include/example_interfaces/msg/multi_array_layout__traits.hpp
[2.040s] -- Up-to-date symlink: /home/koki/ros2_studies_ws/install/example_interfaces/include/example_interfaces/msg/string.hpp
[2.040s] -- Up-to-date symlink: /home/koki/ros2_studies_ws/install/example_interfaces/include/example_interfaces/msg/string__struct.hpp
[2.041s] -- Up-to-date symlink: /home/koki/ros2_studies_ws/install/example_interfaces/include/example_interfaces/msg/string__traits.hpp
[2.041s] -- Up-to-date symlink: /home/koki/ros2_studies_ws/install/example_interfaces/include/example_interfaces/msg/u_int16.hpp
[2.041s] -- Up-to-date symlink: /home/koki/ros2_studies_ws/install/example_interfaces/include/example_interfaces/msg/u_int16__struct.hpp
[2.041s] -- Up-to-date symlink: /home/koki/ros2_studies_ws/install/example_interfaces/include/example_interfaces/msg/u_int16__traits.hpp
[2.041s] -- Up-to-date symlink: /home/koki/ros2_studies_ws/install/example_interfaces/include/example_interfaces/msg/u_int16_multi_array.hpp
[2.041s] -- Up-to-date symlink: /home/koki/ros2_studies_ws/install/example_interfaces/include/example_interfaces/msg/u_int16_multi_array__struct.hpp
[2.041s] -- Up-to-date symlink: /home/koki/ros2_studies_ws/install/example_interfaces/include/example_interfaces/msg/u_int16_multi_array__traits.hpp
[2.041s] -- Up-to-date symlink: /home/koki/ros2_studies_ws/install/example_interfaces/include/example_interfaces/msg/u_int32.hpp
[2.042s] -- Up-to-date symlink: /home/koki/ros2_studies_ws/install/example_interfaces/include/example_interfaces/msg/u_int32__struct.hpp
[2.042s] -- Up-to-date symlink: /home/koki/ros2_studies_ws/install/example_interfaces/include/example_interfaces/msg/u_int32__traits.hpp
[2.042s] -- Up-to-date symlink: /home/koki/ros2_studies_ws/install/example_interfaces/include/example_interfaces/msg/u_int32_multi_array.hpp
[2.042s] -- Up-to-date symlink: /home/koki/ros2_studies_ws/install/example_interfaces/include/example_interfaces/msg/u_int32_multi_array__struct.hpp
[2.042s] -- Up-to-date symlink: /home/koki/ros2_studies_ws/install/example_interfaces/include/example_interfaces/msg/u_int32_multi_array__traits.hpp
[2.042s] -- Up-to-date symlink: /home/koki/ros2_studies_ws/install/example_interfaces/include/example_interfaces/msg/u_int64.hpp
[2.042s] -- Up-to-date symlink: /home/koki/ros2_studies_ws/install/example_interfaces/include/example_interfaces/msg/u_int64__struct.hpp
[2.043s] -- Up-to-date symlink: /home/koki/ros2_studies_ws/install/example_interfaces/include/example_interfaces/msg/u_int64__traits.hpp
[2.043s] -- Up-to-date symlink: /home/koki/ros2_studies_ws/install/example_interfaces/include/example_interfaces/msg/u_int64_multi_array.hpp
[2.043s] -- Up-to-date symlink: /home/koki/ros2_studies_ws/install/example_interfaces/include/example_interfaces/msg/u_int64_multi_array__struct.hpp
[2.043s] -- Up-to-date symlink: /home/koki/ros2_studies_ws/install/example_interfaces/include/example_interfaces/msg/u_int64_multi_array__traits.hpp
[2.043s] -- Up-to-date symlink: /home/koki/ros2_studies_ws/install/example_interfaces/include/example_interfaces/msg/u_int8.hpp
[2.043s] -- Up-to-date symlink: /home/koki/ros2_studies_ws/install/example_interfaces/include/example_interfaces/msg/u_int8__struct.hpp
[2.043s] -- Up-to-date symlink: /home/koki/ros2_studies_ws/install/example_interfaces/include/example_interfaces/msg/u_int8__traits.hpp
[2.043s] -- Up-to-date symlink: /home/koki/ros2_studies_ws/install/example_interfaces/include/example_interfaces/msg/u_int8_multi_array.hpp
[2.044s] -- Up-to-date symlink: /home/koki/ros2_studies_ws/install/example_interfaces/include/example_interfaces/msg/u_int8_multi_array__struct.hpp
[2.044s] -- Up-to-date symlink: /home/koki/ros2_studies_ws/install/example_interfaces/include/example_interfaces/msg/u_int8_multi_array__traits.hpp
[2.044s] -- Up-to-date symlink: /home/koki/ros2_studies_ws/install/example_interfaces/include/example_interfaces/msg/w_string.hpp
[2.044s] -- Up-to-date symlink: /home/koki/ros2_studies_ws/install/example_interfaces/include/example_interfaces/msg/w_string__struct.hpp
[2.044s] -- Up-to-date symlink: /home/koki/ros2_studies_ws/install/example_interfaces/include/example_interfaces/msg/w_string__traits.hpp
[2.044s] -- Up-to-date symlink: /home/koki/ros2_studies_ws/install/example_interfaces/include/example_interfaces/srv/add_two_ints.hpp
[2.044s] -- Up-to-date symlink: /home/koki/ros2_studies_ws/install/example_interfaces/include/example_interfaces/srv/add_two_ints__struct.hpp
[2.044s] -- Up-to-date symlink: /home/koki/ros2_studies_ws/install/example_interfaces/include/example_interfaces/srv/add_two_ints__traits.hpp
[2.045s] -- Up-to-date symlink: /home/koki/ros2_studies_ws/install/example_interfaces/include/example_interfaces/srv/set_bool.hpp
[2.045s] -- Up-to-date symlink: /home/koki/ros2_studies_ws/install/example_interfaces/include/example_interfaces/srv/set_bool__struct.hpp
[2.045s] -- Up-to-date symlink: /home/koki/ros2_studies_ws/install/example_interfaces/include/example_interfaces/srv/set_bool__traits.hpp
[2.045s] -- Up-to-date symlink: /home/koki/ros2_studies_ws/install/example_interfaces/include/example_interfaces/srv/trigger.hpp
[2.045s] -- Up-to-date symlink: /home/koki/ros2_studies_ws/install/example_interfaces/include/example_interfaces/srv/trigger__struct.hpp
[2.045s] -- Up-to-date symlink: /home/koki/ros2_studies_ws/install/example_interfaces/include/example_interfaces/srv/trigger__traits.hpp
[2.046s] -- Up-to-date symlink: /home/koki/ros2_studies_ws/install/example_interfaces/include/example_interfaces/action/fibonacci__rosidl_typesupport_introspection_c.h
[2.046s] -- Up-to-date symlink: /home/koki/ros2_studies_ws/install/example_interfaces/include/example_interfaces/msg/bool__rosidl_typesupport_introspection_c.h
[2.046s] -- Up-to-date symlink: /home/koki/ros2_studies_ws/install/example_interfaces/include/example_interfaces/msg/byte__rosidl_typesupport_introspection_c.h
[2.046s] -- Up-to-date symlink: /home/koki/ros2_studies_ws/install/example_interfaces/include/example_interfaces/msg/byte_multi_array__rosidl_typesupport_introspection_c.h
[2.046s] -- Up-to-date symlink: /home/koki/ros2_studies_ws/install/example_interfaces/include/example_interfaces/msg/char__rosidl_typesupport_introspection_c.h
[2.047s] -- Up-to-date symlink: /home/koki/ros2_studies_ws/install/example_interfaces/include/example_interfaces/msg/empty__rosidl_typesupport_introspection_c.h
[2.047s] -- Up-to-date symlink: /home/koki/ros2_studies_ws/install/example_interfaces/include/example_interfaces/msg/float32__rosidl_typesupport_introspection_c.h
[2.047s] -- Up-to-date symlink: /home/koki/ros2_studies_ws/install/example_interfaces/include/example_interfaces/msg/float32_multi_array__rosidl_typesupport_introspection_c.h
[2.047s] -- Up-to-date symlink: /home/koki/ros2_studies_ws/install/example_interfaces/include/example_interfaces/msg/float64__rosidl_typesupport_introspection_c.h
[2.047s] -- Up-to-date symlink: /home/koki/ros2_studies_ws/install/example_interfaces/include/example_interfaces/msg/float64_multi_array__rosidl_typesupport_introspection_c.h
[2.047s] -- Up-to-date symlink: /home/koki/ros2_studies_ws/install/example_interfaces/include/example_interfaces/msg/int16__rosidl_typesupport_introspection_c.h
[2.047s] -- Up-to-date symlink: /home/koki/ros2_studies_ws/install/example_interfaces/include/example_interfaces/msg/int16_multi_array__rosidl_typesupport_introspection_c.h
[2.047s] -- Up-to-date symlink: /home/koki/ros2_studies_ws/install/example_interfaces/include/example_interfaces/msg/int32__rosidl_typesupport_introspection_c.h
[2.048s] -- Up-to-date symlink: /home/koki/ros2_studies_ws/install/example_interfaces/include/example_interfaces/msg/int32_multi_array__rosidl_typesupport_introspection_c.h
[2.048s] -- Up-to-date symlink: /home/koki/ros2_studies_ws/install/example_interfaces/include/example_interfaces/msg/int64__rosidl_typesupport_introspection_c.h
[2.048s] -- Up-to-date symlink: /home/koki/ros2_studies_ws/install/example_interfaces/include/example_interfaces/msg/int64_multi_array__rosidl_typesupport_introspection_c.h
[2.048s] -- Up-to-date symlink: /home/koki/ros2_studies_ws/install/example_interfaces/include/example_interfaces/msg/int8__rosidl_typesupport_introspection_c.h
[2.048s] -- Up-to-date symlink: /home/koki/ros2_studies_ws/install/example_interfaces/include/example_interfaces/msg/int8_multi_array__rosidl_typesupport_introspection_c.h
[2.048s] -- Up-to-date symlink: /home/koki/ros2_studies_ws/install/example_interfaces/include/example_interfaces/msg/multi_array_dimension__rosidl_typesupport_introspection_c.h
[2.048s] -- Up-to-date symlink: /home/koki/ros2_studies_ws/install/example_interfaces/include/example_interfaces/msg/multi_array_layout__rosidl_typesupport_introspection_c.h
[2.048s] -- Up-to-date symlink: /home/koki/ros2_studies_ws/install/example_interfaces/include/example_interfaces/msg/rosidl_typesupport_introspection_c__visibility_control.h
[2.049s] -- Up-to-date symlink: /home/koki/ros2_studies_ws/install/example_interfaces/include/example_interfaces/msg/string__rosidl_typesupport_introspection_c.h
[2.049s] -- Up-to-date symlink: /home/koki/ros2_studies_ws/install/example_interfaces/include/example_interfaces/msg/u_int16__rosidl_typesupport_introspection_c.h
[2.049s] -- Up-to-date symlink: /home/koki/ros2_studies_ws/install/example_interfaces/include/example_interfaces/msg/u_int16_multi_array__rosidl_typesupport_introspection_c.h
[2.049s] -- Up-to-date symlink: /home/koki/ros2_studies_ws/install/example_interfaces/include/example_interfaces/msg/u_int32__rosidl_typesupport_introspection_c.h
[2.049s] -- Up-to-date symlink: /home/koki/ros2_studies_ws/install/example_interfaces/include/example_interfaces/msg/u_int32_multi_array__rosidl_typesupport_introspection_c.h
[2.049s] -- Up-to-date symlink: /home/koki/ros2_studies_ws/install/example_interfaces/include/example_interfaces/msg/u_int64__rosidl_typesupport_introspection_c.h
[2.049s] -- Up-to-date symlink: /home/koki/ros2_studies_ws/install/example_interfaces/include/example_interfaces/msg/u_int64_multi_array__rosidl_typesupport_introspection_c.h
[2.050s] -- Up-to-date symlink: /home/koki/ros2_studies_ws/install/example_interfaces/include/example_interfaces/msg/u_int8__rosidl_typesupport_introspection_c.h
[2.050s] -- Up-to-date symlink: /home/koki/ros2_studies_ws/install/example_interfaces/include/example_interfaces/msg/u_int8_multi_array__rosidl_typesupport_introspection_c.h
[2.050s] -- Up-to-date symlink: /home/koki/ros2_studies_ws/install/example_interfaces/include/example_interfaces/msg/w_string__rosidl_typesupport_introspection_c.h
[2.050s] -- Up-to-date symlink: /home/koki/ros2_studies_ws/install/example_interfaces/include/example_interfaces/srv/add_two_ints__rosidl_typesupport_introspection_c.h
[2.050s] -- Up-to-date symlink: /home/koki/ros2_studies_ws/install/example_interfaces/include/example_interfaces/srv/set_bool__rosidl_typesupport_introspection_c.h
[2.050s] -- Up-to-date symlink: /home/koki/ros2_studies_ws/install/example_interfaces/include/example_interfaces/srv/trigger__rosidl_typesupport_introspection_c.h
[2.050s] -- Up-to-date symlink: /home/koki/ros2_studies_ws/install/example_interfaces/lib/libexample_interfaces__rosidl_typesupport_introspection_c.so
[2.051s] -- Up-to-date symlink: /home/koki/ros2_studies_ws/install/example_interfaces/include/example_interfaces/action/fibonacci__rosidl_typesupport_introspection_cpp.hpp
[2.051s] -- Up-to-date symlink: /home/koki/ros2_studies_ws/install/example_interfaces/include/example_interfaces/msg/bool__rosidl_typesupport_introspection_cpp.hpp
[2.051s] -- Up-to-date symlink: /home/koki/ros2_studies_ws/install/example_interfaces/include/example_interfaces/msg/byte__rosidl_typesupport_introspection_cpp.hpp
[2.052s] -- Up-to-date symlink: /home/koki/ros2_studies_ws/install/example_interfaces/include/example_interfaces/msg/byte_multi_array__rosidl_typesupport_introspection_cpp.hpp
[2.052s] -- Up-to-date symlink: /home/koki/ros2_studies_ws/install/example_interfaces/include/example_interfaces/msg/char__rosidl_typesupport_introspection_cpp.hpp
[2.052s] -- Up-to-date symlink: /home/koki/ros2_studies_ws/install/example_interfaces/include/example_interfaces/msg/empty__rosidl_typesupport_introspection_cpp.hpp
[2.052s] -- Up-to-date symlink: /home/koki/ros2_studies_ws/install/example_interfaces/include/example_interfaces/msg/float32__rosidl_typesupport_introspection_cpp.hpp
[2.052s] -- Up-to-date symlink: /home/koki/ros2_studies_ws/install/example_interfaces/include/example_interfaces/msg/float32_multi_array__rosidl_typesupport_introspection_cpp.hpp
[2.052s] -- Up-to-date symlink: /home/koki/ros2_studies_ws/install/example_interfaces/include/example_interfaces/msg/float64__rosidl_typesupport_introspection_cpp.hpp
[2.052s] -- Up-to-date symlink: /home/koki/ros2_studies_ws/install/example_interfaces/include/example_interfaces/msg/float64_multi_array__rosidl_typesupport_introspection_cpp.hpp
[2.052s] -- Up-to-date symlink: /home/koki/ros2_studies_ws/install/example_interfaces/include/example_interfaces/msg/int16__rosidl_typesupport_introspection_cpp.hpp
[2.053s] -- Up-to-date symlink: /home/koki/ros2_studies_ws/install/example_interfaces/include/example_interfaces/msg/int16_multi_array__rosidl_typesupport_introspection_cpp.hpp
[2.053s] -- Up-to-date symlink: /home/koki/ros2_studies_ws/install/example_interfaces/include/example_interfaces/msg/int32__rosidl_typesupport_introspection_cpp.hpp
[2.053s] -- Up-to-date symlink: /home/koki/ros2_studies_ws/install/example_interfaces/include/example_interfaces/msg/int32_multi_array__rosidl_typesupport_introspection_cpp.hpp
[2.053s] -- Up-to-date symlink: /home/koki/ros2_studies_ws/install/example_interfaces/include/example_interfaces/msg/int64__rosidl_typesupport_introspection_cpp.hpp
[2.053s] -- Up-to-date symlink: /home/koki/ros2_studies_ws/install/example_interfaces/include/example_interfaces/msg/int64_multi_array__rosidl_typesupport_introspection_cpp.hpp
[2.053s] -- Up-to-date symlink: /home/koki/ros2_studies_ws/install/example_interfaces/include/example_interfaces/msg/int8__rosidl_typesupport_introspection_cpp.hpp
[2.053s] -- Up-to-date symlink: /home/koki/ros2_studies_ws/install/example_interfaces/include/example_interfaces/msg/int8_multi_array__rosidl_typesupport_introspection_cpp.hpp
[2.053s] -- Up-to-date symlink: /home/koki/ros2_studies_ws/install/example_interfaces/include/example_interfaces/msg/multi_array_dimension__rosidl_typesupport_introspection_cpp.hpp
[2.054s] -- Up-to-date symlink: /home/koki/ros2_studies_ws/install/example_interfaces/include/example_interfaces/msg/multi_array_layout__rosidl_typesupport_introspection_cpp.hpp
[2.054s] -- Up-to-date symlink: /home/koki/ros2_studies_ws/install/example_interfaces/include/example_interfaces/msg/string__rosidl_typesupport_introspection_cpp.hpp
[2.054s] -- Up-to-date symlink: /home/koki/ros2_studies_ws/install/example_interfaces/include/example_interfaces/msg/u_int16__rosidl_typesupport_introspection_cpp.hpp
[2.054s] -- Up-to-date symlink: /home/koki/ros2_studies_ws/install/example_interfaces/include/example_interfaces/msg/u_int16_multi_array__rosidl_typesupport_introspection_cpp.hpp
[2.054s] -- Up-to-date symlink: /home/koki/ros2_studies_ws/install/example_interfaces/include/example_interfaces/msg/u_int32__rosidl_typesupport_introspection_cpp.hpp
[2.054s] -- Up-to-date symlink: /home/koki/ros2_studies_ws/install/example_interfaces/include/example_interfaces/msg/u_int32_multi_array__rosidl_typesupport_introspection_cpp.hpp
[2.054s] -- Up-to-date symlink: /home/koki/ros2_studies_ws/install/example_interfaces/include/example_interfaces/msg/u_int64__rosidl_typesupport_introspection_cpp.hpp
[2.054s] -- Up-to-date symlink: /home/koki/ros2_studies_ws/install/example_interfaces/include/example_interfaces/msg/u_int64_multi_array__rosidl_typesupport_introspection_cpp.hpp
[2.055s] -- Up-to-date symlink: /home/koki/ros2_studies_ws/install/example_interfaces/include/example_interfaces/msg/u_int8__rosidl_typesupport_introspection_cpp.hpp
[2.055s] -- Up-to-date symlink: /home/koki/ros2_studies_ws/install/example_interfaces/include/example_interfaces/msg/u_int8_multi_array__rosidl_typesupport_introspection_cpp.hpp
[2.055s] -- Up-to-date symlink: /home/koki/ros2_studies_ws/install/example_interfaces/include/example_interfaces/msg/w_string__rosidl_typesupport_introspection_cpp.hpp
[2.055s] -- Up-to-date symlink: /home/koki/ros2_studies_ws/install/example_interfaces/include/example_interfaces/srv/add_two_ints__rosidl_typesupport_introspection_cpp.hpp
[2.055s] -- Up-to-date symlink: /home/koki/ros2_studies_ws/install/example_interfaces/include/example_interfaces/srv/set_bool__rosidl_typesupport_introspection_cpp.hpp
[2.055s] -- Up-to-date symlink: /home/koki/ros2_studies_ws/install/example_interfaces/include/example_interfaces/srv/trigger__rosidl_typesupport_introspection_cpp.hpp
[2.055s] -- Up-to-date symlink: /home/koki/ros2_studies_ws/install/example_interfaces/lib/libexample_interfaces__rosidl_typesupport_introspection_cpp.so
[2.056s] -- Up-to-date symlink: /home/koki/ros2_studies_ws/install/example_interfaces/share/example_interfaces/environment/pythonpath.sh
[2.056s] -- Up-to-date symlink: /home/koki/ros2_studies_ws/install/example_interfaces/lib/python3.6/site-packages/example_interfaces/__init__.py
[2.056s] -- Up-to-date symlink: /home/koki/ros2_studies_ws/install/example_interfaces/lib/python3.6/site-packages/example_interfaces/action/__init__.py
[2.056s] -- Up-to-date symlink: /home/koki/ros2_studies_ws/install/example_interfaces/lib/python3.6/site-packages/example_interfaces/action/_fibonacci.py
[2.057s] -- Up-to-date symlink: /home/koki/ros2_studies_ws/install/example_interfaces/lib/python3.6/site-packages/example_interfaces/msg/__init__.py
[2.057s] -- Up-to-date symlink: /home/koki/ros2_studies_ws/install/example_interfaces/lib/python3.6/site-packages/example_interfaces/msg/_bool.py
[2.057s] -- Up-to-date symlink: /home/koki/ros2_studies_ws/install/example_interfaces/lib/python3.6/site-packages/example_interfaces/msg/_byte.py
[2.057s] -- Up-to-date symlink: /home/koki/ros2_studies_ws/install/example_interfaces/lib/python3.6/site-packages/example_interfaces/msg/_byte_multi_array.py
[2.058s] -- Up-to-date symlink: /home/koki/ros2_studies_ws/install/example_interfaces/lib/python3.6/site-packages/example_interfaces/msg/_char.py
[2.058s] -- Up-to-date symlink: /home/koki/ros2_studies_ws/install/example_interfaces/lib/python3.6/site-packages/example_interfaces/msg/_empty.py
[2.058s] -- Up-to-date symlink: /home/koki/ros2_studies_ws/install/example_interfaces/lib/python3.6/site-packages/example_interfaces/msg/_float32.py
[2.058s] -- Up-to-date symlink: /home/koki/ros2_studies_ws/install/example_interfaces/lib/python3.6/site-packages/example_interfaces/msg/_float32_multi_array.py
[2.058s] -- Up-to-date symlink: /home/koki/ros2_studies_ws/install/example_interfaces/lib/python3.6/site-packages/example_interfaces/msg/_float64.py
[2.058s] -- Up-to-date symlink: /home/koki/ros2_studies_ws/install/example_interfaces/lib/python3.6/site-packages/example_interfaces/msg/_float64_multi_array.py
[2.058s] -- Up-to-date symlink: /home/koki/ros2_studies_ws/install/example_interfaces/lib/python3.6/site-packages/example_interfaces/msg/_int16.py
[2.059s] -- Up-to-date symlink: /home/koki/ros2_studies_ws/install/example_interfaces/lib/python3.6/site-packages/example_interfaces/msg/_int16_multi_array.py
[2.059s] -- Up-to-date symlink: /home/koki/ros2_studies_ws/install/example_interfaces/lib/python3.6/site-packages/example_interfaces/msg/_int32.py
[2.059s] -- Up-to-date symlink: /home/koki/ros2_studies_ws/install/example_interfaces/lib/python3.6/site-packages/example_interfaces/msg/_int32_multi_array.py
[2.059s] -- Up-to-date symlink: /home/koki/ros2_studies_ws/install/example_interfaces/lib/python3.6/site-packages/example_interfaces/msg/_int64.py
[2.059s] -- Up-to-date symlink: /home/koki/ros2_studies_ws/install/example_interfaces/lib/python3.6/site-packages/example_interfaces/msg/_int64_multi_array.py
[2.059s] -- Up-to-date symlink: /home/koki/ros2_studies_ws/install/example_interfaces/lib/python3.6/site-packages/example_interfaces/msg/_int8.py
[2.059s] -- Up-to-date symlink: /home/koki/ros2_studies_ws/install/example_interfaces/lib/python3.6/site-packages/example_interfaces/msg/_int8_multi_array.py
[2.059s] -- Up-to-date symlink: /home/koki/ros2_studies_ws/install/example_interfaces/lib/python3.6/site-packages/example_interfaces/msg/_multi_array_dimension.py
[2.060s] -- Up-to-date symlink: /home/koki/ros2_studies_ws/install/example_interfaces/lib/python3.6/site-packages/example_interfaces/msg/_multi_array_layout.py
[2.060s] -- Up-to-date symlink: /home/koki/ros2_studies_ws/install/example_interfaces/lib/python3.6/site-packages/example_interfaces/msg/_string.py
[2.060s] -- Up-to-date symlink: /home/koki/ros2_studies_ws/install/example_interfaces/lib/python3.6/site-packages/example_interfaces/msg/_u_int16.py
[2.060s] -- Up-to-date symlink: /home/koki/ros2_studies_ws/install/example_interfaces/lib/python3.6/site-packages/example_interfaces/msg/_u_int16_multi_array.py
[2.060s] -- Up-to-date symlink: /home/koki/ros2_studies_ws/install/example_interfaces/lib/python3.6/site-packages/example_interfaces/msg/_u_int32.py
[2.060s] -- Up-to-date symlink: /home/koki/ros2_studies_ws/install/example_interfaces/lib/python3.6/site-packages/example_interfaces/msg/_u_int32_multi_array.py
[2.060s] -- Up-to-date symlink: /home/koki/ros2_studies_ws/install/example_interfaces/lib/python3.6/site-packages/example_interfaces/msg/_u_int64.py
[2.060s] -- Up-to-date symlink: /home/koki/ros2_studies_ws/install/example_interfaces/lib/python3.6/site-packages/example_interfaces/msg/_u_int64_multi_array.py
[2.061s] -- Up-to-date symlink: /home/koki/ros2_studies_ws/install/example_interfaces/lib/python3.6/site-packages/example_interfaces/msg/_u_int8.py
[2.061s] -- Up-to-date symlink: /home/koki/ros2_studies_ws/install/example_interfaces/lib/python3.6/site-packages/example_interfaces/msg/_u_int8_multi_array.py
[2.061s] -- Up-to-date symlink: /home/koki/ros2_studies_ws/install/example_interfaces/lib/python3.6/site-packages/example_interfaces/msg/_w_string.py
[2.061s] -- Up-to-date symlink: /home/koki/ros2_studies_ws/install/example_interfaces/lib/python3.6/site-packages/example_interfaces/srv/__init__.py
[2.061s] -- Up-to-date symlink: /home/koki/ros2_studies_ws/install/example_interfaces/lib/python3.6/site-packages/example_interfaces/srv/_add_two_ints.py
[2.061s] -- Up-to-date symlink: /home/koki/ros2_studies_ws/install/example_interfaces/lib/python3.6/site-packages/example_interfaces/srv/_set_bool.py
[2.062s] -- Up-to-date symlink: /home/koki/ros2_studies_ws/install/example_interfaces/lib/python3.6/site-packages/example_interfaces/srv/_trigger.py
[2.062s] -- Up-to-date symlink: /home/koki/ros2_studies_ws/install/example_interfaces/lib/python3.6/site-packages/example_interfaces/example_interfaces_s__rosidl_typesupport_c.cpython-36m-x86_64-linux-gnu.so
[2.062s] -- Up-to-date symlink: /home/koki/ros2_studies_ws/install/example_interfaces/lib/python3.6/site-packages/example_interfaces/example_interfaces_s__rosidl_typesupport_introspection_c.cpython-36m-x86_64-linux-gnu.so
[2.062s] -- Up-to-date symlink: /home/koki/ros2_studies_ws/install/example_interfaces/lib/python3.6/site-packages/example_interfaces/example_interfaces_s__rosidl_typesupport_fastrtps_c.cpython-36m-x86_64-linux-gnu.so
[2.063s] -- Up-to-date symlink: /home/koki/ros2_studies_ws/install/example_interfaces/lib/libexample_interfaces__python.so
[2.063s] -- Up-to-date symlink: /home/koki/ros2_studies_ws/install/example_interfaces/share/example_interfaces/action/Fibonacci.idl
[2.063s] -- Up-to-date symlink: /home/koki/ros2_studies_ws/install/example_interfaces/share/example_interfaces/msg/Bool.idl
[2.063s] -- Up-to-date symlink: /home/koki/ros2_studies_ws/install/example_interfaces/share/example_interfaces/msg/Byte.idl
[2.064s] -- Up-to-date symlink: /home/koki/ros2_studies_ws/install/example_interfaces/share/example_interfaces/msg/ByteMultiArray.idl
[2.064s] -- Up-to-date symlink: /home/koki/ros2_studies_ws/install/example_interfaces/share/example_interfaces/msg/Char.idl
[2.064s] -- Up-to-date symlink: /home/koki/ros2_studies_ws/install/example_interfaces/share/example_interfaces/msg/Empty.idl
[2.064s] -- Up-to-date symlink: /home/koki/ros2_studies_ws/install/example_interfaces/share/example_interfaces/msg/Float32.idl
[2.064s] -- Up-to-date symlink: /home/koki/ros2_studies_ws/install/example_interfaces/share/example_interfaces/msg/Float32MultiArray.idl
[2.065s] -- Up-to-date symlink: /home/koki/ros2_studies_ws/install/example_interfaces/share/example_interfaces/msg/Float64.idl
[2.065s] -- Up-to-date symlink: /home/koki/ros2_studies_ws/install/example_interfaces/share/example_interfaces/msg/Float64MultiArray.idl
[2.065s] -- Up-to-date symlink: /home/koki/ros2_studies_ws/install/example_interfaces/share/example_interfaces/msg/Int16.idl
[2.065s] -- Up-to-date symlink: /home/koki/ros2_studies_ws/install/example_interfaces/share/example_interfaces/msg/Int16MultiArray.idl
[2.065s] -- Up-to-date symlink: /home/koki/ros2_studies_ws/install/example_interfaces/share/example_interfaces/msg/Int32.idl
[2.066s] -- Up-to-date symlink: /home/koki/ros2_studies_ws/install/example_interfaces/share/example_interfaces/msg/Int32MultiArray.idl
[2.066s] -- Up-to-date symlink: /home/koki/ros2_studies_ws/install/example_interfaces/share/example_interfaces/msg/Int64.idl
[2.066s] -- Up-to-date symlink: /home/koki/ros2_studies_ws/install/example_interfaces/share/example_interfaces/msg/Int64MultiArray.idl
[2.066s] -- Up-to-date symlink: /home/koki/ros2_studies_ws/install/example_interfaces/share/example_interfaces/msg/Int8.idl
[2.066s] -- Up-to-date symlink: /home/koki/ros2_studies_ws/install/example_interfaces/share/example_interfaces/msg/Int8MultiArray.idl
[2.067s] -- Up-to-date symlink: /home/koki/ros2_studies_ws/install/example_interfaces/share/example_interfaces/msg/MultiArrayDimension.idl
[2.067s] -- Up-to-date symlink: /home/koki/ros2_studies_ws/install/example_interfaces/share/example_interfaces/msg/MultiArrayLayout.idl
[2.067s] -- Up-to-date symlink: /home/koki/ros2_studies_ws/install/example_interfaces/share/example_interfaces/msg/String.idl
[2.067s] -- Up-to-date symlink: /home/koki/ros2_studies_ws/install/example_interfaces/share/example_interfaces/msg/UInt16.idl
[2.067s] -- Up-to-date symlink: /home/koki/ros2_studies_ws/install/example_interfaces/share/example_interfaces/msg/UInt16MultiArray.idl
[2.068s] -- Up-to-date symlink: /home/koki/ros2_studies_ws/install/example_interfaces/share/example_interfaces/msg/UInt32.idl
[2.068s] -- Up-to-date symlink: /home/koki/ros2_studies_ws/install/example_interfaces/share/example_interfaces/msg/UInt32MultiArray.idl
[2.068s] -- Up-to-date symlink: /home/koki/ros2_studies_ws/install/example_interfaces/share/example_interfaces/msg/UInt64.idl
[2.068s] -- Up-to-date symlink: /home/koki/ros2_studies_ws/install/example_interfaces/share/example_interfaces/msg/UInt64MultiArray.idl
[2.068s] -- Up-to-date symlink: /home/koki/ros2_studies_ws/install/example_interfaces/share/example_interfaces/msg/UInt8.idl
[2.068s] -- Up-to-date symlink: /home/koki/ros2_studies_ws/install/example_interfaces/share/example_interfaces/msg/UInt8MultiArray.idl
[2.069s] -- Up-to-date symlink: /home/koki/ros2_studies_ws/install/example_interfaces/share/example_interfaces/msg/WString.idl
[2.069s] -- Up-to-date symlink: /home/koki/ros2_studies_ws/install/example_interfaces/share/example_interfaces/srv/AddTwoInts.idl
[2.069s] -- Up-to-date symlink: /home/koki/ros2_studies_ws/install/example_interfaces/share/example_interfaces/srv/SetBool.idl
[2.069s] -- Up-to-date symlink: /home/koki/ros2_studies_ws/install/example_interfaces/share/example_interfaces/srv/Trigger.idl
[2.069s] -- Up-to-date symlink: /home/koki/ros2_studies_ws/install/example_interfaces/share/example_interfaces/action/Fibonacci.action
[2.070s] -- Up-to-date symlink: /home/koki/ros2_studies_ws/install/example_interfaces/share/example_interfaces/msg/Bool.msg
[2.070s] -- Up-to-date symlink: /home/koki/ros2_studies_ws/install/example_interfaces/share/example_interfaces/msg/Byte.msg
[2.070s] -- Up-to-date symlink: /home/koki/ros2_studies_ws/install/example_interfaces/share/example_interfaces/msg/ByteMultiArray.msg
[2.070s] -- Up-to-date symlink: /home/koki/ros2_studies_ws/install/example_interfaces/share/example_interfaces/msg/Char.msg
[2.070s] -- Up-to-date symlink: /home/koki/ros2_studies_ws/install/example_interfaces/share/example_interfaces/msg/Empty.msg
[2.070s] -- Up-to-date symlink: /home/koki/ros2_studies_ws/install/example_interfaces/share/example_interfaces/msg/Float32.msg
[2.071s] -- Up-to-date symlink: /home/koki/ros2_studies_ws/install/example_interfaces/share/example_interfaces/msg/Float32MultiArray.msg
[2.071s] -- Up-to-date symlink: /home/koki/ros2_studies_ws/install/example_interfaces/share/example_interfaces/msg/Float64.msg
[2.071s] -- Up-to-date symlink: /home/koki/ros2_studies_ws/install/example_interfaces/share/example_interfaces/msg/Float64MultiArray.msg
[2.071s] -- Up-to-date symlink: /home/koki/ros2_studies_ws/install/example_interfaces/share/example_interfaces/msg/Int16.msg
[2.071s] -- Up-to-date symlink: /home/koki/ros2_studies_ws/install/example_interfaces/share/example_interfaces/msg/Int16MultiArray.msg
[2.072s] -- Up-to-date symlink: /home/koki/ros2_studies_ws/install/example_interfaces/share/example_interfaces/msg/Int32.msg
[2.072s] -- Up-to-date symlink: /home/koki/ros2_studies_ws/install/example_interfaces/share/example_interfaces/msg/Int32MultiArray.msg
[2.072s] -- Up-to-date symlink: /home/koki/ros2_studies_ws/install/example_interfaces/share/example_interfaces/msg/Int64.msg
[2.072s] -- Up-to-date symlink: /home/koki/ros2_studies_ws/install/example_interfaces/share/example_interfaces/msg/Int64MultiArray.msg
[2.072s] -- Up-to-date symlink: /home/koki/ros2_studies_ws/install/example_interfaces/share/example_interfaces/msg/Int8.msg
[2.072s] -- Up-to-date symlink: /home/koki/ros2_studies_ws/install/example_interfaces/share/example_interfaces/msg/Int8MultiArray.msg
[2.073s] -- Up-to-date symlink: /home/koki/ros2_studies_ws/install/example_interfaces/share/example_interfaces/msg/MultiArrayDimension.msg
[2.073s] -- Up-to-date symlink: /home/koki/ros2_studies_ws/install/example_interfaces/share/example_interfaces/msg/MultiArrayLayout.msg
[2.073s] -- Up-to-date symlink: /home/koki/ros2_studies_ws/install/example_interfaces/share/example_interfaces/msg/String.msg
[2.073s] -- Up-to-date symlink: /home/koki/ros2_studies_ws/install/example_interfaces/share/example_interfaces/msg/UInt16.msg
[2.073s] -- Up-to-date symlink: /home/koki/ros2_studies_ws/install/example_interfaces/share/example_interfaces/msg/UInt16MultiArray.msg
[2.074s] -- Up-to-date symlink: /home/koki/ros2_studies_ws/install/example_interfaces/share/example_interfaces/msg/UInt32.msg
[2.074s] -- Up-to-date symlink: /home/koki/ros2_studies_ws/install/example_interfaces/share/example_interfaces/msg/UInt32MultiArray.msg
[2.074s] -- Up-to-date symlink: /home/koki/ros2_studies_ws/install/example_interfaces/share/example_interfaces/msg/UInt64.msg
[2.074s] -- Up-to-date symlink: /home/koki/ros2_studies_ws/install/example_interfaces/share/example_interfaces/msg/UInt64MultiArray.msg
[2.074s] -- Up-to-date symlink: /home/koki/ros2_studies_ws/install/example_interfaces/share/example_interfaces/msg/UInt8.msg
[2.074s] -- Up-to-date symlink: /home/koki/ros2_studies_ws/install/example_interfaces/share/example_interfaces/msg/UInt8MultiArray.msg
[2.075s] -- Up-to-date symlink: /home/koki/ros2_studies_ws/install/example_interfaces/share/example_interfaces/msg/WString.msg
[2.075s] -- Up-to-date symlink: /home/koki/ros2_studies_ws/install/example_interfaces/share/example_interfaces/srv/AddTwoInts.srv
[2.075s] -- Up-to-date symlink: /home/koki/ros2_studies_ws/install/example_interfaces/share/example_interfaces/srv/AddTwoInts_Request.msg
[2.075s] -- Up-to-date symlink: /home/koki/ros2_studies_ws/install/example_interfaces/share/example_interfaces/srv/AddTwoInts_Response.msg
[2.075s] -- Up-to-date symlink: /home/koki/ros2_studies_ws/install/example_interfaces/share/example_interfaces/srv/SetBool.srv
[2.076s] -- Up-to-date symlink: /home/koki/ros2_studies_ws/install/example_interfaces/share/example_interfaces/srv/SetBool_Request.msg
[2.076s] -- Up-to-date symlink: /home/koki/ros2_studies_ws/install/example_interfaces/share/example_interfaces/srv/SetBool_Response.msg
[2.076s] -- Up-to-date symlink: /home/koki/ros2_studies_ws/install/example_interfaces/share/example_interfaces/srv/Trigger.srv
[2.076s] -- Up-to-date symlink: /home/koki/ros2_studies_ws/install/example_interfaces/share/example_interfaces/srv/Trigger_Request.msg
[2.076s] -- Up-to-date symlink: /home/koki/ros2_studies_ws/install/example_interfaces/share/example_interfaces/srv/Trigger_Response.msg
[2.076s] -- Up-to-date symlink: /home/koki/ros2_studies_ws/install/example_interfaces/share/example_interfaces/mapping_rules.yaml
[2.077s] -- Up-to-date symlink: /home/koki/ros2_studies_ws/install/example_interfaces/share/ament_index/resource_index/package_run_dependencies/example_interfaces
[2.077s] -- Up-to-date symlink: /home/koki/ros2_studies_ws/install/example_interfaces/share/ament_index/resource_index/parent_prefix_path/example_interfaces
[2.077s] -- Up-to-date symlink: /home/koki/ros2_studies_ws/install/example_interfaces/share/example_interfaces/environment/ament_prefix_path.sh
[2.077s] -- Up-to-date symlink: /home/koki/ros2_studies_ws/install/example_interfaces/share/example_interfaces/environment/path.sh
[2.078s] -- Up-to-date symlink: /home/koki/ros2_studies_ws/install/example_interfaces/share/example_interfaces/local_setup.bash
[2.078s] -- Up-to-date symlink: /home/koki/ros2_studies_ws/install/example_interfaces/share/example_interfaces/local_setup.sh
[2.078s] -- Up-to-date symlink: /home/koki/ros2_studies_ws/install/example_interfaces/share/example_interfaces/local_setup.zsh
[2.078s] -- Up-to-date symlink: /home/koki/ros2_studies_ws/install/example_interfaces/share/ament_index/resource_index/packages/example_interfaces
[2.079s] -- Up-to-date symlink: /home/koki/ros2_studies_ws/install/example_interfaces/share/example_interfaces/cmake/rosidl_cmake-extras.cmake
[2.079s] -- Up-to-date symlink: /home/koki/ros2_studies_ws/install/example_interfaces/share/example_interfaces/cmake/ament_cmake_export_dependencies-extras.cmake
[2.079s] -- Up-to-date symlink: /home/koki/ros2_studies_ws/install/example_interfaces/share/example_interfaces/cmake/ament_cmake_export_libraries-extras.cmake
[2.079s] -- Up-to-date symlink: /home/koki/ros2_studies_ws/install/example_interfaces/share/example_interfaces/cmake/ament_cmake_export_include_directories-extras.cmake
[2.079s] -- Up-to-date symlink: /home/koki/ros2_studies_ws/install/example_interfaces/share/example_interfaces/cmake/example_interfacesConfig.cmake
[2.079s] -- Up-to-date symlink: /home/koki/ros2_studies_ws/install/example_interfaces/share/example_interfaces/cmake/example_interfacesConfig-version.cmake
[2.079s] -- Up-to-date symlink: /home/koki/ros2_studies_ws/install/example_interfaces/share/example_interfaces/package.xml
[2.176s] Invoked command in '/home/koki/ros2_studies_ws/build/example_interfaces' returned '0': CMAKE_PREFIX_PATH=${CMAKE_PREFIX_PATH}:/home/koki/ros2_studies_ws/install/ros2_demo_py:/opt/ros/dashing:/home/koki/ros2_dashing/install/ros2bag:/home/koki/ros2_dashing/install/topic_monitor:/home/koki/ros2_dashing/install/sros2:/home/koki/ros2_dashing/install/rqt_topic:/home/koki/ros2_dashing/install/rqt_action:/home/koki/ros2_dashing/install/rqt:/home/koki/ros2_dashing/install/rqt_graph:/home/koki/ros2_dashing/install/rqt_gui_py:/home/koki/ros2_dashing/install/rqt_gui:/home/koki/ros2_dashing/install/ros2topic:/home/koki/ros2_dashing/install/ros2test:/home/koki/ros2_dashing/install/ros2component:/home/koki/ros2_dashing/install/ros2param:/home/koki/ros2_dashing/install/ros2lifecycle:/home/koki/ros2_dashing/install/ros2service:/home/koki/ros2_dashing/install/ros2srv:/home/koki/ros2_dashing/install/ros2run:/home/koki/ros2_dashing/install/ros2launch:/home/koki/ros2_dashing/install/ros2pkg:/home/koki/ros2_dashing/install/ros2node:/home/koki/ros2_dashing/install/ros2multicast:/home/koki/ros2_dashing/install/ros2msg:/home/koki/ros2_dashing/install/ros2action:/home/koki/ros2_dashing/install/ros2cli:/home/koki/ros2_dashing/install/quality_of_service_demo_py:/home/koki/ros2_dashing/install/launch_testing_ros:/home/koki/ros2_dashing/install/launch_ros:/home/koki/ros2_dashing/install/examples_rclpy_minimal_subscriber:/home/koki/ros2_dashing/install/examples_rclpy_minimal_service:/home/koki/ros2_dashing/install/examples_rclpy_minimal_publisher:/home/koki/ros2_dashing/install/examples_rclpy_minimal_client:/home/koki/ros2_dashing/install/examples_rclpy_minimal_action_server:/home/koki/ros2_dashing/install/examples_rclpy_minimal_action_client:/home/koki/ros2_dashing/install/examples_rclpy_executors:/home/koki/ros2_dashing/install/demo_nodes_py:/home/koki/ros2_dashing/install/ament_uncrustify:/home/koki/ros2_dashing/install/test_launch_ros:/home/koki/ros2_dashing/install/rosidl_runtime_py:/home/koki/ros2_dashing/install/launch_testing:/home/koki/ros2_dashing/install/launch:/home/koki/ros2_dashing/install/osrf_pycommon:/home/koki/ros2_dashing/install/ament_xmllint:/home/koki/ros2_dashing/install/ament_pyflakes:/home/koki/ros2_dashing/install/ament_pep8:/home/koki/ros2_dashing/install/ament_pep257:/home/koki/ros2_dashing/install/ament_pclint:/home/koki/ros2_dashing/install/ament_package:/home/koki/ros2_dashing/install/ament_lint_cmake:/home/koki/ros2_dashing/install/ament_flake8:/home/koki/ros2_dashing/install/ament_copyright:/home/koki/ros2_dashing/install/ament_lint:/home/koki/ros2_dashing/install/ament_index_python:/home/koki/ros2_dashing/install/ament_cpplint:/home/koki/ros2_dashing/install/ament_cppcheck:/home/koki/ros2_dashing/install/ament_clang_tidy:/home/koki/ros2_dashing/install/ament_clang_format /usr/bin/cmake --build /home/koki/ros2_studies_ws/build/example_interfaces --target install -- -j8 -l8
